2025-05-02 17:36:46,432 - __main__ - INFO - Initializing AlphaZero trainer
2025-05-02 17:36:46,433 - __main__ - INFO - Debug mode: False
2025-05-02 17:36:50,292 - __main__ - INFO - Environment initialized with state_dim=162, action_dim=88
2025-05-02 17:36:50,293 - __main__ - INFO - Training parameters: lr=0.001, weight_decay=0.0001, batch_size=2048, replay_size=10000, num_simulations=40
2025-05-02 17:36:50,293 - __main__ - INFO - ==================================================
2025-05-02 17:36:50,525 - __main__ - INFO - Loaded model from iteration 4
2025-05-02 17:36:50,531 - __main__ - INFO - Starting AlphaZero training from iteration 5 for 3 iterations
2025-05-02 17:36:50,531 - __main__ - INFO - Starting iteration 5/7
2025-05-02 17:36:50,532 - __main__ - INFO - Starting self-play phase
2025-05-02 17:36:50,551 - __main__ - INFO - Starting game 1/30
2025-05-02 17:38:52,085 - __main__ - INFO - Player performance summary:
2025-05-02 17:38:52,086 - __main__ - INFO - Player 0: Score=17, Total Reward=118.25626504987963, Nobles=0, Sets=0, Efficiency=0.42105263157894735
2025-05-02 17:38:52,086 - __main__ - INFO - Player 1: Score=5, Total Reward=67.80000000000003, Nobles=0, Sets=0, Efficiency=1.0
2025-05-02 17:38:52,086 - __main__ - INFO - Player 2: Score=3, Total Reward=65.62121212121217, Nobles=0, Sets=0, Efficiency=1.0
2025-05-02 17:38:52,087 - __main__ - INFO - Player 3: Score=2, Total Reward=62.971428571428646, Nobles=0, Sets=0, Efficiency=1.0
2025-05-02 17:38:52,087 - __main__ - INFO - Game 1 completed in 336 steps.
2025-05-02 17:38:52,087 - __main__ - INFO - Scores: [17, 5, 3, 2], Total Env Rewards: [118.25626504987963, 67.80000000000003, 65.62121212121217, 62.971428571428646], Winners: [0]
2025-05-02 17:38:52,104 - __main__ - INFO - Starting game 2/30
2025-05-02 17:42:14,977 - __main__ - INFO - Game 2 completed in 733 steps.
2025-05-02 17:42:14,978 - __main__ - INFO - Scores: [16, 7, 0, 8], Total Env Rewards: [168.00145965145947, 132.79545454545408, 112.39999999999964, 138.30992063492005], Winners: [0]
2025-05-02 17:42:14,997 - __main__ - INFO - Starting game 3/30
2025-05-02 17:49:32,143 - __main__ - INFO - Game 3 completed in 1000 steps.
2025-05-02 17:49:32,144 - __main__ - INFO - Scores: [7, 3, 5, 7], Total Env Rewards: [173.41212121212035, 164.257142857142, 164.3630952380944, 158.3950382950382], Winners: [0 3]
2025-05-02 17:49:32,169 - __main__ - INFO - Starting game 4/30
2025-05-02 17:50:56,434 - __main__ - INFO - Game 4 completed in 275 steps.
2025-05-02 17:50:56,435 - __main__ - INFO - Scores: [2, 0, 15, 11], Total Env Rewards: [48.20000000000007, 43.60000000000005, 104.40187303666406, 96.2508538030597], Winners: [2]
2025-05-02 17:50:56,451 - __main__ - INFO - Starting game 5/30
2025-05-02 17:53:28,765 - __main__ - INFO - Game 5 completed in 542 steps.
2025-05-02 17:53:28,766 - __main__ - INFO - Scores: [4, 3, 11, 17], Total Env Rewards: [96.97777777777765, 96.99999999999989, 109.32977022977029, 118.63251789060612], Winners: [3]
2025-05-02 17:53:28,784 - __main__ - INFO - Starting game 6/30
2025-05-02 17:56:46,127 - __main__ - INFO - Game 6 completed in 710 steps.
2025-05-02 17:56:46,128 - __main__ - INFO - Scores: [21, 2, 0, 3], Total Env Rewards: [187.90038774864612, 120.08888888888849, 105.9999999999997, 116.39999999999968], Winners: [0]
2025-05-02 17:56:46,146 - __main__ - INFO - Starting game 7/30
2025-05-02 18:00:21,143 - __main__ - INFO - Game 7 completed in 468 steps.
2025-05-02 18:00:21,144 - __main__ - INFO - Scores: [4, 17, 9, 10], Total Env Rewards: [81.99999999999994, 126.19877622377616, 98.1760128760129, 101.64676989676997], Winners: [1]
2025-05-02 18:00:21,166 - __main__ - INFO - Starting game 8/30
2025-05-02 18:03:32,622 - __main__ - INFO - Game 8 completed in 599 steps.
2025-05-02 18:03:32,623 - __main__ - INFO - Scores: [3, 3, 16, 3], Total Env Rewards: [97.39999999999984, 105.88888888888857, 149.37339376309978, 106.59999999999974], Winners: [2]
2025-05-02 18:03:32,641 - __main__ - INFO - Starting game 9/30
2025-05-02 18:06:35,510 - __main__ - INFO - Game 9 completed in 647 steps.
2025-05-02 18:06:35,510 - __main__ - INFO - Scores: [0, 15, 1, 14], Total Env Rewards: [101.39999999999975, 152.67543339013915, 102.99999999999974, 152.45846930846886], Winners: [1]
2025-05-02 18:06:35,534 - __main__ - INFO - Starting game 10/30
2025-05-02 18:09:08,939 - __main__ - INFO - Game 10 completed in 515 steps.
2025-05-02 18:09:08,940 - __main__ - INFO - Scores: [3, 11, 0, 16], Total Env Rewards: [94.65714285714263, 104.19719226851578, 79.39999999999996, 123.95605029215709], Winners: [3]
2025-05-02 18:09:08,960 - __main__ - INFO - Starting game 11/30
2025-05-02 18:16:44,693 - __main__ - INFO - Game 11 completed in 1000 steps.
2025-05-02 18:16:44,695 - __main__ - INFO - Scores: [5, 6, 2, 6], Total Env Rewards: [135.29583749583773, 170.82499999999908, 160.19999999999916, 180.3333333333325], Winners: [1 3]
2025-05-02 18:16:44,712 - __main__ - INFO - Starting game 12/30
2025-05-02 18:19:34,077 - __main__ - INFO - Game 12 completed in 623 steps.
2025-05-02 18:19:34,078 - __main__ - INFO - Scores: [17, 1, 5, 9], Total Env Rewards: [173.15563888725652, 100.39999999999974, 114.68888888888856, 118.02817460317438], Winners: [0]
2025-05-02 18:19:34,092 - __main__ - INFO - Starting game 13/30
2025-05-02 18:21:30,828 - __main__ - INFO - Game 13 completed in 461 steps.
2025-05-02 18:21:30,828 - __main__ - INFO - Scores: [18, 1, 1, 4], Total Env Rewards: [139.36787591493476, 74.19999999999999, 79.07499999999997, 87.36071428571421], Winners: [0]
2025-05-02 18:21:30,842 - __main__ - INFO - Starting game 14/30
2025-05-02 18:28:04,594 - __main__ - INFO - Game 14 completed in 1000 steps.
2025-05-02 18:28:04,595 - __main__ - INFO - Scores: [1, 1, 1, 2], Total Env Rewards: [164.19999999999914, 154.59999999999926, 161.59999999999917, 162.27499999999918], Winners: [3]
2025-05-02 18:28:04,610 - __main__ - INFO - Starting game 15/30
2025-05-02 18:29:06,238 - __main__ - INFO - Game 15 completed in 255 steps.
2025-05-02 18:29:06,239 - __main__ - INFO - Scores: [1, 19, 3, 1], Total Env Rewards: [43.60000000000005, 180.01586567027744, 51.00000000000005, 46.600000000000044], Winners: [1]
2025-05-02 18:29:06,254 - __main__ - INFO - Starting game 16/30
2025-05-02 18:37:52,347 - __main__ - INFO - Game 16 completed in 1000 steps.
2025-05-02 18:37:52,347 - __main__ - INFO - Scores: [6, 9, 7, 12], Total Env Rewards: [169.54999999999916, 131.43142323362972, 167.80454545454543, 190.58580031079984], Winners: [3]
2025-05-02 18:37:52,367 - __main__ - INFO - Starting game 17/30
2025-05-02 18:39:14,478 - __main__ - INFO - Game 17 completed in 309 steps.
2025-05-02 18:39:14,479 - __main__ - INFO - Scores: [0, 12, 15, 5], Total Env Rewards: [47.600000000000065, 88.39869852369857, 100.55847434729012, 70.25920745920752], Winners: [2]
2025-05-02 18:39:14,493 - __main__ - INFO - Starting game 18/30
2025-05-02 18:40:58,034 - __main__ - INFO - Game 18 completed in 371 steps.
2025-05-02 18:40:58,035 - __main__ - INFO - Scores: [3, 15, 6, 1], Total Env Rewards: [67.80000000000005, 118.83088578088582, 81.4565101565102, 63.20000000000009], Winners: [1]
2025-05-02 18:40:58,046 - __main__ - INFO - Starting game 19/30
2025-05-02 18:42:35,147 - __main__ - INFO - Game 19 completed in 344 steps.
2025-05-02 18:42:35,148 - __main__ - INFO - Scores: [7, 15, 12, 2], Total Env Rewards: [79.21565656565662, 105.83570148032226, 95.04922577422582, 60.60000000000008], Winners: [1]
2025-05-02 18:42:35,163 - __main__ - INFO - Starting game 20/30
2025-05-02 18:44:04,207 - __main__ - INFO - Game 20 completed in 347 steps.
2025-05-02 18:44:04,208 - __main__ - INFO - Scores: [6, 1, 3, 16], Total Env Rewards: [72.95205905205908, 54.000000000000085, 68.26363636363638, 108.25649125126675], Winners: [3]
2025-05-02 18:44:04,221 - __main__ - INFO - Starting game 21/30
2025-05-02 18:49:23,247 - __main__ - INFO - Game 21 completed in 1000 steps.
2025-05-02 18:49:23,247 - __main__ - INFO - Scores: [4, 9, 11, 3], Total Env Rewards: [165.03888888888807, 179.36243201243124, 185.72575757575726, 160.53120490620444], Winners: [2]
2025-05-02 18:49:23,277 - __main__ - INFO - Starting game 22/30
2025-05-02 18:52:06,604 - __main__ - INFO - Game 22 completed in 484 steps.
2025-05-02 18:52:06,605 - __main__ - INFO - Scores: [14, 17, 13, 7], Total Env Rewards: [129.05707070707064, 126.66759074259073, 126.38364413364415, 94.56666666666662], Winners: [1]
2025-05-02 18:52:06,622 - __main__ - INFO - Starting game 23/30
2025-05-02 18:55:04,364 - __main__ - INFO - Game 23 completed in 825 steps.
2025-05-02 18:55:04,365 - __main__ - INFO - Scores: [2, 3, 14, 17], Total Env Rewards: [139.49999999999943, 137.7999999999995, 121.41112014060906, 185.467693417693], Winners: [3]
2025-05-02 18:55:04,382 - __main__ - INFO - Starting game 24/30
2025-05-02 18:57:06,257 - __main__ - INFO - Game 24 completed in 453 steps.
2025-05-02 18:57:06,258 - __main__ - INFO - Scores: [1, 17, 2, 13], Total Env Rewards: [77.79999999999995, 158.1148185148185, 75.4, 108.6968573093573], Winners: [1]
2025-05-02 18:57:06,272 - __main__ - INFO - Starting game 25/30
2025-05-02 18:59:13,866 - __main__ - INFO - Game 25 completed in 552 steps.
2025-05-02 18:59:13,866 - __main__ - INFO - Scores: [1, 16, 1, 4], Total Env Rewards: [86.79999999999991, 142.219758917553, 91.45714285714271, 112.42727272727252], Winners: [1]
2025-05-02 18:59:13,881 - __main__ - INFO - Starting game 26/30
2025-05-02 19:03:28,878 - __main__ - INFO - Game 26 completed in 1000 steps.
2025-05-02 19:03:28,878 - __main__ - INFO - Scores: [1, 1, 1, 1], Total Env Rewards: [155.99999999999923, 134.62642357642343, 160.17142857142778, 160.27499999999918], Winners: [0 1 2 3]
2025-05-02 19:03:28,894 - __main__ - INFO - Starting game 27/30
2025-05-02 19:06:12,902 - __main__ - INFO - Game 27 completed in 699 steps.
2025-05-02 19:06:12,903 - __main__ - INFO - Scores: [15, 4, 0, 13], Total Env Rewards: [150.42998626330674, 122.0571428571425, 103.99999999999973, 159.3777389277387], Winners: [0]
2025-05-02 19:06:12,918 - __main__ - INFO - Starting game 28/30
2025-05-02 19:08:36,470 - __main__ - INFO - Game 28 completed in 675 steps.
2025-05-02 19:08:36,471 - __main__ - INFO - Scores: [2, 2, 5, 16], Total Env Rewards: [105.19999999999973, 106.59999999999974, 115.60571095571082, 150.94991536241528], Winners: [3]
2025-05-02 19:08:36,485 - __main__ - INFO - Starting game 29/30
2025-05-02 19:10:19,924 - __main__ - INFO - Game 29 completed in 414 steps.
2025-05-02 19:10:19,925 - __main__ - INFO - Scores: [0, 1, 5, 15], Total Env Rewards: [69.40000000000003, 72.8, 81.53849206349204, 130.78085982644816], Winners: [3]
2025-05-02 19:10:19,935 - __main__ - INFO - Starting game 30/30
2025-05-02 19:15:12,322 - __main__ - INFO - Game 30 completed in 1000 steps.
2025-05-02 19:15:12,323 - __main__ - INFO - Scores: [3, 4, 4, 2], Total Env Rewards: [163.25714285714204, 157.58607226107185, 166.5249999999991, 163.07499999999914], Winners: [1 2]
2025-05-02 19:15:12,328 - __main__ - INFO - Self-play phase completed. Average steps: 621.23
2025-05-02 19:15:12,329 - __main__ - INFO - Average scores: [6.13333333 7.33333333 5.7        8.        ], Average total rewards: [116.7808437  121.02911969 113.33266448 122.9755993 ]
2025-05-02 19:15:12,330 - __main__ - INFO - Starting training phase
2025-05-02 19:15:12,738 - __main__ - INFO - Epoch 10/100, Policy Loss: 1.7087, Value Loss: 0.5752, Total Loss: 2.2839
2025-05-02 19:15:12,825 - __main__ - INFO - Epoch 20/100, Policy Loss: 1.6436, Value Loss: 0.2276, Total Loss: 1.8713
2025-05-02 19:15:12,914 - __main__ - INFO - Epoch 30/100, Policy Loss: 1.5614, Value Loss: 0.0545, Total Loss: 1.6160
2025-05-02 19:15:13,003 - __main__ - INFO - Epoch 40/100, Policy Loss: 1.4964, Value Loss: 0.0310, Total Loss: 1.5274
2025-05-02 19:15:13,090 - __main__ - INFO - Epoch 50/100, Policy Loss: 1.5146, Value Loss: 0.0179, Total Loss: 1.5325
2025-05-02 19:15:13,175 - __main__ - INFO - Epoch 60/100, Policy Loss: 1.4584, Value Loss: 0.0140, Total Loss: 1.4724
2025-05-02 19:15:13,266 - __main__ - INFO - Epoch 70/100, Policy Loss: 1.4634, Value Loss: 0.0134, Total Loss: 1.4768
2025-05-02 19:15:13,367 - __main__ - INFO - Epoch 80/100, Policy Loss: 1.4425, Value Loss: 0.0113, Total Loss: 1.4538
2025-05-02 19:15:13,454 - __main__ - INFO - Epoch 90/100, Policy Loss: 1.4404, Value Loss: 0.0115, Total Loss: 1.4519
2025-05-02 19:15:13,537 - __main__ - INFO - Epoch 100/100, Policy Loss: 1.4137, Value Loss: 0.0102, Total Loss: 1.4239
2025-05-02 19:15:13,538 - __main__ - INFO - Training completed. Average Policy Loss: 1.5409, Average Value Loss: 0.1498, Average Total Loss: 1.6906
2025-05-02 19:15:13,538 - __main__ - INFO - Starting evaluation phase with 10 games
2025-05-02 19:17:22,238 - __main__ - INFO - Evaluation game 1/10 completed. Score: 6
2025-05-02 19:19:22,640 - __main__ - INFO - Evaluation game 2/10 completed. Score: 7
2025-05-02 19:21:31,308 - __main__ - INFO - Evaluation game 3/10 completed. Score: 0
2025-05-02 19:27:34,305 - __main__ - INFO - Evaluation game 4/10 completed. Score: 3
2025-05-02 19:32:42,380 - __main__ - INFO - Evaluation game 5/10 completed. Score: 0
2025-05-02 19:34:54,412 - __main__ - INFO - Evaluation game 6/10 completed. Score: 15
2025-05-02 19:38:14,215 - __main__ - INFO - Evaluation game 7/10 completed. Score: 10
2025-05-02 19:40:49,488 - __main__ - INFO - Evaluation game 8/10 completed. Score: 7
2025-05-02 19:47:16,712 - __main__ - INFO - Evaluation game 9/10 completed. Score: 6
2025-05-02 19:49:05,203 - __main__ - INFO - Evaluation game 10/10 completed. Score: 0
2025-05-02 19:49:05,204 - __main__ - INFO - Evaluation completed. Average score: 5.40, Win rate: 20.00%
2025-05-02 19:49:05,204 - __main__ - INFO - Evaluation results - Average score: 5.40, Win rate: 20.00%
2025-05-02 19:49:05,204 - __main__ - INFO - Starting iteration 6/7
2025-05-02 19:49:05,205 - __main__ - INFO - Starting self-play phase
2025-05-02 19:49:05,214 - __main__ - INFO - Starting game 1/30
2025-05-02 19:50:43,840 - __main__ - INFO - Player performance summary:
2025-05-02 19:50:43,841 - __main__ - INFO - Player 0: Score=0, Total Reward=61.60000000000009, Nobles=0, Sets=0, Efficiency=1.0
2025-05-02 19:50:43,841 - __main__ - INFO - Player 1: Score=9, Total Reward=81.31388888888887, Nobles=0, Sets=0, Efficiency=1.0
2025-05-02 19:50:43,841 - __main__ - INFO - Player 2: Score=15, Total Reward=100.40062527341944, Nobles=0, Sets=0, Efficiency=0.4444444444444444
2025-05-02 19:50:43,842 - __main__ - INFO - Player 3: Score=3, Total Reward=75.67121212121208, Nobles=0, Sets=0, Efficiency=1.0
2025-05-02 19:50:43,842 - __main__ - INFO - Game 1 completed in 367 steps.
2025-05-02 19:50:43,842 - __main__ - INFO - Scores: [0, 9, 15, 3], Total Env Rewards: [61.60000000000009, 81.31388888888887, 100.40062527341944, 75.67121212121208], Winners: [2]
2025-05-02 19:50:43,853 - __main__ - INFO - Starting game 2/30
2025-05-02 19:54:51,343 - __main__ - INFO - Game 2 completed in 1000 steps.
2025-05-02 19:54:51,343 - __main__ - INFO - Scores: [9, 4, 2, 2], Total Env Rewards: [178.95610778110725, 174.45714285714212, 152.54999999999936, 158.5999999999993], Winners: [0]
2025-05-02 19:54:51,359 - __main__ - INFO - Starting game 3/30
2025-05-02 19:56:51,445 - __main__ - INFO - Game 3 completed in 493 steps.
2025-05-02 19:56:51,445 - __main__ - INFO - Scores: [15, 2, 1, 3], Total Env Rewards: [133.7337579087579, 88.7638888888888, 81.19999999999993, 95.19999999999989], Winners: [0]
2025-05-02 19:56:51,464 - __main__ - INFO - Starting game 4/30
2025-05-02 19:59:16,060 - __main__ - INFO - Game 4 completed in 464 steps.
2025-05-02 19:59:16,061 - __main__ - INFO - Scores: [16, 13, 13, 2], Total Env Rewards: [111.66344488844497, 105.36984126984122, 115.24421411921409, 83.26969696969691], Winners: [0]
2025-05-02 19:59:16,077 - __main__ - INFO - Starting game 5/30
2025-05-02 20:08:06,705 - __main__ - INFO - Game 5 completed in 1000 steps.
2025-05-02 20:08:06,705 - __main__ - INFO - Scores: [5, 5, 2, 3], Total Env Rewards: [165.44545454545448, 167.56666666666575, 164.8666666666658, 161.59999999999917], Winners: [0 1]
2025-05-02 20:08:06,722 - __main__ - INFO - Starting game 6/30
2025-05-02 20:09:42,543 - __main__ - INFO - Game 6 completed in 355 steps.
2025-05-02 20:09:42,543 - __main__ - INFO - Scores: [2, 12, 1, 17], Total Env Rewards: [62.20000000000008, 90.90456847074496, 59.40000000000008, 113.12833236165284], Winners: [3]
2025-05-02 20:09:42,559 - __main__ - INFO - Starting game 7/30
2025-05-02 20:13:56,281 - __main__ - INFO - Game 7 completed in 781 steps.
2025-05-02 20:13:56,281 - __main__ - INFO - Scores: [12, 1, 9, 17], Total Env Rewards: [138.2644184247125, 123.99999999999952, 149.8710317460313, 172.56082912185846], Winners: [3]
2025-05-02 20:13:56,298 - __main__ - INFO - Starting game 8/30
2025-05-02 20:19:53,676 - __main__ - INFO - Game 8 completed in 1000 steps.
2025-05-02 20:19:53,676 - __main__ - INFO - Scores: [3, 3, 2, 3], Total Env Rewards: [163.99999999999918, 165.97272727272644, 164.63434343434258, 165.97777777777696], Winners: [0 1 3]
2025-05-02 20:19:53,691 - __main__ - INFO - Starting game 9/30
2025-05-02 20:26:55,866 - __main__ - INFO - Game 9 completed in 1000 steps.
2025-05-02 20:26:55,866 - __main__ - INFO - Scores: [6, 7, 6, 6], Total Env Rewards: [170.9999999999991, 148.37145632145595, 167.3545454545454, 151.96335331335368], Winners: [1]
2025-05-02 20:26:55,882 - __main__ - INFO - Starting game 10/30
2025-05-02 20:29:10,298 - __main__ - INFO - Game 10 completed in 536 steps.
2025-05-02 20:29:10,299 - __main__ - INFO - Scores: [18, 2, 8, 2], Total Env Rewards: [168.31491474212055, 90.39999999999986, 108.9190115440115, 95.48888888888872], Winners: [0]
2025-05-02 20:29:10,311 - __main__ - INFO - Starting game 11/30
2025-05-02 20:37:02,537 - __main__ - INFO - Game 11 completed in 1000 steps.
2025-05-02 20:37:02,538 - __main__ - INFO - Scores: [1, 1, 3, 2], Total Env Rewards: [158.5999999999992, 158.65714285714205, 165.19999999999914, 113.61327838827756], Winners: [2]
2025-05-02 20:37:02,555 - __main__ - INFO - Starting game 12/30
2025-05-02 20:38:45,609 - __main__ - INFO - Game 12 completed in 399 steps.
2025-05-02 20:38:45,610 - __main__ - INFO - Scores: [5, 1, 15, 4], Total Env Rewards: [74.63333333333337, 71.2229797979798, 119.13874728212961, 75.41785714285713], Winners: [2]
2025-05-02 20:38:45,624 - __main__ - INFO - Starting game 13/30
2025-05-02 20:41:26,778 - __main__ - INFO - Game 13 completed in 768 steps.
2025-05-02 20:41:26,779 - __main__ - INFO - Scores: [5, 17, 1, 3], Total Env Rewards: [139.0999999999994, 167.89892876731088, 117.5999999999996, 122.99999999999964], Winners: [1]
2025-05-02 20:41:26,794 - __main__ - INFO - Starting game 14/30
2025-05-02 20:46:19,009 - __main__ - INFO - Game 14 completed in 1000 steps.
2025-05-02 20:46:19,010 - __main__ - INFO - Scores: [3, 2, 2, 2], Total Env Rewards: [131.4871628371629, 160.46666666666587, 162.48214285714204, 159.1999999999992], Winners: [0]
2025-05-02 20:46:19,024 - __main__ - INFO - Starting game 15/30
2025-05-02 20:48:31,467 - __main__ - INFO - Game 15 completed in 506 steps.
2025-05-02 20:48:31,467 - __main__ - INFO - Scores: [15, 0, 4, 6], Total Env Rewards: [142.33050601359417, 77.99999999999997, 91.37499999999989, 100.41067821067818], Winners: [0]
2025-05-02 20:48:31,479 - __main__ - INFO - Starting game 16/30
2025-05-02 20:53:49,707 - __main__ - INFO - Game 16 completed in 1000 steps.
2025-05-02 20:53:49,708 - __main__ - INFO - Scores: [1, 4, 1, 4], Total Env Rewards: [161.73214285714207, 162.84114219114215, 153.79999999999924, 164.3161616161616], Winners: [1 3]
2025-05-02 20:53:49,725 - __main__ - INFO - Starting game 17/30
2025-05-02 20:55:56,544 - __main__ - INFO - Game 17 completed in 419 steps.
2025-05-02 20:55:56,545 - __main__ - INFO - Scores: [8, 15, 9, 3], Total Env Rewards: [90.1073093573094, 109.22962315462311, 91.79618714618722, 74.2333333333333], Winners: [1]
2025-05-02 20:55:56,559 - __main__ - INFO - Starting game 18/30
2025-05-02 21:03:41,120 - __main__ - INFO - Game 18 completed in 1000 steps.
2025-05-02 21:03:41,121 - __main__ - INFO - Scores: [0, 2, 1, 1], Total Env Rewards: [161.08888888888808, 162.99999999999918, 164.52727272727188, 155.19999999999922], Winners: [1]
2025-05-02 21:03:41,137 - __main__ - INFO - Starting game 19/30
2025-05-02 21:06:45,693 - __main__ - INFO - Game 19 completed in 784 steps.
2025-05-02 21:06:45,693 - __main__ - INFO - Scores: [0, 4, 16, 1], Total Env Rewards: [121.99999999999959, 132.99999999999955, 173.0916217683245, 123.79999999999956], Winners: [2]
2025-05-02 21:06:45,708 - __main__ - INFO - Starting game 20/30
2025-05-02 21:11:51,896 - __main__ - INFO - Game 20 completed in 1000 steps.
2025-05-02 21:11:51,897 - __main__ - INFO - Scores: [8, 3, 9, 4], Total Env Rewards: [163.77546620046584, 126.92999500499505, 177.4916666666658, 163.7999999999992], Winners: [2]
2025-05-02 21:11:51,916 - __main__ - INFO - Starting game 21/30
2025-05-02 21:15:32,350 - __main__ - INFO - Game 21 completed in 1000 steps.
2025-05-02 21:15:32,351 - __main__ - INFO - Scores: [14, 1, 0, 0], Total Env Rewards: [188.2481315253371, 158.19999999999925, 152.5999999999993, 151.39999999999927], Winners: [0]
2025-05-02 21:15:32,371 - __main__ - INFO - Starting game 22/30
2025-05-02 21:19:28,732 - __main__ - INFO - Game 22 completed in 1000 steps.
2025-05-02 21:19:28,733 - __main__ - INFO - Scores: [1, 13, 5, 4], Total Env Rewards: [152.59999999999926, 178.86640761199567, 170.96388888888808, 161.79999999999924], Winners: [1]
2025-05-02 21:19:28,747 - __main__ - INFO - Starting game 23/30
2025-05-02 21:21:01,292 - __main__ - INFO - Game 23 completed in 368 steps.
2025-05-02 21:21:01,293 - __main__ - INFO - Scores: [16, 8, 0, 4], Total Env Rewards: [108.21926406926407, 89.90997335997342, 62.80000000000009, 77.99797979797975], Winners: [0]
2025-05-02 21:21:01,308 - __main__ - INFO - Starting game 24/30
2025-05-02 21:23:50,360 - __main__ - INFO - Game 24 completed in 684 steps.
2025-05-02 21:23:50,361 - __main__ - INFO - Scores: [3, 15, 14, 0], Total Env Rewards: [115.08787878787867, 153.60231157731144, 141.78092985445923, 106.19999999999969], Winners: [1]
2025-05-02 21:23:50,378 - __main__ - INFO - Starting game 25/30
2025-05-02 21:29:05,162 - __main__ - INFO - Game 25 completed in 1000 steps.
2025-05-02 21:29:05,163 - __main__ - INFO - Scores: [1, 6, 9, 4], Total Env Rewards: [159.5999999999992, 169.79999999999922, 157.67357944343277, 165.34166666666582], Winners: [2]
2025-05-02 21:29:05,182 - __main__ - INFO - Starting game 26/30
2025-05-02 21:31:28,441 - __main__ - INFO - Game 26 completed in 465 steps.
2025-05-02 21:31:28,442 - __main__ - INFO - Scores: [5, 2, 6, 15], Total Env Rewards: [90.43787878787872, 81.9999999999999, 91.2888888888888, 147.53115071203308], Winners: [3]
2025-05-02 21:31:28,453 - __main__ - INFO - Starting game 27/30
2025-05-02 21:39:49,211 - __main__ - INFO - Game 27 completed in 1000 steps.
2025-05-02 21:39:49,212 - __main__ - INFO - Scores: [6, 6, 6, 12], Total Env Rewards: [172.97835497835408, 172.2999999999991, 165.94393939393933, 146.22572011321944], Winners: [3]
2025-05-02 21:39:49,229 - __main__ - INFO - Starting game 28/30
2025-05-02 21:47:18,097 - __main__ - INFO - Game 28 completed in 1000 steps.
2025-05-02 21:47:18,098 - __main__ - INFO - Scores: [4, 4, 4, 4], Total Env Rewards: [167.99999999999923, 164.1888888888881, 166.87121212121218, 164.03888888888812], Winners: [0 1 2 3]
2025-05-02 21:47:18,116 - __main__ - INFO - Starting game 29/30
2025-05-02 21:51:12,490 - __main__ - INFO - Game 29 completed in 1000 steps.
2025-05-02 21:51:12,490 - __main__ - INFO - Scores: [4, 1, 4, 2], Total Env Rewards: [165.4888888888881, 154.39999999999924, 167.31509324009292, 166.6999999999992], Winners: [0 2]
2025-05-02 21:51:12,507 - __main__ - INFO - Starting game 30/30
2025-05-02 21:56:44,080 - __main__ - INFO - Game 30 completed in 1000 steps.
2025-05-02 21:56:44,080 - __main__ - INFO - Scores: [4, 4, 4, 6], Total Env Rewards: [172.0434343434336, 165.52727272727273, 163.59999999999923, 167.83636363636344], Winners: [3]
2025-05-02 21:56:44,084 - __main__ - INFO - Self-play phase completed. Average steps: 779.63
2025-05-02 21:56:44,084 - __main__ - INFO - Average scores: [6.33333333 5.56666667 5.73333333 4.63333333], Average total rewards: [139.75789131 135.23871711 137.39268695 132.71743897]
2025-05-02 21:56:44,085 - __main__ - INFO - Starting training phase
2025-05-02 21:56:44,412 - __main__ - INFO - Epoch 10/100, Policy Loss: 1.4229, Value Loss: 0.2030, Total Loss: 1.6259
2025-05-02 21:56:44,501 - __main__ - INFO - Epoch 20/100, Policy Loss: 1.3279, Value Loss: 0.0809, Total Loss: 1.4089
2025-05-02 21:56:44,598 - __main__ - INFO - Epoch 30/100, Policy Loss: 1.2879, Value Loss: 0.0425, Total Loss: 1.3304
2025-05-02 21:56:44,706 - __main__ - INFO - Epoch 40/100, Policy Loss: 1.2817, Value Loss: 0.0271, Total Loss: 1.3087
2025-05-02 21:56:44,796 - __main__ - INFO - Epoch 50/100, Policy Loss: 1.2347, Value Loss: 0.0227, Total Loss: 1.2575
2025-05-02 21:56:44,879 - __main__ - INFO - Epoch 60/100, Policy Loss: 1.2240, Value Loss: 0.0140, Total Loss: 1.2380
2025-05-02 21:56:44,965 - __main__ - INFO - Epoch 70/100, Policy Loss: 1.2060, Value Loss: 0.0092, Total Loss: 1.2152
2025-05-02 21:56:45,049 - __main__ - INFO - Epoch 80/100, Policy Loss: 1.2013, Value Loss: 0.0116, Total Loss: 1.2129
2025-05-02 21:56:45,143 - __main__ - INFO - Epoch 90/100, Policy Loss: 1.1715, Value Loss: 0.0096, Total Loss: 1.1811
2025-05-02 21:56:45,233 - __main__ - INFO - Epoch 100/100, Policy Loss: 1.1705, Value Loss: 0.0105, Total Loss: 1.1810
2025-05-02 21:56:45,234 - __main__ - INFO - Training completed. Average Policy Loss: 1.2802, Average Value Loss: 0.0793, Average Total Loss: 1.3594
2025-05-02 21:56:45,234 - __main__ - INFO - Starting iteration 7/7
2025-05-02 21:56:45,234 - __main__ - INFO - Starting self-play phase
2025-05-02 21:56:45,244 - __main__ - INFO - Starting game 1/30
2025-05-02 21:59:24,839 - __main__ - INFO - Player performance summary:
2025-05-02 21:59:24,840 - __main__ - INFO - Player 0: Score=2, Total Reward=83.5999999999999, Nobles=0, Sets=0, Efficiency=1.0
2025-05-02 21:59:24,840 - __main__ - INFO - Player 1: Score=3, Total Reward=86.59999999999987, Nobles=0, Sets=0, Efficiency=1.0
2025-05-02 21:59:24,840 - __main__ - INFO - Player 2: Score=11, Total Reward=106.2330253080253, Nobles=0, Sets=0, Efficiency=0.8125
2025-05-02 21:59:24,841 - __main__ - INFO - Player 3: Score=17, Total Reward=147.76183816183809, Nobles=0, Sets=0, Efficiency=0.3333333333333333
2025-05-02 21:59:24,841 - __main__ - INFO - Game 1 completed in 493 steps.
2025-05-02 21:59:24,841 - __main__ - INFO - Scores: [2, 3, 11, 17], Total Env Rewards: [83.5999999999999, 86.59999999999987, 106.2330253080253, 147.76183816183809], Winners: [3]
2025-05-02 21:59:24,856 - __main__ - INFO - Starting game 2/30
2025-05-02 22:01:04,244 - __main__ - INFO - Game 2 completed in 340 steps.
2025-05-02 22:01:04,244 - __main__ - INFO - Scores: [2, 16, 4, 1], Total Env Rewards: [58.60000000000007, 114.21756576756583, 66.66092518592522, 59.65714285714293], Winners: [1]
2025-05-02 22:01:04,261 - __main__ - INFO - Starting game 3/30
2025-05-02 22:10:56,324 - __main__ - INFO - Game 3 completed in 1000 steps.
2025-05-02 22:10:56,325 - __main__ - INFO - Scores: [8, 8, 5, 5], Total Env Rewards: [156.86958041957985, 186.5848484848487, 165.25714285714201, 167.71388888888805], Winners: [0 1]
2025-05-02 22:10:56,341 - __main__ - INFO - Starting game 4/30
2025-05-02 22:13:05,300 - __main__ - INFO - Game 4 completed in 381 steps.
2025-05-02 22:13:05,300 - __main__ - INFO - Scores: [5, 2, 0, 15], Total Env Rewards: [78.64047619047616, 68.54603174603177, 57.80000000000009, 122.84111999112001], Winners: [3]
2025-05-02 22:13:05,313 - __main__ - INFO - Starting game 5/30
2025-05-02 22:15:14,514 - __main__ - INFO - Game 5 completed in 402 steps.
2025-05-02 22:15:14,514 - __main__ - INFO - Scores: [0, 3, 18, 10], Total Env Rewards: [64.0000000000001, 70.05714285714288, 132.41143406387212, 88.31467698967704], Winners: [2]
2025-05-02 22:15:14,527 - __main__ - INFO - Starting game 6/30
2025-05-02 22:17:03,248 - __main__ - INFO - Game 6 completed in 370 steps.
2025-05-02 22:17:03,248 - __main__ - INFO - Scores: [5, 17, 0, 4], Total Env Rewards: [71.35714285714289, 100.79920177861361, 62.20000000000009, 72.14999999999998], Winners: [1]
2025-05-02 22:17:03,263 - __main__ - INFO - Starting game 7/30
2025-05-02 22:20:51,171 - __main__ - INFO - Game 7 completed in 643 steps.
2025-05-02 22:20:51,172 - __main__ - INFO - Scores: [11, 13, 2, 16], Total Env Rewards: [130.73117160617144, 126.47728105228104, 100.39999999999974, 163.21958041958067], Winners: [3]
2025-05-02 22:20:51,193 - __main__ - INFO - Starting game 8/30
2025-05-02 22:22:54,336 - __main__ - INFO - Game 8 completed in 297 steps.
2025-05-02 22:22:54,336 - __main__ - INFO - Scores: [0, 1, 15, 4], Total Env Rewards: [50.60000000000006, 57.90000000000006, 90.11687423343773, 60.80000000000006], Winners: [2]
2025-05-02 22:22:54,357 - __main__ - INFO - Starting game 9/30
2025-05-02 22:25:30,163 - __main__ - INFO - Game 9 completed in 390 steps.
2025-05-02 22:25:30,164 - __main__ - INFO - Scores: [11, 5, 18, 0], Total Env Rewards: [97.84242424242426, 83.75454545454552, 158.7929268443974, 59.80000000000009], Winners: [2]
2025-05-02 22:25:30,183 - __main__ - INFO - Starting game 10/30
2025-05-02 22:27:52,882 - __main__ - INFO - Game 10 completed in 348 steps.
2025-05-02 22:27:52,883 - __main__ - INFO - Scores: [2, 17, 5, 3], Total Env Rewards: [60.60000000000007, 106.64432549678382, 70.62500000000004, 63.60000000000007], Winners: [1]
2025-05-02 22:27:52,898 - __main__ - INFO - Starting game 11/30
2025-05-02 22:38:17,924 - __main__ - INFO - Game 11 completed in 1000 steps.
2025-05-02 22:38:17,925 - __main__ - INFO - Scores: [7, 5, 5, 5], Total Env Rewards: [161.7650932400933, 164.39116161616155, 168.67499999999916, 171.62525252525165], Winners: [0]
2025-05-02 22:38:17,956 - __main__ - INFO - Starting game 12/30
2025-05-02 22:49:39,317 - __main__ - INFO - Game 12 completed in 1000 steps.
2025-05-02 22:49:39,318 - __main__ - INFO - Scores: [11, 10, 5, 5], Total Env Rewards: [166.9250610500606, 182.56273726273741, 169.99090909090827, 169.7416666666658], Winners: [0]
2025-05-02 22:49:39,348 - __main__ - INFO - Starting game 13/30
2025-05-02 22:53:09,873 - __main__ - INFO - Game 13 completed in 518 steps.
2025-05-02 22:53:09,874 - __main__ - INFO - Scores: [4, 0, 7, 15], Total Env Rewards: [94.71688311688298, 82.39999999999992, 98.9807109557109, 125.33779978191751], Winners: [3]
2025-05-02 22:53:09,902 - __main__ - INFO - Starting game 14/30
2025-05-02 22:56:41,872 - __main__ - INFO - Game 14 completed in 690 steps.
2025-05-02 22:56:41,873 - __main__ - INFO - Scores: [1, 9, 11, 16], Total Env Rewards: [108.79999999999966, 129.97474747474723, 128.4188894438892, 121.00065664469669], Winners: [3]
2025-05-02 22:56:41,895 - __main__ - INFO - Starting game 15/30
2025-05-02 22:58:36,274 - __main__ - INFO - Game 15 completed in 341 steps.
2025-05-02 22:58:36,275 - __main__ - INFO - Scores: [0, 15, 4, 0], Total Env Rewards: [64.15252525252531, 108.59203247732658, 66.60000000000004, 57.400000000000084], Winners: [1]
2025-05-02 22:58:36,290 - __main__ - INFO - Starting game 16/30
2025-05-02 23:01:22,038 - __main__ - INFO - Game 16 completed in 471 steps.
2025-05-02 23:01:22,039 - __main__ - INFO - Scores: [8, 1, 16, 7], Total Env Rewards: [111.88368298368309, 75.39999999999998, 124.13795648795644, 92.33175158175162], Winners: [2]
2025-05-02 23:01:22,052 - __main__ - INFO - Starting game 17/30
2025-05-02 23:03:41,218 - __main__ - INFO - Game 17 completed in 400 steps.
2025-05-02 23:03:41,219 - __main__ - INFO - Scores: [5, 3, 0, 16], Total Env Rewards: [79.39999999999998, 77.9444055944056, 64.80000000000008, 149.49137529137533], Winners: [3]
2025-05-02 23:03:41,234 - __main__ - INFO - Starting game 18/30
2025-05-02 23:11:33,352 - __main__ - INFO - Game 18 completed in 1000 steps.
2025-05-02 23:11:33,352 - __main__ - INFO - Scores: [6, 4, 6, 5], Total Env Rewards: [126.14841996239106, 165.79999999999922, 170.0571428571421, 168.39999999999918], Winners: [0 2]
2025-05-02 23:11:33,372 - __main__ - INFO - Starting game 19/30
2025-05-02 23:16:20,992 - __main__ - INFO - Game 19 completed in 943 steps.
2025-05-02 23:16:20,993 - __main__ - INFO - Scores: [5, 19, 1, 12], Total Env Rewards: [159.56388888888813, 205.10178155178136, 145.39999999999932, 173.28555611055577], Winners: [1]
2025-05-02 23:16:21,014 - __main__ - INFO - Starting game 20/30
2025-05-02 23:20:19,789 - __main__ - INFO - Game 20 completed in 806 steps.
2025-05-02 23:20:19,790 - __main__ - INFO - Scores: [0, 20, 3, 1], Total Env Rewards: [123.39999999999955, 203.75694541526605, 133.15530303030275, 121.39999999999955], Winners: [1]
2025-05-02 23:20:19,811 - __main__ - INFO - Starting game 21/30
2025-05-02 23:22:54,640 - __main__ - INFO - Game 21 completed in 469 steps.
2025-05-02 23:22:54,641 - __main__ - INFO - Scores: [4, 7, 15, 4], Total Env Rewards: [84.63333333333327, 94.12103174603163, 116.99965679745088, 87.79999999999991], Winners: [2]
2025-05-02 23:22:54,658 - __main__ - INFO - Starting game 22/30
2025-05-02 23:25:16,373 - __main__ - INFO - Game 22 completed in 474 steps.
2025-05-02 23:25:16,373 - __main__ - INFO - Scores: [2, 6, 0, 18], Total Env Rewards: [80.45714285714283, 92.72298534798541, 73.60000000000001, 162.31662920412924], Winners: [3]
2025-05-02 23:25:16,390 - __main__ - INFO - Starting game 23/30
2025-05-02 23:29:26,863 - __main__ - INFO - Game 23 completed in 636 steps.
2025-05-02 23:29:26,864 - __main__ - INFO - Scores: [16, 8, 7, 1], Total Env Rewards: [144.3831043956044, 119.7957070707068, 122.95066045066034, 98.19999999999976], Winners: [0]
2025-05-02 23:29:26,892 - __main__ - INFO - Starting game 24/30
2025-05-02 23:36:50,883 - __main__ - INFO - Game 24 completed in 1000 steps.
2025-05-02 23:36:50,884 - __main__ - INFO - Scores: [10, 8, 6, 2], Total Env Rewards: [184.49552114552097, 173.22070707070642, 175.18888888888804, 157.1999999999992], Winners: [0]
2025-05-02 23:36:50,906 - __main__ - INFO - Starting game 25/30
2025-05-02 23:40:27,726 - __main__ - INFO - Game 25 completed in 530 steps.
2025-05-02 23:40:27,727 - __main__ - INFO - Scores: [0, 6, 17, 8], Total Env Rewards: [86.19999999999987, 101.83055555555539, 157.54359806859804, 103.05090326340309], Winners: [2]
2025-05-02 23:40:27,747 - __main__ - INFO - Starting game 26/30
2025-05-02 23:45:37,244 - __main__ - INFO - Game 26 completed in 885 steps.
2025-05-02 23:45:37,244 - __main__ - INFO - Scores: [4, 0, 9, 15], Total Env Rewards: [148.4863636363635, 135.79999999999941, 137.67634546825732, 180.73985458985402], Winners: [3]
2025-05-02 23:45:37,262 - __main__ - INFO - Starting game 27/30
2025-05-02 23:49:30,444 - __main__ - INFO - Game 27 completed in 692 steps.
2025-05-02 23:49:30,445 - __main__ - INFO - Scores: [1, 11, 15, 7], Total Env Rewards: [104.7999999999997, 124.95860805860796, 160.3115582130288, 127.39999999999961], Winners: [2]
2025-05-02 23:49:30,461 - __main__ - INFO - Starting game 28/30
2025-05-02 23:54:44,189 - __main__ - INFO - Game 28 completed in 1000 steps.
2025-05-02 23:54:44,190 - __main__ - INFO - Scores: [0, 8, 5, 0], Total Env Rewards: [149.1999999999993, 149.3368775832009, 168.546031746031, 146.19999999999933], Winners: [1]
2025-05-02 23:54:44,216 - __main__ - INFO - Starting game 29/30
2025-05-03 00:01:49,686 - __main__ - INFO - Game 29 completed in 1000 steps.
2025-05-03 00:01:49,687 - __main__ - INFO - Scores: [1, 2, 2, 2], Total Env Rewards: [153.79999999999924, 164.3999999999992, 158.99999999999918, 130.24366466866476], Winners: [1 2 3]
2025-05-03 00:01:49,708 - __main__ - INFO - Starting game 30/30
2025-05-03 00:12:59,179 - __main__ - INFO - Game 30 completed in 1000 steps.
2025-05-03 00:12:59,180 - __main__ - INFO - Scores: [10, 5, 5, 5], Total Env Rewards: [179.5303030303029, 167.12380952380863, 169.57727272727186, 171.64545454545367], Winners: [0]
2025-05-03 00:12:59,188 - __main__ - INFO - Self-play phase completed. Average steps: 650.63
2025-05-03 00:12:59,189 - __main__ - INFO - Average scores: [4.7        7.73333333 7.23333333 7.3       ], Average total rewards: [112.18607061 124.02716787 124.07024176 124.02229374]
2025-05-03 00:12:59,190 - __main__ - INFO - Starting training phase
2025-05-03 00:12:59,417 - __main__ - INFO - Epoch 10/100, Policy Loss: 1.7419, Value Loss: 0.1915, Total Loss: 1.9334
2025-05-03 00:12:59,598 - __main__ - INFO - Epoch 20/100, Policy Loss: 1.6604, Value Loss: 0.1726, Total Loss: 1.8329
2025-05-03 00:12:59,751 - __main__ - INFO - Epoch 30/100, Policy Loss: 1.6128, Value Loss: 0.1092, Total Loss: 1.7220
2025-05-03 00:12:59,918 - __main__ - INFO - Epoch 40/100, Policy Loss: 1.5806, Value Loss: 0.0432, Total Loss: 1.6239
2025-05-03 00:13:00,085 - __main__ - INFO - Epoch 50/100, Policy Loss: 1.5743, Value Loss: 0.0175, Total Loss: 1.5918
2025-05-03 00:13:00,255 - __main__ - INFO - Epoch 60/100, Policy Loss: 1.5197, Value Loss: 0.0181, Total Loss: 1.5378
2025-05-03 00:13:00,420 - __main__ - INFO - Epoch 70/100, Policy Loss: 1.4983, Value Loss: 0.0136, Total Loss: 1.5119
2025-05-03 00:13:00,580 - __main__ - INFO - Epoch 80/100, Policy Loss: 1.5301, Value Loss: 0.0182, Total Loss: 1.5483
2025-05-03 00:13:00,745 - __main__ - INFO - Epoch 90/100, Policy Loss: 1.5199, Value Loss: 0.0134, Total Loss: 1.5334
2025-05-03 00:13:00,941 - __main__ - INFO - Epoch 100/100, Policy Loss: 1.4986, Value Loss: 0.0185, Total Loss: 1.5171
2025-05-03 00:13:00,941 - __main__ - INFO - Training completed. Average Policy Loss: 1.5903, Average Value Loss: 0.1068, Average Total Loss: 1.6972
2025-05-03 00:13:01,380 - __main__ - INFO - Model and training state saved at models/alphazero_final.pth
2025-05-03 00:13:02,004 - __main__ - INFO - Loss history plots saved to plots/alphazero_final_loss_history_20250503_001301.png
2025-05-03 00:13:02,103 - __main__ - INFO - Evaluation scores plot saved to plots/alphazero_final_evaluation_20250503_001301.png
2025-05-03 00:13:02,104 - __main__ - INFO - AlphaZero training completed. Final model saved at models/alphazero_final.pth
