2025-04-22 12:27:54,679 - __main__ - INFO - Starting AlphaZero training for SplendorLightZeroEnv
2025-04-22 12:27:54,695 - __main__ - INFO - Environment initialized:
2025-04-22 12:27:54,696 - __main__ - INFO - Card feature dimension: 8
2025-04-22 12:27:54,696 - __main__ - INFO - State dimension: 162
2025-04-22 12:27:54,697 - __main__ - INFO - Action dimension: 88
2025-04-22 12:27:54,697 - __main__ - INFO - Initial state shape: (162,)
2025-04-22 12:27:54,697 - __main__ - INFO - AlphaZero configuration: {'batch_size': 512, 'replay_buffer_size': 100000, 'learning_rate': 0.001, 'weight_decay': 0.0001, 'num_simulations': 800, 'c_puct': 1.0, 'temperature_init': 1.0, 'temperature_final': 0.1, 'temperature_threshold': 30, 'num_self_play_games': 100, 'num_validation_games': 40}
2025-04-22 12:27:55,972 - __main__ - INFO - Starting iteration 1/1000
2025-04-22 12:27:55,976 - __main__ - INFO - Game 0 started
2025-04-22 12:27:55,977 - __main__ - INFO - Initial state: {'tier1': array([[1, 0, 3, 2, 0, 0, 2, 0],
       [1, 0, 3, 2, 1, 0, 0, 2],
       [1, 0, 2, 2, 0, 1, 1, 1],
       [1, 0, 4, 0, 2, 2, 0, 1]], dtype=int32), 'tier2': array([[2, 1, 4, 2, 3, 2, 0, 0],
       [2, 3, 3, 0, 0, 6, 0, 0],
       [2, 3, 1, 6, 0, 0, 0, 0],
       [2, 2, 1, 5, 0, 0, 0, 0]], dtype=int32), 'tier3': array([[3, 3, 1, 0, 5, 3, 3, 3],
       [3, 3, 5, 3, 3, 5, 3, 0],
       [3, 4, 4, 0, 0, 0, 0, 7],
       [3, 4, 1, 3, 3, 6, 0, 0]], dtype=int32), 'tokens': array([7, 7, 7, 7, 7, 5], dtype=int32), 'current_player': array([0, 0, 0, 0, 0, 0, 0, 0, 0, 0, 0, 0, 0, 0, 0, 0, 0, 0, 0, 0, 0, 0,
       0, 0, 0, 0, 0, 0, 0, 0, 0, 0, 0, 0, 0], dtype=int32), 'nobles': array([3, 3, 3, 0, 0, 0, 0, 0, 4, 4, 0, 4, 0, 4, 0, 4, 0, 0, 0, 4, 0, 3,
       3, 3, 0], dtype=int32), 'action_mask': array([1, 1, 1, 1, 1, 1, 1, 1, 1, 1, 1, 1, 1, 1, 1, 1, 1, 1, 1, 1, 1, 1,
       1, 1, 1, 1, 1, 1, 1, 1, 0, 0, 0, 0, 0, 0, 0, 0, 0, 0, 0, 0, 1, 1,
       1, 1, 1, 1, 1, 1, 1, 1, 1, 1, 0, 0, 0, 0, 0, 0, 0, 0, 0, 0, 0, 0,
       0, 0, 0, 0, 0, 0, 0, 0, 0, 0, 0, 0, 0, 0, 0, 0, 0, 0, 0, 0, 0, 0],
      dtype=int8), 'to_play': 0}
2025-04-22 12:27:55,977 - __main__ - INFO - Step 0: Temperature = 1.0
