2025-04-26 20:04:13,136 - __main__ - INFO - Initializing AlphaZero trainer
2025-04-26 20:04:13,137 - __main__ - INFO - Debug mode: False
2025-04-26 20:04:13,351 - __main__ - INFO - Using device: cuda
2025-04-26 20:04:14,461 - __main__ - INFO - Environment initialized with state_dim=162, action_dim=88
2025-04-26 20:04:14,462 - __main__ - INFO - Training parameters: lr=0.001, weight_decay=0.0001, batch_size=256, replay_size=20000, num_simulations=10
2025-04-26 20:04:14,463 - __main__ - INFO - Starting AlphaZero training from iteration 1 for 1 iterations
2025-04-26 20:04:14,464 - __main__ - INFO - Starting iteration 1/1
2025-04-26 20:04:14,464 - __main__ - INFO - Starting self-play phase
2025-04-26 20:04:14,479 - __main__ - INFO - Starting game 1/3
2025-04-26 20:04:54,117 - AlphaZero.MCTS - WARNING - No visits recorded, using uniform distribution
2025-04-26 20:04:54,119 - __main__ - INFO - Game 1 completed in 1000 steps. Scores: [14, 14, 14, 14], Winners: [0 1 2 3]
2025-04-26 20:04:54,136 - __main__ - INFO - Starting game 2/3
2025-04-26 20:05:34,471 - AlphaZero.MCTS - WARNING - No visits recorded, using uniform distribution
2025-04-26 20:05:34,473 - __main__ - INFO - Game 2 completed in 1000 steps. Scores: [14, 6, 13, 13], Winners: [0]
2025-04-26 20:05:34,490 - __main__ - INFO - Starting game 3/3
2025-04-26 20:06:13,529 - AlphaZero.MCTS - WARNING - No visits recorded, using uniform distribution
2025-04-26 20:06:13,531 - __main__ - INFO - Game 3 completed in 1000 steps. Scores: [14, 14, 7, 14], Winners: [0 1 3]
2025-04-26 20:06:13,534 - __main__ - INFO - Self-play phase completed. Average steps: 1000.00, Average rewards: [14.         11.33333333 11.33333333 13.66666667]
2025-04-26 20:06:13,535 - __main__ - INFO - Starting training phase
2025-04-26 20:06:13,551 - __main__ - ERROR - Error in training: mat1 and mat2 shapes cannot be multiplied (256x254 and 162x256)
2025-04-26 20:06:13,564 - __main__ - ERROR - Error in training: mat1 and mat2 shapes cannot be multiplied (256x254 and 162x256)
2025-04-26 20:06:13,574 - __main__ - ERROR - Error in training: mat1 and mat2 shapes cannot be multiplied (256x254 and 162x256)
2025-04-26 20:06:13,583 - __main__ - ERROR - Error in training: mat1 and mat2 shapes cannot be multiplied (256x254 and 162x256)
2025-04-26 20:06:13,594 - __main__ - ERROR - Error in training: mat1 and mat2 shapes cannot be multiplied (256x254 and 162x256)
2025-04-26 20:06:13,596 - __main__ - WARNING - Inconsistent dimensions in batch: found 92, expected 254
2025-04-26 20:06:13,598 - __main__ - WARNING - Inconsistent dimensions in batch: found 92, expected 254
2025-04-26 20:06:13,606 - __main__ - ERROR - Error in training: mat1 and mat2 shapes cannot be multiplied (254x254 and 162x256)
2025-04-26 20:06:13,617 - __main__ - ERROR - Error in training: mat1 and mat2 shapes cannot be multiplied (256x254 and 162x256)
2025-04-26 20:06:13,627 - __main__ - ERROR - Error in training: mat1 and mat2 shapes cannot be multiplied (256x254 and 162x256)
2025-04-26 20:06:13,637 - __main__ - ERROR - Error in training: mat1 and mat2 shapes cannot be multiplied (256x254 and 162x256)
2025-04-26 20:06:13,649 - __main__ - ERROR - Error in training: mat1 and mat2 shapes cannot be multiplied (256x254 and 162x256)
2025-04-26 20:06:13,649 - __main__ - INFO - Training completed. Average Policy Loss: 0.0000, Average Value Loss: 0.0000, Average Total Loss: 0.0000
2025-04-26 20:06:13,895 - __main__ - INFO - Model and training state saved at models/alphazero_final.pth
2025-04-26 20:06:14,155 - __main__ - INFO - Loss history plots saved to plots/alphazero_final_loss_history_20250426_200613.png
2025-04-26 20:06:14,156 - __main__ - INFO - AlphaZero training completed. Final model saved at models/alphazero_final.pth
