2025-04-26 11:41:40,604 - __main__ - INFO - Initializing AlphaZero trainer
2025-04-26 11:41:40,604 - __main__ - INFO - Debug mode: False
2025-04-26 11:41:40,819 - __main__ - INFO - Using device: cuda
2025-04-26 11:41:41,801 - __main__ - INFO - Environment initialized with state_dim=162, action_dim=88
2025-04-26 11:41:41,801 - __main__ - INFO - Training parameters: lr=0.001, weight_decay=0.0001, batch_size=2048, replay_size=200000, num_simulations=50
2025-04-26 11:41:41,802 - __main__ - INFO - Starting AlphaZero training for 50 iterations
2025-04-26 11:41:41,802 - __main__ - INFO - Starting iteration 1/50
2025-04-26 11:41:41,802 - __main__ - INFO - Starting self-play phase
2025-04-26 11:41:41,812 - __main__ - INFO - Starting game 1/2
2025-04-26 11:45:12,703 - AlphaZero.MCTS - WARNING - No visits recorded, using uniform distribution
2025-04-26 11:45:12,705 - __main__ - INFO - Game 1 completed in 1000 steps. Scores: [14, 14, 13, 14], Winners: [0 1 3]
2025-04-26 11:45:12,722 - __main__ - INFO - Starting game 2/2
2025-04-26 11:48:49,153 - AlphaZero.MCTS - WARNING - No visits recorded, using uniform distribution
2025-04-26 11:48:49,155 - __main__ - INFO - Game 2 completed in 1000 steps. Scores: [14, 7, 13, 14], Winners: [0 3]
2025-04-26 11:48:49,158 - __main__ - INFO - Self-play phase completed. Average steps: 1000.00, Average rewards: [14.  10.5 13.  14. ]
2025-04-26 11:48:49,159 - __main__ - INFO - Starting training phase
2025-04-26 11:48:49,159 - __main__ - WARNING - Buffer size (2000) less than batch size (2048). Skipping training.
2025-04-26 11:48:49,160 - __main__ - INFO - Starting iteration 2/50
2025-04-26 11:48:49,160 - __main__ - INFO - Starting self-play phase
2025-04-26 11:48:49,175 - __main__ - INFO - Starting game 1/2
