2025-04-22 00:05:11,621 - AlphaZero-Training - INFO - State shape: 162, Action size: 88
2025-04-22 00:05:13,639 - AlphaZero-Training - INFO - Starting iteration 1/1000
2025-04-22 00:05:18,128 - AlphaZero-Training - INFO - Game 0: 1 steps, reward: -0.4, actions: 1
2025-04-22 00:05:20,807 - AlphaZero-Training - INFO - Game 2: 1 steps, reward: -0.4, actions: 1
2025-04-22 00:05:23,361 - AlphaZero-Training - INFO - Game 4: 1 steps, reward: -0.4, actions: 1
2025-04-22 00:05:25,840 - AlphaZero-Training - INFO - Game 6: 1 steps, reward: -0.4, actions: 1
2025-04-22 00:05:28,063 - AlphaZero-Training - INFO - Game 8: 1 steps, reward: -0.4, actions: 1
2025-04-22 00:05:30,553 - AlphaZero-Training - INFO - Game 10: 1 steps, reward: -0.4, actions: 1
2025-04-22 00:05:33,157 - AlphaZero-Training - INFO - Game 12: 1 steps, reward: -0.4, actions: 1
2025-04-22 00:05:35,456 - AlphaZero-Training - INFO - Game 14: 1 steps, reward: -0.4, actions: 1
2025-04-22 00:05:37,863 - AlphaZero-Training - INFO - Game 16: 1 steps, reward: -0.4, actions: 1
2025-04-22 00:05:40,587 - AlphaZero-Training - INFO - Game 18: 1 steps, reward: -0.4, actions: 1
2025-04-22 00:05:42,783 - AlphaZero-Training - INFO - Game 20: 1 steps, reward: -0.4, actions: 1
2025-04-22 00:05:45,572 - AlphaZero-Training - INFO - Game 22: 1 steps, reward: -0.4, actions: 1
2025-04-22 00:05:48,038 - AlphaZero-Training - INFO - Game 24: 1 steps, reward: -0.4, actions: 1
2025-04-22 00:05:50,784 - AlphaZero-Training - INFO - Game 26: 1 steps, reward: -0.4, actions: 1
2025-04-22 00:05:53,576 - AlphaZero-Training - INFO - Game 28: 1 steps, reward: -0.4, actions: 1
2025-04-22 00:05:55,876 - AlphaZero-Training - INFO - Game 30: 1 steps, reward: -0.4, actions: 1
2025-04-22 00:05:58,004 - AlphaZero-Training - INFO - Game 32: 1 steps, reward: -0.4, actions: 1
2025-04-22 00:06:00,140 - AlphaZero-Training - INFO - Game 34: 1 steps, reward: -0.4, actions: 1
2025-04-22 00:06:02,617 - AlphaZero-Training - INFO - Game 36: 1 steps, reward: -0.4, actions: 1
2025-04-22 00:06:05,337 - AlphaZero-Training - INFO - Game 38: 1 steps, reward: -0.4, actions: 1
2025-04-22 00:06:07,906 - AlphaZero-Training - INFO - Game 40: 1 steps, reward: -0.4, actions: 1
2025-04-22 00:06:10,169 - AlphaZero-Training - INFO - Game 42: 1 steps, reward: -0.4, actions: 1
2025-04-22 00:06:12,620 - AlphaZero-Training - INFO - Game 44: 1 steps, reward: -0.4, actions: 1
2025-04-22 00:06:15,274 - AlphaZero-Training - INFO - Game 46: 1 steps, reward: -0.4, actions: 1
2025-04-22 00:06:17,441 - AlphaZero-Training - INFO - Game 48: 1 steps, reward: -0.4, actions: 1
2025-04-22 00:06:19,691 - AlphaZero-Training - INFO - Game 50: 1 steps, reward: -0.4, actions: 1
2025-04-22 00:06:22,272 - AlphaZero-Training - INFO - Game 52: 1 steps, reward: -0.4, actions: 1
2025-04-22 00:06:24,797 - AlphaZero-Training - INFO - Game 54: 1 steps, reward: -0.4, actions: 1
2025-04-22 00:06:27,095 - AlphaZero-Training - INFO - Game 56: 1 steps, reward: -0.4, actions: 1
2025-04-22 00:06:29,824 - AlphaZero-Training - INFO - Game 58: 1 steps, reward: -0.4, actions: 1
2025-04-22 00:06:32,091 - AlphaZero-Training - INFO - Game 60: 1 steps, reward: -0.4, actions: 1
2025-04-22 00:06:34,318 - AlphaZero-Training - INFO - Game 62: 1 steps, reward: -0.4, actions: 1
2025-04-22 00:06:36,752 - AlphaZero-Training - INFO - Game 64: 1 steps, reward: -0.4, actions: 1
2025-04-22 00:06:39,229 - AlphaZero-Training - INFO - Game 66: 1 steps, reward: -0.4, actions: 1
2025-04-22 00:06:41,776 - AlphaZero-Training - INFO - Game 68: 1 steps, reward: -0.4, actions: 1
2025-04-22 00:06:44,494 - AlphaZero-Training - INFO - Game 70: 1 steps, reward: -0.4, actions: 1
2025-04-22 00:06:46,895 - AlphaZero-Training - INFO - Game 72: 1 steps, reward: -0.4, actions: 1
2025-04-22 00:06:49,301 - AlphaZero-Training - INFO - Game 74: 1 steps, reward: -0.4, actions: 1
2025-04-22 00:06:51,959 - AlphaZero-Training - INFO - Game 76: 1 steps, reward: -0.4, actions: 1
2025-04-22 00:06:54,490 - AlphaZero-Training - INFO - Game 78: 1 steps, reward: -0.4, actions: 1
2025-04-22 00:06:57,214 - AlphaZero-Training - INFO - Game 80: 1 steps, reward: -0.4, actions: 1
2025-04-22 00:06:59,983 - AlphaZero-Training - INFO - Game 82: 1 steps, reward: -0.4, actions: 1
2025-04-22 00:07:02,366 - AlphaZero-Training - INFO - Game 84: 1 steps, reward: -0.4, actions: 1
2025-04-22 00:07:04,830 - AlphaZero-Training - INFO - Game 86: 1 steps, reward: -0.4, actions: 1
2025-04-22 00:07:07,564 - AlphaZero-Training - INFO - Game 88: 1 steps, reward: -0.4, actions: 1
2025-04-22 00:07:09,916 - AlphaZero-Training - INFO - Game 90: 1 steps, reward: -0.4, actions: 1
2025-04-22 00:07:12,246 - AlphaZero-Training - INFO - Game 92: 1 steps, reward: -0.4, actions: 1
2025-04-22 00:07:14,923 - AlphaZero-Training - INFO - Game 94: 1 steps, reward: -0.4, actions: 1
2025-04-22 00:07:17,675 - AlphaZero-Training - INFO - Game 96: 1 steps, reward: -0.4, actions: 1
2025-04-22 00:07:19,912 - AlphaZero-Training - INFO - Game 98: 1 steps, reward: -0.4, actions: 1
2025-04-22 00:07:22,300 - AlphaZero-Training - INFO - Game 100: 1 steps, reward: -0.4, actions: 1
2025-04-22 00:07:25,075 - AlphaZero-Training - INFO - Game 102: 1 steps, reward: -0.4, actions: 1
2025-04-22 00:07:27,702 - AlphaZero-Training - INFO - Game 104: 1 steps, reward: -0.4, actions: 1
2025-04-22 00:07:30,557 - AlphaZero-Training - INFO - Game 106: 1 steps, reward: -0.4, actions: 1
2025-04-22 00:07:33,032 - AlphaZero-Training - INFO - Game 108: 1 steps, reward: -0.4, actions: 1
2025-04-22 00:07:35,482 - AlphaZero-Training - INFO - Game 110: 1 steps, reward: -0.4, actions: 1
2025-04-22 00:07:38,130 - AlphaZero-Training - INFO - Game 112: 1 steps, reward: -0.4, actions: 1
2025-04-22 00:07:40,674 - AlphaZero-Training - INFO - Game 114: 1 steps, reward: -0.4, actions: 1
2025-04-22 00:07:43,258 - AlphaZero-Training - INFO - Game 116: 1 steps, reward: -0.4, actions: 1
2025-04-22 00:07:46,154 - AlphaZero-Training - INFO - Game 118: 1 steps, reward: -0.4, actions: 1
2025-04-22 00:07:48,828 - AlphaZero-Training - INFO - Game 120: 1 steps, reward: -0.4, actions: 1
2025-04-22 00:07:51,157 - AlphaZero-Training - INFO - Game 122: 1 steps, reward: -0.4, actions: 1
2025-04-22 00:07:53,817 - AlphaZero-Training - INFO - Game 124: 1 steps, reward: -0.4, actions: 1
2025-04-22 00:07:56,636 - AlphaZero-Training - INFO - Game 126: 1 steps, reward: -0.4, actions: 1
2025-04-22 00:07:59,171 - AlphaZero-Training - INFO - Game 128: 1 steps, reward: -0.4, actions: 1
2025-04-22 00:08:01,563 - AlphaZero-Training - INFO - Game 130: 1 steps, reward: -0.4, actions: 1
2025-04-22 00:08:04,197 - AlphaZero-Training - INFO - Game 132: 1 steps, reward: -0.4, actions: 1
2025-04-22 00:08:06,722 - AlphaZero-Training - INFO - Game 134: 1 steps, reward: -0.4, actions: 1
2025-04-22 00:08:09,489 - AlphaZero-Training - INFO - Game 136: 1 steps, reward: -0.4, actions: 1
2025-04-22 00:08:11,757 - AlphaZero-Training - INFO - Game 138: 1 steps, reward: -0.4, actions: 1
2025-04-22 00:08:14,069 - AlphaZero-Training - INFO - Game 140: 1 steps, reward: -0.4, actions: 1
2025-04-22 00:08:17,209 - AlphaZero-Training - INFO - Game 142: 1 steps, reward: -0.4, actions: 1
2025-04-22 00:08:19,594 - AlphaZero-Training - INFO - Game 144: 1 steps, reward: -0.4, actions: 1
2025-04-22 00:08:22,160 - AlphaZero-Training - INFO - Game 146: 1 steps, reward: -0.4, actions: 1
2025-04-22 00:08:24,783 - AlphaZero-Training - INFO - Game 148: 1 steps, reward: -0.4, actions: 1
2025-04-22 00:08:27,383 - AlphaZero-Training - INFO - Game 150: 1 steps, reward: -0.4, actions: 1
2025-04-22 00:08:30,147 - AlphaZero-Training - INFO - Game 152: 1 steps, reward: -0.4, actions: 1
2025-04-22 00:08:32,799 - AlphaZero-Training - INFO - Game 154: 1 steps, reward: -0.4, actions: 1
2025-04-22 00:08:35,299 - AlphaZero-Training - INFO - Game 156: 1 steps, reward: -0.4, actions: 1
2025-04-22 00:08:37,831 - AlphaZero-Training - INFO - Game 158: 1 steps, reward: -0.4, actions: 1
2025-04-22 00:08:40,673 - AlphaZero-Training - INFO - Game 160: 1 steps, reward: -0.4, actions: 1
2025-04-22 00:08:43,353 - AlphaZero-Training - INFO - Game 162: 1 steps, reward: -0.4, actions: 1
2025-04-22 00:08:45,863 - AlphaZero-Training - INFO - Game 164: 1 steps, reward: -0.4, actions: 1
2025-04-22 00:08:48,391 - AlphaZero-Training - INFO - Game 166: 1 steps, reward: -0.4, actions: 1
2025-04-22 00:08:50,929 - AlphaZero-Training - INFO - Game 168: 1 steps, reward: -0.4, actions: 1
2025-04-22 00:08:53,370 - AlphaZero-Training - INFO - Game 170: 1 steps, reward: -0.4, actions: 1
2025-04-22 00:08:55,765 - AlphaZero-Training - INFO - Game 172: 1 steps, reward: -0.4, actions: 1
2025-04-22 00:08:58,172 - AlphaZero-Training - INFO - Game 174: 1 steps, reward: -0.4, actions: 1
2025-04-22 00:09:00,608 - AlphaZero-Training - INFO - Game 176: 1 steps, reward: -0.4, actions: 1
2025-04-22 00:09:02,827 - AlphaZero-Training - INFO - Game 178: 1 steps, reward: -0.4, actions: 1
2025-04-22 00:09:05,719 - AlphaZero-Training - INFO - Game 180: 1 steps, reward: -0.4, actions: 1
2025-04-22 00:09:09,016 - AlphaZero-Training - INFO - Game 182: 1 steps, reward: -0.4, actions: 1
2025-04-22 00:09:11,821 - AlphaZero-Training - INFO - Game 184: 1 steps, reward: -0.4, actions: 1
2025-04-22 00:09:14,777 - AlphaZero-Training - INFO - Game 186: 1 steps, reward: -0.4, actions: 1
2025-04-22 00:09:17,072 - AlphaZero-Training - INFO - Game 188: 1 steps, reward: -0.4, actions: 1
2025-04-22 00:09:19,598 - AlphaZero-Training - INFO - Game 190: 1 steps, reward: -0.4, actions: 1
2025-04-22 00:09:21,933 - AlphaZero-Training - INFO - Game 192: 1 steps, reward: -0.4, actions: 1
2025-04-22 00:09:24,156 - AlphaZero-Training - INFO - Game 194: 1 steps, reward: -0.4, actions: 1
2025-04-22 00:09:26,541 - AlphaZero-Training - INFO - Game 196: 1 steps, reward: -0.4, actions: 1
2025-04-22 00:09:28,792 - AlphaZero-Training - INFO - Game 198: 1 steps, reward: -0.4, actions: 1
2025-04-22 00:09:28,793 - AlphaZero-Training - INFO - Training losses - Total: 0.0000, Policy: 0.0000, Value: 0.0000
2025-04-22 00:09:28,793 - AlphaZero-Training - INFO - Iteration 1 completed in 255.15 seconds
2025-04-22 00:09:28,794 - AlphaZero-Training - INFO - Starting iteration 2/1000
2025-04-22 00:09:31,237 - AlphaZero-Training - INFO - Game 100: 1 steps, reward: -0.4, actions: 1
2025-04-22 00:09:33,454 - AlphaZero-Training - INFO - Game 102: 1 steps, reward: -0.4, actions: 1
2025-04-22 00:09:35,848 - AlphaZero-Training - INFO - Game 104: 1 steps, reward: -0.4, actions: 1
2025-04-22 00:09:38,247 - AlphaZero-Training - INFO - Game 106: 1 steps, reward: -0.4, actions: 1
2025-04-22 00:09:40,736 - AlphaZero-Training - INFO - Game 108: 1 steps, reward: -0.4, actions: 1
2025-04-22 00:09:43,160 - AlphaZero-Training - INFO - Game 110: 1 steps, reward: -0.4, actions: 1
2025-04-22 00:09:45,542 - AlphaZero-Training - INFO - Game 112: 1 steps, reward: -0.4, actions: 1
2025-04-22 00:09:47,880 - AlphaZero-Training - INFO - Game 114: 1 steps, reward: -0.4, actions: 1
2025-04-22 00:09:50,506 - AlphaZero-Training - INFO - Game 116: 1 steps, reward: -0.4, actions: 1
2025-04-22 00:09:53,132 - AlphaZero-Training - INFO - Game 118: 1 steps, reward: -0.4, actions: 1
2025-04-22 00:09:55,394 - AlphaZero-Training - INFO - Game 120: 1 steps, reward: -0.4, actions: 1
2025-04-22 00:09:57,881 - AlphaZero-Training - INFO - Game 122: 1 steps, reward: -0.4, actions: 1
2025-04-22 00:10:00,245 - AlphaZero-Training - INFO - Game 124: 1 steps, reward: -0.4, actions: 1
2025-04-22 00:10:02,793 - AlphaZero-Training - INFO - Game 126: 1 steps, reward: -0.4, actions: 1
2025-04-22 00:10:04,978 - AlphaZero-Training - INFO - Game 128: 1 steps, reward: -0.4, actions: 1
2025-04-22 00:10:07,102 - AlphaZero-Training - INFO - Game 130: 1 steps, reward: -0.4, actions: 1
2025-04-22 00:10:09,853 - AlphaZero-Training - INFO - Game 132: 1 steps, reward: -0.4, actions: 1
2025-04-22 00:10:12,066 - AlphaZero-Training - INFO - Game 134: 1 steps, reward: -0.4, actions: 1
2025-04-22 00:10:14,652 - AlphaZero-Training - INFO - Game 136: 1 steps, reward: -0.4, actions: 1
2025-04-22 00:10:17,328 - AlphaZero-Training - INFO - Game 138: 1 steps, reward: -0.4, actions: 1
2025-04-22 00:10:19,838 - AlphaZero-Training - INFO - Game 140: 1 steps, reward: -0.4, actions: 1
2025-04-22 00:10:21,886 - AlphaZero-Training - INFO - Game 142: 1 steps, reward: -0.4, actions: 1
2025-04-22 00:10:24,394 - AlphaZero-Training - INFO - Game 144: 1 steps, reward: -0.4, actions: 1
2025-04-22 00:10:26,818 - AlphaZero-Training - INFO - Game 146: 1 steps, reward: -0.4, actions: 1
2025-04-22 00:10:29,429 - AlphaZero-Training - INFO - Game 148: 1 steps, reward: -0.4, actions: 1
2025-04-22 00:10:31,409 - AlphaZero-Training - INFO - Game 150: 1 steps, reward: -0.4, actions: 1
2025-04-22 00:10:33,806 - AlphaZero-Training - INFO - Game 152: 1 steps, reward: -0.4, actions: 1
2025-04-22 00:10:36,122 - AlphaZero-Training - INFO - Game 154: 1 steps, reward: -0.4, actions: 1
2025-04-22 00:10:38,699 - AlphaZero-Training - INFO - Game 156: 1 steps, reward: -0.4, actions: 1
2025-04-22 00:10:41,226 - AlphaZero-Training - INFO - Game 158: 1 steps, reward: -0.4, actions: 1
2025-04-22 00:10:43,565 - AlphaZero-Training - INFO - Game 160: 1 steps, reward: -0.4, actions: 1
2025-04-22 00:10:46,152 - AlphaZero-Training - INFO - Game 162: 1 steps, reward: -0.4, actions: 1
2025-04-22 00:10:49,001 - AlphaZero-Training - INFO - Game 164: 1 steps, reward: -0.4, actions: 1
2025-04-22 00:10:51,136 - AlphaZero-Training - INFO - Game 166: 1 steps, reward: -0.4, actions: 1
2025-04-22 00:10:53,527 - AlphaZero-Training - INFO - Game 168: 1 steps, reward: -0.4, actions: 1
2025-04-22 00:10:56,215 - AlphaZero-Training - INFO - Game 170: 1 steps, reward: -0.4, actions: 1
2025-04-22 00:10:58,593 - AlphaZero-Training - INFO - Game 172: 1 steps, reward: -0.4, actions: 1
2025-04-22 00:11:00,859 - AlphaZero-Training - INFO - Game 174: 1 steps, reward: -0.4, actions: 1
2025-04-22 00:11:03,567 - AlphaZero-Training - INFO - Game 176: 1 steps, reward: -0.4, actions: 1
2025-04-22 00:11:06,285 - AlphaZero-Training - INFO - Game 178: 1 steps, reward: -0.4, actions: 1
2025-04-22 00:11:09,096 - AlphaZero-Training - INFO - Game 180: 1 steps, reward: -0.4, actions: 1
2025-04-22 00:11:11,706 - AlphaZero-Training - INFO - Game 182: 1 steps, reward: -0.4, actions: 1
2025-04-22 00:11:14,130 - AlphaZero-Training - INFO - Game 184: 1 steps, reward: -0.4, actions: 1
2025-04-22 00:11:16,676 - AlphaZero-Training - INFO - Game 186: 1 steps, reward: -0.4, actions: 1
2025-04-22 00:11:19,364 - AlphaZero-Training - INFO - Game 188: 1 steps, reward: -0.4, actions: 1
2025-04-22 00:11:22,006 - AlphaZero-Training - INFO - Game 190: 1 steps, reward: -0.4, actions: 1
2025-04-22 00:11:24,614 - AlphaZero-Training - INFO - Game 192: 1 steps, reward: -0.4, actions: 1
2025-04-22 00:11:27,052 - AlphaZero-Training - INFO - Game 194: 1 steps, reward: -0.4, actions: 1
2025-04-22 00:11:29,314 - AlphaZero-Training - INFO - Game 196: 1 steps, reward: -0.4, actions: 1
2025-04-22 00:11:31,664 - AlphaZero-Training - INFO - Game 198: 1 steps, reward: -0.4, actions: 1
2025-04-22 00:11:33,829 - AlphaZero-Training - INFO - Game 200: 1 steps, reward: -0.4, actions: 1
2025-04-22 00:11:36,114 - AlphaZero-Training - INFO - Game 202: 1 steps, reward: -0.4, actions: 1
2025-04-22 00:11:38,638 - AlphaZero-Training - INFO - Game 204: 1 steps, reward: -0.4, actions: 1
2025-04-22 00:11:40,774 - AlphaZero-Training - INFO - Game 206: 1 steps, reward: -0.4, actions: 1
2025-04-22 00:11:43,255 - AlphaZero-Training - INFO - Game 208: 1 steps, reward: -0.4, actions: 1
2025-04-22 00:11:45,588 - AlphaZero-Training - INFO - Game 210: 1 steps, reward: -0.4, actions: 1
2025-04-22 00:11:48,142 - AlphaZero-Training - INFO - Game 212: 1 steps, reward: -0.4, actions: 1
2025-04-22 00:11:50,420 - AlphaZero-Training - INFO - Game 214: 1 steps, reward: -0.4, actions: 1
2025-04-22 00:11:52,656 - AlphaZero-Training - INFO - Game 216: 1 steps, reward: -0.4, actions: 1
2025-04-22 00:11:55,379 - AlphaZero-Training - INFO - Game 218: 1 steps, reward: -0.4, actions: 1
2025-04-22 00:11:57,967 - AlphaZero-Training - INFO - Game 220: 1 steps, reward: -0.4, actions: 1
2025-04-22 00:12:00,221 - AlphaZero-Training - INFO - Game 222: 1 steps, reward: -0.4, actions: 1
2025-04-22 00:12:02,716 - AlphaZero-Training - INFO - Game 224: 1 steps, reward: -0.4, actions: 1
2025-04-22 00:12:05,455 - AlphaZero-Training - INFO - Game 226: 1 steps, reward: -0.4, actions: 1
2025-04-22 00:12:07,610 - AlphaZero-Training - INFO - Game 228: 1 steps, reward: -0.4, actions: 1
2025-04-22 00:12:10,117 - AlphaZero-Training - INFO - Game 230: 1 steps, reward: -0.4, actions: 1
2025-04-22 00:12:12,486 - AlphaZero-Training - INFO - Game 232: 1 steps, reward: -0.4, actions: 1
2025-04-22 00:12:14,934 - AlphaZero-Training - INFO - Game 234: 1 steps, reward: -0.4, actions: 1
2025-04-22 00:12:17,536 - AlphaZero-Training - INFO - Game 236: 1 steps, reward: -0.4, actions: 1
2025-04-22 00:12:19,900 - AlphaZero-Training - INFO - Game 238: 1 steps, reward: -0.4, actions: 1
2025-04-22 00:12:22,260 - AlphaZero-Training - INFO - Game 240: 1 steps, reward: -0.4, actions: 1
2025-04-22 00:12:25,258 - AlphaZero-Training - INFO - Game 242: 1 steps, reward: -0.4, actions: 1
2025-04-22 00:12:27,824 - AlphaZero-Training - INFO - Game 244: 1 steps, reward: -0.4, actions: 1
2025-04-22 00:12:30,069 - AlphaZero-Training - INFO - Game 246: 1 steps, reward: -0.4, actions: 1
2025-04-22 00:12:32,461 - AlphaZero-Training - INFO - Game 248: 1 steps, reward: -0.4, actions: 1
2025-04-22 00:12:34,857 - AlphaZero-Training - INFO - Game 250: 1 steps, reward: -0.4, actions: 1
2025-04-22 00:12:37,407 - AlphaZero-Training - INFO - Game 252: 1 steps, reward: -0.4, actions: 1
2025-04-22 00:12:39,978 - AlphaZero-Training - INFO - Game 254: 1 steps, reward: -0.4, actions: 1
2025-04-22 00:12:42,423 - AlphaZero-Training - INFO - Game 256: 1 steps, reward: -0.4, actions: 1
2025-04-22 00:12:44,931 - AlphaZero-Training - INFO - Game 258: 1 steps, reward: -0.4, actions: 1
2025-04-22 00:12:47,769 - AlphaZero-Training - INFO - Game 260: 1 steps, reward: -0.4, actions: 1
2025-04-22 00:12:50,483 - AlphaZero-Training - INFO - Game 262: 1 steps, reward: -0.4, actions: 1
2025-04-22 00:12:52,910 - AlphaZero-Training - INFO - Game 264: 1 steps, reward: -0.4, actions: 1
2025-04-22 00:12:55,285 - AlphaZero-Training - INFO - Game 266: 1 steps, reward: -0.4, actions: 1
2025-04-22 00:12:57,500 - AlphaZero-Training - INFO - Game 268: 1 steps, reward: -0.4, actions: 1
2025-04-22 00:13:00,008 - AlphaZero-Training - INFO - Game 270: 1 steps, reward: -0.4, actions: 1
2025-04-22 00:13:02,750 - AlphaZero-Training - INFO - Game 272: 1 steps, reward: -0.4, actions: 1
2025-04-22 00:13:05,260 - AlphaZero-Training - INFO - Game 274: 1 steps, reward: -0.4, actions: 1
2025-04-22 00:13:07,878 - AlphaZero-Training - INFO - Game 276: 1 steps, reward: -0.4, actions: 1
2025-04-22 00:13:10,401 - AlphaZero-Training - INFO - Game 278: 1 steps, reward: -0.4, actions: 1
2025-04-22 00:13:12,552 - AlphaZero-Training - INFO - Game 280: 1 steps, reward: -0.4, actions: 1
2025-04-22 00:13:15,130 - AlphaZero-Training - INFO - Game 282: 1 steps, reward: -0.4, actions: 1
2025-04-22 00:13:17,439 - AlphaZero-Training - INFO - Game 284: 1 steps, reward: -0.4, actions: 1
2025-04-22 00:13:19,967 - AlphaZero-Training - INFO - Game 286: 1 steps, reward: -0.4, actions: 1
2025-04-22 00:13:22,616 - AlphaZero-Training - INFO - Game 288: 1 steps, reward: -0.4, actions: 1
2025-04-22 00:13:24,888 - AlphaZero-Training - INFO - Game 290: 1 steps, reward: -0.4, actions: 1
2025-04-22 00:13:27,495 - AlphaZero-Training - INFO - Game 292: 1 steps, reward: -0.4, actions: 1
2025-04-22 00:13:29,902 - AlphaZero-Training - INFO - Game 294: 1 steps, reward: -0.4, actions: 1
2025-04-22 00:13:32,315 - AlphaZero-Training - INFO - Game 296: 1 steps, reward: -0.4, actions: 1
2025-04-22 00:13:34,738 - AlphaZero-Training - INFO - Game 298: 1 steps, reward: -0.4, actions: 1
2025-04-22 00:13:34,739 - AlphaZero-Training - INFO - Training losses - Total: 0.0000, Policy: 0.0000, Value: 0.0000
2025-04-22 00:13:34,740 - AlphaZero-Training - INFO - Iteration 2 completed in 245.95 seconds
2025-04-22 00:13:34,740 - AlphaZero-Training - INFO - Starting iteration 3/1000
2025-04-22 00:13:37,460 - AlphaZero-Training - INFO - Game 200: 1 steps, reward: -0.4, actions: 1
2025-04-22 00:13:39,850 - AlphaZero-Training - INFO - Game 202: 1 steps, reward: -0.4, actions: 1
2025-04-22 00:13:42,452 - AlphaZero-Training - INFO - Game 204: 1 steps, reward: -0.4, actions: 1
2025-04-22 00:13:44,813 - AlphaZero-Training - INFO - Game 206: 1 steps, reward: -0.4, actions: 1
2025-04-22 00:13:47,223 - AlphaZero-Training - INFO - Game 208: 1 steps, reward: -0.4, actions: 1
2025-04-22 00:13:49,589 - AlphaZero-Training - INFO - Game 210: 1 steps, reward: -0.4, actions: 1
2025-04-22 00:13:51,766 - AlphaZero-Training - INFO - Game 212: 1 steps, reward: -0.4, actions: 1
2025-04-22 00:13:54,472 - AlphaZero-Training - INFO - Game 214: 1 steps, reward: -0.4, actions: 1
2025-04-22 00:13:56,885 - AlphaZero-Training - INFO - Game 216: 1 steps, reward: -0.4, actions: 1
2025-04-22 00:13:59,431 - AlphaZero-Training - INFO - Game 218: 1 steps, reward: -0.4, actions: 1
2025-04-22 00:14:01,780 - AlphaZero-Training - INFO - Game 220: 1 steps, reward: -0.4, actions: 1
2025-04-22 00:14:04,734 - AlphaZero-Training - INFO - Game 222: 1 steps, reward: -0.4, actions: 1
2025-04-22 00:14:07,332 - AlphaZero-Training - INFO - Game 224: 1 steps, reward: -0.4, actions: 1
2025-04-22 00:14:09,477 - AlphaZero-Training - INFO - Game 226: 1 steps, reward: -0.4, actions: 1
2025-04-22 00:14:11,641 - AlphaZero-Training - INFO - Game 228: 1 steps, reward: -0.4, actions: 1
2025-04-22 00:14:14,042 - AlphaZero-Training - INFO - Game 230: 1 steps, reward: -0.4, actions: 1
2025-04-22 00:14:16,205 - AlphaZero-Training - INFO - Game 232: 1 steps, reward: -0.4, actions: 1
2025-04-22 00:14:18,658 - AlphaZero-Training - INFO - Game 234: 1 steps, reward: -0.4, actions: 1
2025-04-22 00:14:21,426 - AlphaZero-Training - INFO - Game 236: 1 steps, reward: -0.4, actions: 1
2025-04-22 00:14:23,603 - AlphaZero-Training - INFO - Game 238: 1 steps, reward: -0.4, actions: 1
2025-04-22 00:14:25,956 - AlphaZero-Training - INFO - Game 240: 1 steps, reward: -0.4, actions: 1
2025-04-22 00:14:28,213 - AlphaZero-Training - INFO - Game 242: 1 steps, reward: -0.4, actions: 1
2025-04-22 00:14:30,808 - AlphaZero-Training - INFO - Game 244: 1 steps, reward: -0.4, actions: 1
2025-04-22 00:14:33,544 - AlphaZero-Training - INFO - Game 246: 1 steps, reward: -0.4, actions: 1
2025-04-22 00:14:36,156 - AlphaZero-Training - INFO - Game 248: 1 steps, reward: -0.4, actions: 1
2025-04-22 00:14:38,690 - AlphaZero-Training - INFO - Game 250: 1 steps, reward: -0.4, actions: 1
2025-04-22 00:14:41,156 - AlphaZero-Training - INFO - Game 252: 1 steps, reward: -0.4, actions: 1
2025-04-22 00:14:43,555 - AlphaZero-Training - INFO - Game 254: 1 steps, reward: -0.4, actions: 1
2025-04-22 00:14:45,889 - AlphaZero-Training - INFO - Game 256: 1 steps, reward: -0.4, actions: 1
2025-04-22 00:14:48,795 - AlphaZero-Training - INFO - Game 258: 1 steps, reward: -0.4, actions: 1
2025-04-22 00:14:52,125 - AlphaZero-Training - INFO - Game 260: 1 steps, reward: -0.4, actions: 1
2025-04-22 00:14:54,435 - AlphaZero-Training - INFO - Game 262: 1 steps, reward: -0.4, actions: 1
2025-04-22 00:14:57,188 - AlphaZero-Training - INFO - Game 264: 1 steps, reward: -0.4, actions: 1
2025-04-22 00:14:59,787 - AlphaZero-Training - INFO - Game 266: 1 steps, reward: -0.4, actions: 1
2025-04-22 00:15:02,555 - AlphaZero-Training - INFO - Game 268: 1 steps, reward: -0.4, actions: 1
2025-04-22 00:15:05,275 - AlphaZero-Training - INFO - Game 270: 1 steps, reward: -0.4, actions: 1
2025-04-22 00:15:07,799 - AlphaZero-Training - INFO - Game 272: 1 steps, reward: -0.4, actions: 1
2025-04-22 00:15:10,057 - AlphaZero-Training - INFO - Game 274: 1 steps, reward: -0.4, actions: 1
2025-04-22 00:15:12,522 - AlphaZero-Training - INFO - Game 276: 1 steps, reward: -0.4, actions: 1
2025-04-22 00:15:15,339 - AlphaZero-Training - INFO - Game 278: 1 steps, reward: -0.4, actions: 1
2025-04-22 00:15:17,243 - AlphaZero-Training - INFO - Game 280: 1 steps, reward: -0.4, actions: 1
2025-04-22 00:15:19,647 - AlphaZero-Training - INFO - Game 282: 1 steps, reward: -0.4, actions: 1
2025-04-22 00:15:21,985 - AlphaZero-Training - INFO - Game 284: 1 steps, reward: -0.4, actions: 1
2025-04-22 00:15:23,891 - AlphaZero-Training - INFO - Game 286: 1 steps, reward: -0.4, actions: 1
2025-04-22 00:15:26,408 - AlphaZero-Training - INFO - Game 288: 1 steps, reward: -0.4, actions: 1
2025-04-22 00:15:28,618 - AlphaZero-Training - INFO - Game 290: 1 steps, reward: -0.4, actions: 1
2025-04-22 00:15:31,502 - AlphaZero-Training - INFO - Game 292: 1 steps, reward: -0.4, actions: 1
2025-04-22 00:15:33,926 - AlphaZero-Training - INFO - Game 294: 1 steps, reward: -0.4, actions: 1
2025-04-22 00:15:36,258 - AlphaZero-Training - INFO - Game 296: 1 steps, reward: -0.4, actions: 1
2025-04-22 00:15:38,645 - AlphaZero-Training - INFO - Game 298: 1 steps, reward: -0.4, actions: 1
2025-04-22 00:15:40,994 - AlphaZero-Training - INFO - Game 300: 1 steps, reward: -0.4, actions: 1
2025-04-22 00:15:43,099 - AlphaZero-Training - INFO - Game 302: 1 steps, reward: -0.4, actions: 1
2025-04-22 00:15:45,828 - AlphaZero-Training - INFO - Game 304: 1 steps, reward: -0.4, actions: 1
2025-04-22 00:15:48,324 - AlphaZero-Training - INFO - Game 306: 1 steps, reward: -0.4, actions: 1
2025-04-22 00:15:50,786 - AlphaZero-Training - INFO - Game 308: 1 steps, reward: -0.4, actions: 1
2025-04-22 00:15:53,433 - AlphaZero-Training - INFO - Game 310: 1 steps, reward: -0.4, actions: 1
2025-04-22 00:15:55,860 - AlphaZero-Training - INFO - Game 312: 1 steps, reward: -0.4, actions: 1
2025-04-22 00:15:58,280 - AlphaZero-Training - INFO - Game 314: 1 steps, reward: -0.4, actions: 1
2025-04-22 00:16:00,788 - AlphaZero-Training - INFO - Game 316: 1 steps, reward: -0.4, actions: 1
2025-04-22 00:16:03,014 - AlphaZero-Training - INFO - Game 318: 1 steps, reward: -0.4, actions: 1
2025-04-22 00:16:05,728 - AlphaZero-Training - INFO - Game 320: 1 steps, reward: -0.4, actions: 1
2025-04-22 00:16:07,921 - AlphaZero-Training - INFO - Game 322: 1 steps, reward: -0.4, actions: 1
2025-04-22 00:16:10,187 - AlphaZero-Training - INFO - Game 324: 1 steps, reward: -0.4, actions: 1
2025-04-22 00:16:12,741 - AlphaZero-Training - INFO - Game 326: 1 steps, reward: -0.4, actions: 1
2025-04-22 00:16:15,197 - AlphaZero-Training - INFO - Game 328: 1 steps, reward: -0.4, actions: 1
2025-04-22 00:16:17,575 - AlphaZero-Training - INFO - Game 330: 1 steps, reward: -0.4, actions: 1
2025-04-22 00:16:19,940 - AlphaZero-Training - INFO - Game 332: 1 steps, reward: 17, actions: 1
2025-04-22 00:16:22,494 - AlphaZero-Training - INFO - Game 334: 1 steps, reward: -0.4, actions: 1
2025-04-22 00:16:24,818 - AlphaZero-Training - INFO - Game 336: 1 steps, reward: -0.4, actions: 1
2025-04-22 00:16:27,302 - AlphaZero-Training - INFO - Game 338: 1 steps, reward: -0.4, actions: 1
2025-04-22 00:16:29,818 - AlphaZero-Training - INFO - Game 340: 1 steps, reward: -0.4, actions: 1
2025-04-22 00:16:31,839 - AlphaZero-Training - INFO - Game 342: 1 steps, reward: -0.4, actions: 1
2025-04-22 00:16:34,091 - AlphaZero-Training - INFO - Game 344: 1 steps, reward: -0.4, actions: 1
2025-04-22 00:16:36,414 - AlphaZero-Training - INFO - Game 346: 1 steps, reward: -0.4, actions: 1
2025-04-22 00:16:38,849 - AlphaZero-Training - INFO - Game 348: 1 steps, reward: -0.4, actions: 1
2025-04-22 00:16:41,288 - AlphaZero-Training - INFO - Game 350: 1 steps, reward: -0.4, actions: 1
2025-04-22 00:16:43,955 - AlphaZero-Training - INFO - Game 352: 1 steps, reward: -0.4, actions: 1
2025-04-22 00:16:46,173 - AlphaZero-Training - INFO - Game 354: 1 steps, reward: -0.4, actions: 1
2025-04-22 00:16:48,478 - AlphaZero-Training - INFO - Game 356: 1 steps, reward: -0.4, actions: 1
2025-04-22 00:16:50,934 - AlphaZero-Training - INFO - Game 358: 1 steps, reward: -0.4, actions: 1
2025-04-22 00:16:53,411 - AlphaZero-Training - INFO - Game 360: 1 steps, reward: -0.4, actions: 1
2025-04-22 00:16:55,597 - AlphaZero-Training - INFO - Game 362: 1 steps, reward: -0.4, actions: 1
2025-04-22 00:16:58,130 - AlphaZero-Training - INFO - Game 364: 1 steps, reward: -0.4, actions: 1
2025-04-22 00:17:00,415 - AlphaZero-Training - INFO - Game 366: 1 steps, reward: -0.4, actions: 1
2025-04-22 00:17:02,661 - AlphaZero-Training - INFO - Game 368: 1 steps, reward: -0.4, actions: 1
2025-04-22 00:17:05,343 - AlphaZero-Training - INFO - Game 370: 1 steps, reward: -0.4, actions: 1
2025-04-22 00:17:07,562 - AlphaZero-Training - INFO - Game 372: 1 steps, reward: -0.4, actions: 1
2025-04-22 00:17:09,929 - AlphaZero-Training - INFO - Game 374: 1 steps, reward: -0.4, actions: 1
2025-04-22 00:17:12,156 - AlphaZero-Training - INFO - Game 376: 1 steps, reward: -0.4, actions: 1
2025-04-22 00:17:14,723 - AlphaZero-Training - INFO - Game 378: 1 steps, reward: -0.4, actions: 1
2025-04-22 00:17:17,047 - AlphaZero-Training - INFO - Game 380: 1 steps, reward: -0.4, actions: 1
2025-04-22 00:17:19,158 - AlphaZero-Training - INFO - Game 382: 1 steps, reward: -0.4, actions: 1
2025-04-22 00:17:21,424 - AlphaZero-Training - INFO - Game 384: 1 steps, reward: -0.4, actions: 1
2025-04-22 00:17:24,143 - AlphaZero-Training - INFO - Game 386: 1 steps, reward: -0.4, actions: 1
2025-04-22 00:17:26,736 - AlphaZero-Training - INFO - Game 388: 1 steps, reward: -0.4, actions: 1
2025-04-22 00:17:29,470 - AlphaZero-Training - INFO - Game 390: 1 steps, reward: -0.4, actions: 1
2025-04-22 00:17:31,839 - AlphaZero-Training - INFO - Game 392: 1 steps, reward: -0.4, actions: 1
2025-04-22 00:17:33,890 - AlphaZero-Training - INFO - Game 394: 1 steps, reward: -0.4, actions: 1
2025-04-22 00:17:36,205 - AlphaZero-Training - INFO - Game 396: 1 steps, reward: -0.4, actions: 1
2025-04-22 00:17:38,605 - AlphaZero-Training - INFO - Game 398: 1 steps, reward: -0.4, actions: 1
2025-04-22 00:17:38,606 - AlphaZero-Training - INFO - Training losses - Total: 0.0000, Policy: 0.0000, Value: 0.0000
2025-04-22 00:17:38,607 - AlphaZero-Training - INFO - Iteration 3 completed in 243.87 seconds
2025-04-22 00:17:38,607 - AlphaZero-Training - INFO - Starting iteration 4/1000
2025-04-22 00:17:40,939 - AlphaZero-Training - INFO - Game 300: 1 steps, reward: -0.4, actions: 1
2025-04-22 00:17:43,460 - AlphaZero-Training - INFO - Game 302: 1 steps, reward: -0.4, actions: 1
2025-04-22 00:17:46,289 - AlphaZero-Training - INFO - Game 304: 1 steps, reward: -0.4, actions: 1
2025-04-22 00:17:48,703 - AlphaZero-Training - INFO - Game 306: 1 steps, reward: -0.4, actions: 1
2025-04-22 00:17:51,141 - AlphaZero-Training - INFO - Game 308: 1 steps, reward: -0.4, actions: 1
2025-04-22 00:17:53,368 - AlphaZero-Training - INFO - Game 310: 1 steps, reward: -0.4, actions: 1
2025-04-22 00:17:55,978 - AlphaZero-Training - INFO - Game 312: 1 steps, reward: -0.4, actions: 1
2025-04-22 00:17:58,396 - AlphaZero-Training - INFO - Game 314: 1 steps, reward: -0.4, actions: 1
2025-04-22 00:18:00,968 - AlphaZero-Training - INFO - Game 316: 1 steps, reward: -0.4, actions: 1
2025-04-22 00:18:03,934 - AlphaZero-Training - INFO - Game 318: 1 steps, reward: -0.4, actions: 1
2025-04-22 00:18:06,721 - AlphaZero-Training - INFO - Game 320: 1 steps, reward: -0.4, actions: 1
2025-04-22 00:18:09,242 - AlphaZero-Training - INFO - Game 322: 1 steps, reward: -0.4, actions: 1
2025-04-22 00:18:11,357 - AlphaZero-Training - INFO - Game 324: 1 steps, reward: -0.4, actions: 1
2025-04-22 00:18:13,664 - AlphaZero-Training - INFO - Game 326: 1 steps, reward: -0.4, actions: 1
2025-04-22 00:18:16,066 - AlphaZero-Training - INFO - Game 328: 1 steps, reward: -0.4, actions: 1
2025-04-22 00:18:18,523 - AlphaZero-Training - INFO - Game 330: 1 steps, reward: -0.4, actions: 1
2025-04-22 00:18:21,131 - AlphaZero-Training - INFO - Game 332: 1 steps, reward: -0.4, actions: 1
2025-04-22 00:18:23,964 - AlphaZero-Training - INFO - Game 334: 1 steps, reward: -0.4, actions: 1
2025-04-22 00:18:26,156 - AlphaZero-Training - INFO - Game 336: 1 steps, reward: -0.4, actions: 1
2025-04-22 00:18:28,123 - AlphaZero-Training - INFO - Game 338: 1 steps, reward: -0.4, actions: 1
2025-04-22 00:18:30,615 - AlphaZero-Training - INFO - Game 340: 1 steps, reward: -0.4, actions: 1
2025-04-22 00:18:33,160 - AlphaZero-Training - INFO - Game 342: 1 steps, reward: -0.4, actions: 1
2025-04-22 00:18:36,101 - AlphaZero-Training - INFO - Game 344: 1 steps, reward: -0.4, actions: 1
2025-04-22 00:18:38,712 - AlphaZero-Training - INFO - Game 346: 1 steps, reward: -0.4, actions: 1
2025-04-22 00:18:41,110 - AlphaZero-Training - INFO - Game 348: 1 steps, reward: -0.4, actions: 1
2025-04-22 00:18:43,348 - AlphaZero-Training - INFO - Game 350: 1 steps, reward: -0.4, actions: 1
2025-04-22 00:18:45,589 - AlphaZero-Training - INFO - Game 352: 1 steps, reward: -0.4, actions: 1
2025-04-22 00:18:47,921 - AlphaZero-Training - INFO - Game 354: 1 steps, reward: -0.4, actions: 1
2025-04-22 00:18:50,411 - AlphaZero-Training - INFO - Game 356: 1 steps, reward: -0.4, actions: 1
2025-04-22 00:18:52,933 - AlphaZero-Training - INFO - Game 358: 1 steps, reward: -0.4, actions: 1
2025-04-22 00:18:55,638 - AlphaZero-Training - INFO - Game 360: 1 steps, reward: -0.4, actions: 1
2025-04-22 00:18:58,401 - AlphaZero-Training - INFO - Game 362: 1 steps, reward: -0.4, actions: 1
2025-04-22 00:19:01,025 - AlphaZero-Training - INFO - Game 364: 1 steps, reward: -0.4, actions: 1
2025-04-22 00:19:03,574 - AlphaZero-Training - INFO - Game 366: 1 steps, reward: -0.4, actions: 1
2025-04-22 00:19:06,479 - AlphaZero-Training - INFO - Game 368: 1 steps, reward: -0.4, actions: 1
2025-04-22 00:19:08,969 - AlphaZero-Training - INFO - Game 370: 1 steps, reward: -0.4, actions: 1
2025-04-22 00:19:11,203 - AlphaZero-Training - INFO - Game 372: 1 steps, reward: -0.4, actions: 1
2025-04-22 00:19:13,462 - AlphaZero-Training - INFO - Game 374: 1 steps, reward: -0.4, actions: 1
2025-04-22 00:19:15,810 - AlphaZero-Training - INFO - Game 376: 1 steps, reward: -0.4, actions: 1
2025-04-22 00:19:18,304 - AlphaZero-Training - INFO - Game 378: 1 steps, reward: -0.4, actions: 1
2025-04-22 00:19:20,505 - AlphaZero-Training - INFO - Game 380: 1 steps, reward: -0.4, actions: 1
2025-04-22 00:19:23,110 - AlphaZero-Training - INFO - Game 382: 1 steps, reward: -0.4, actions: 1
2025-04-22 00:19:25,703 - AlphaZero-Training - INFO - Game 384: 1 steps, reward: -0.4, actions: 1
2025-04-22 00:19:28,383 - AlphaZero-Training - INFO - Game 386: 1 steps, reward: -0.4, actions: 1
2025-04-22 00:19:30,697 - AlphaZero-Training - INFO - Game 388: 1 steps, reward: -0.4, actions: 1
2025-04-22 00:19:32,902 - AlphaZero-Training - INFO - Game 390: 1 steps, reward: -0.4, actions: 1
2025-04-22 00:19:35,151 - AlphaZero-Training - INFO - Game 392: 1 steps, reward: -0.4, actions: 1
2025-04-22 00:19:37,473 - AlphaZero-Training - INFO - Game 394: 1 steps, reward: -0.4, actions: 1
2025-04-22 00:19:40,030 - AlphaZero-Training - INFO - Game 396: 1 steps, reward: -0.4, actions: 1
2025-04-22 00:19:42,768 - AlphaZero-Training - INFO - Game 398: 1 steps, reward: -0.4, actions: 1
2025-04-22 00:19:45,425 - AlphaZero-Training - INFO - Game 400: 1 steps, reward: -0.4, actions: 1
2025-04-22 00:19:47,535 - AlphaZero-Training - INFO - Game 402: 1 steps, reward: -0.4, actions: 1
2025-04-22 00:19:49,990 - AlphaZero-Training - INFO - Game 404: 1 steps, reward: -0.4, actions: 1
2025-04-22 00:19:52,484 - AlphaZero-Training - INFO - Game 406: 1 steps, reward: -0.4, actions: 1
2025-04-22 00:19:55,221 - AlphaZero-Training - INFO - Game 408: 1 steps, reward: -0.4, actions: 1
2025-04-22 00:19:57,615 - AlphaZero-Training - INFO - Game 410: 1 steps, reward: -0.4, actions: 1
2025-04-22 00:20:00,160 - AlphaZero-Training - INFO - Game 412: 1 steps, reward: -0.4, actions: 1
2025-04-22 00:20:03,057 - AlphaZero-Training - INFO - Game 414: 1 steps, reward: -0.4, actions: 1
2025-04-22 00:20:05,427 - AlphaZero-Training - INFO - Game 416: 1 steps, reward: -0.4, actions: 1
2025-04-22 00:20:07,833 - AlphaZero-Training - INFO - Game 418: 1 steps, reward: -0.4, actions: 1
2025-04-22 00:20:10,020 - AlphaZero-Training - INFO - Game 420: 1 steps, reward: -0.4, actions: 1
2025-04-22 00:20:12,232 - AlphaZero-Training - INFO - Game 422: 1 steps, reward: -0.4, actions: 1
2025-04-22 00:20:14,712 - AlphaZero-Training - INFO - Game 424: 1 steps, reward: -0.4, actions: 1
2025-04-22 00:20:17,264 - AlphaZero-Training - INFO - Game 426: 1 steps, reward: -0.4, actions: 1
2025-04-22 00:20:19,765 - AlphaZero-Training - INFO - Game 428: 1 steps, reward: -0.4, actions: 1
2025-04-22 00:20:22,093 - AlphaZero-Training - INFO - Game 430: 1 steps, reward: -0.4, actions: 1
2025-04-22 00:20:24,516 - AlphaZero-Training - INFO - Game 432: 1 steps, reward: -0.4, actions: 1
2025-04-22 00:20:26,923 - AlphaZero-Training - INFO - Game 434: 1 steps, reward: -0.4, actions: 1
2025-04-22 00:20:29,046 - AlphaZero-Training - INFO - Game 436: 1 steps, reward: -0.4, actions: 1
2025-04-22 00:20:31,667 - AlphaZero-Training - INFO - Game 438: 1 steps, reward: -0.4, actions: 1
2025-04-22 00:20:33,747 - AlphaZero-Training - INFO - Game 440: 1 steps, reward: -0.4, actions: 1
2025-04-22 00:20:36,502 - AlphaZero-Training - INFO - Game 442: 1 steps, reward: -0.4, actions: 1
2025-04-22 00:20:38,945 - AlphaZero-Training - INFO - Game 444: 1 steps, reward: -0.4, actions: 1
2025-04-22 00:20:41,625 - AlphaZero-Training - INFO - Game 446: 1 steps, reward: -0.4, actions: 1
2025-04-22 00:20:44,454 - AlphaZero-Training - INFO - Game 448: 1 steps, reward: -0.4, actions: 1
2025-04-22 00:20:47,272 - AlphaZero-Training - INFO - Game 450: 1 steps, reward: -0.4, actions: 1
2025-04-22 00:20:50,040 - AlphaZero-Training - INFO - Game 452: 1 steps, reward: -0.4, actions: 1
2025-04-22 00:20:52,676 - AlphaZero-Training - INFO - Game 454: 1 steps, reward: -0.4, actions: 1
2025-04-22 00:20:55,343 - AlphaZero-Training - INFO - Game 456: 1 steps, reward: -0.4, actions: 1
2025-04-22 00:20:57,727 - AlphaZero-Training - INFO - Game 458: 1 steps, reward: -0.4, actions: 1
2025-04-22 00:20:59,898 - AlphaZero-Training - INFO - Game 460: 1 steps, reward: -0.4, actions: 1
2025-04-22 00:21:02,106 - AlphaZero-Training - INFO - Game 462: 1 steps, reward: -0.4, actions: 1
2025-04-22 00:21:04,860 - AlphaZero-Training - INFO - Game 464: 1 steps, reward: -0.4, actions: 1
2025-04-22 00:21:07,339 - AlphaZero-Training - INFO - Game 466: 1 steps, reward: -0.4, actions: 1
2025-04-22 00:21:09,709 - AlphaZero-Training - INFO - Game 468: 1 steps, reward: -0.4, actions: 1
2025-04-22 00:21:12,313 - AlphaZero-Training - INFO - Game 470: 1 steps, reward: -0.4, actions: 1
2025-04-22 00:21:14,724 - AlphaZero-Training - INFO - Game 472: 1 steps, reward: -0.4, actions: 1
2025-04-22 00:21:17,610 - AlphaZero-Training - INFO - Game 474: 1 steps, reward: -0.4, actions: 1
2025-04-22 00:21:20,049 - AlphaZero-Training - INFO - Game 476: 1 steps, reward: -0.4, actions: 1
2025-04-22 00:21:22,746 - AlphaZero-Training - INFO - Game 478: 1 steps, reward: -0.4, actions: 1
2025-04-22 00:21:25,163 - AlphaZero-Training - INFO - Game 480: 1 steps, reward: -0.4, actions: 1
2025-04-22 00:21:27,508 - AlphaZero-Training - INFO - Game 482: 1 steps, reward: -0.4, actions: 1
2025-04-22 00:21:29,740 - AlphaZero-Training - INFO - Game 484: 1 steps, reward: -0.4, actions: 1
2025-04-22 00:21:32,311 - AlphaZero-Training - INFO - Game 486: 1 steps, reward: -0.4, actions: 1
2025-04-22 00:21:34,850 - AlphaZero-Training - INFO - Game 488: 1 steps, reward: -0.4, actions: 1
2025-04-22 00:21:37,286 - AlphaZero-Training - INFO - Game 490: 1 steps, reward: -0.4, actions: 1
2025-04-22 00:21:39,510 - AlphaZero-Training - INFO - Game 492: 1 steps, reward: -0.4, actions: 1
2025-04-22 00:21:42,028 - AlphaZero-Training - INFO - Game 494: 1 steps, reward: -0.4, actions: 1
2025-04-22 00:21:44,307 - AlphaZero-Training - INFO - Game 496: 1 steps, reward: -0.4, actions: 1
2025-04-22 00:21:46,659 - AlphaZero-Training - INFO - Game 498: 1 steps, reward: -0.4, actions: 1
2025-04-22 00:21:46,660 - AlphaZero-Training - INFO - Training losses - Total: 0.0000, Policy: 0.0000, Value: 0.0000
2025-04-22 00:21:46,661 - AlphaZero-Training - INFO - Iteration 4 completed in 248.05 seconds
2025-04-22 00:21:46,661 - AlphaZero-Training - INFO - Starting iteration 5/1000
2025-04-22 00:21:49,111 - AlphaZero-Training - INFO - Game 400: 1 steps, reward: -0.4, actions: 1
2025-04-22 00:21:51,490 - AlphaZero-Training - INFO - Game 402: 1 steps, reward: -0.4, actions: 1
2025-04-22 00:21:53,977 - AlphaZero-Training - INFO - Game 404: 1 steps, reward: -0.4, actions: 1
2025-04-22 00:21:56,150 - AlphaZero-Training - INFO - Game 406: 1 steps, reward: -0.4, actions: 1
2025-04-22 00:21:58,576 - AlphaZero-Training - INFO - Game 408: 1 steps, reward: -0.4, actions: 1
2025-04-22 00:22:00,817 - AlphaZero-Training - INFO - Game 410: 1 steps, reward: -0.4, actions: 1
2025-04-22 00:22:03,163 - AlphaZero-Training - INFO - Game 412: 1 steps, reward: -0.4, actions: 1
2025-04-22 00:22:05,525 - AlphaZero-Training - INFO - Game 414: 1 steps, reward: -0.4, actions: 1
2025-04-22 00:22:07,769 - AlphaZero-Training - INFO - Game 416: 1 steps, reward: -0.4, actions: 1
2025-04-22 00:22:10,068 - AlphaZero-Training - INFO - Game 418: 1 steps, reward: -0.4, actions: 1
2025-04-22 00:22:12,189 - AlphaZero-Training - INFO - Game 420: 1 steps, reward: -0.4, actions: 1
2025-04-22 00:22:14,762 - AlphaZero-Training - INFO - Game 422: 1 steps, reward: -0.4, actions: 1
2025-04-22 00:22:17,422 - AlphaZero-Training - INFO - Game 424: 1 steps, reward: -0.4, actions: 1
2025-04-22 00:22:20,647 - AlphaZero-Training - INFO - Game 426: 1 steps, reward: -0.4, actions: 1
2025-04-22 00:22:23,239 - AlphaZero-Training - INFO - Game 428: 1 steps, reward: -0.4, actions: 1
2025-04-22 00:22:25,828 - AlphaZero-Training - INFO - Game 430: 1 steps, reward: -0.4, actions: 1
2025-04-22 00:22:28,447 - AlphaZero-Training - INFO - Game 432: 1 steps, reward: -0.4, actions: 1
2025-04-22 00:22:30,798 - AlphaZero-Training - INFO - Game 434: 1 steps, reward: -0.4, actions: 1
2025-04-22 00:22:33,239 - AlphaZero-Training - INFO - Game 436: 1 steps, reward: -0.4, actions: 1
2025-04-22 00:22:35,832 - AlphaZero-Training - INFO - Game 438: 1 steps, reward: -0.4, actions: 1
2025-04-22 00:22:38,230 - AlphaZero-Training - INFO - Game 440: 1 steps, reward: -0.4, actions: 1
2025-04-22 00:22:40,786 - AlphaZero-Training - INFO - Game 442: 1 steps, reward: -0.4, actions: 1
2025-04-22 00:22:43,152 - AlphaZero-Training - INFO - Game 444: 1 steps, reward: -0.4, actions: 1
2025-04-22 00:22:45,586 - AlphaZero-Training - INFO - Game 446: 1 steps, reward: -0.4, actions: 1
2025-04-22 00:22:48,307 - AlphaZero-Training - INFO - Game 448: 1 steps, reward: -0.4, actions: 1
2025-04-22 00:22:50,861 - AlphaZero-Training - INFO - Game 450: 1 steps, reward: -0.4, actions: 1
2025-04-22 00:22:53,691 - AlphaZero-Training - INFO - Game 452: 1 steps, reward: -0.4, actions: 1
2025-04-22 00:22:56,613 - AlphaZero-Training - INFO - Game 454: 1 steps, reward: -0.4, actions: 1
2025-04-22 00:22:59,152 - AlphaZero-Training - INFO - Game 456: 1 steps, reward: -0.4, actions: 1
2025-04-22 00:23:01,312 - AlphaZero-Training - INFO - Game 458: 1 steps, reward: -0.4, actions: 1
2025-04-22 00:23:03,594 - AlphaZero-Training - INFO - Game 460: 1 steps, reward: -0.4, actions: 1
2025-04-22 00:23:06,007 - AlphaZero-Training - INFO - Game 462: 1 steps, reward: -0.4, actions: 1
2025-04-22 00:23:08,653 - AlphaZero-Training - INFO - Game 464: 1 steps, reward: -0.4, actions: 1
2025-04-22 00:23:11,093 - AlphaZero-Training - INFO - Game 466: 1 steps, reward: -0.4, actions: 1
2025-04-22 00:23:13,611 - AlphaZero-Training - INFO - Game 468: 1 steps, reward: -0.4, actions: 1
2025-04-22 00:23:15,636 - AlphaZero-Training - INFO - Game 470: 1 steps, reward: -0.4, actions: 1
2025-04-22 00:23:18,332 - AlphaZero-Training - INFO - Game 472: 1 steps, reward: -0.4, actions: 1
2025-04-22 00:23:20,754 - AlphaZero-Training - INFO - Game 474: 1 steps, reward: -0.4, actions: 1
2025-04-22 00:23:23,156 - AlphaZero-Training - INFO - Game 476: 1 steps, reward: -0.4, actions: 1
2025-04-22 00:23:25,877 - AlphaZero-Training - INFO - Game 478: 1 steps, reward: -0.4, actions: 1
2025-04-22 00:23:28,228 - AlphaZero-Training - INFO - Game 480: 1 steps, reward: -0.4, actions: 1
2025-04-22 00:23:30,879 - AlphaZero-Training - INFO - Game 482: 1 steps, reward: -0.4, actions: 1
2025-04-22 00:23:33,434 - AlphaZero-Training - INFO - Game 484: 1 steps, reward: -0.4, actions: 1
2025-04-22 00:23:36,043 - AlphaZero-Training - INFO - Game 486: 1 steps, reward: -0.4, actions: 1
2025-04-22 00:23:38,708 - AlphaZero-Training - INFO - Game 488: 1 steps, reward: -0.4, actions: 1
2025-04-22 00:23:41,273 - AlphaZero-Training - INFO - Game 490: 1 steps, reward: -0.4, actions: 1
2025-04-22 00:23:43,832 - AlphaZero-Training - INFO - Game 492: 1 steps, reward: -0.4, actions: 1
2025-04-22 00:23:46,448 - AlphaZero-Training - INFO - Game 494: 1 steps, reward: -0.4, actions: 1
2025-04-22 00:23:48,850 - AlphaZero-Training - INFO - Game 496: 1 steps, reward: -0.4, actions: 1
2025-04-22 00:23:51,273 - AlphaZero-Training - INFO - Game 498: 1 steps, reward: -0.4, actions: 1
2025-04-22 00:23:53,761 - AlphaZero-Training - INFO - Game 500: 1 steps, reward: -0.4, actions: 1
2025-04-22 00:23:56,187 - AlphaZero-Training - INFO - Game 502: 1 steps, reward: -0.4, actions: 1
2025-04-22 00:23:58,571 - AlphaZero-Training - INFO - Game 504: 1 steps, reward: -0.4, actions: 1
2025-04-22 00:24:00,936 - AlphaZero-Training - INFO - Game 506: 1 steps, reward: -0.4, actions: 1
2025-04-22 00:24:03,445 - AlphaZero-Training - INFO - Game 508: 1 steps, reward: -0.4, actions: 1
2025-04-22 00:24:05,957 - AlphaZero-Training - INFO - Game 510: 1 steps, reward: -0.4, actions: 1
2025-04-22 00:24:08,511 - AlphaZero-Training - INFO - Game 512: 1 steps, reward: -0.4, actions: 1
2025-04-22 00:24:11,418 - AlphaZero-Training - INFO - Game 514: 1 steps, reward: -0.4, actions: 1
2025-04-22 00:24:13,771 - AlphaZero-Training - INFO - Game 516: 1 steps, reward: -0.4, actions: 1
2025-04-22 00:24:15,978 - AlphaZero-Training - INFO - Game 518: 1 steps, reward: -0.4, actions: 1
2025-04-22 00:24:18,371 - AlphaZero-Training - INFO - Game 520: 1 steps, reward: -0.4, actions: 1
2025-04-22 00:24:20,659 - AlphaZero-Training - INFO - Game 522: 1 steps, reward: -0.4, actions: 1
2025-04-22 00:24:23,082 - AlphaZero-Training - INFO - Game 524: 1 steps, reward: -0.4, actions: 1
2025-04-22 00:24:25,791 - AlphaZero-Training - INFO - Game 526: 1 steps, reward: -0.4, actions: 1
2025-04-22 00:24:28,555 - AlphaZero-Training - INFO - Game 528: 1 steps, reward: -0.4, actions: 1
2025-04-22 00:24:31,195 - AlphaZero-Training - INFO - Game 530: 1 steps, reward: -0.4, actions: 1
2025-04-22 00:24:34,391 - AlphaZero-Training - INFO - Game 532: 1 steps, reward: -0.4, actions: 1
2025-04-22 00:24:37,148 - AlphaZero-Training - INFO - Game 534: 1 steps, reward: -0.4, actions: 1
2025-04-22 00:24:39,363 - AlphaZero-Training - INFO - Game 536: 1 steps, reward: -0.4, actions: 1
2025-04-22 00:24:41,935 - AlphaZero-Training - INFO - Game 538: 1 steps, reward: -0.4, actions: 1
2025-04-22 00:24:44,327 - AlphaZero-Training - INFO - Game 540: 1 steps, reward: -0.4, actions: 1
2025-04-22 00:24:46,359 - AlphaZero-Training - INFO - Game 542: 1 steps, reward: -0.4, actions: 1
2025-04-22 00:24:48,734 - AlphaZero-Training - INFO - Game 544: 1 steps, reward: -0.4, actions: 1
2025-04-22 00:24:51,560 - AlphaZero-Training - INFO - Game 546: 1 steps, reward: -0.4, actions: 1
2025-04-22 00:24:54,041 - AlphaZero-Training - INFO - Game 548: 1 steps, reward: -0.4, actions: 1
2025-04-22 00:24:56,739 - AlphaZero-Training - INFO - Game 550: 1 steps, reward: -0.4, actions: 1
2025-04-22 00:24:59,667 - AlphaZero-Training - INFO - Game 552: 1 steps, reward: -0.4, actions: 1
2025-04-22 00:25:02,286 - AlphaZero-Training - INFO - Game 554: 1 steps, reward: -0.4, actions: 1
2025-04-22 00:25:04,952 - AlphaZero-Training - INFO - Game 556: 1 steps, reward: -0.4, actions: 1
2025-04-22 00:25:07,545 - AlphaZero-Training - INFO - Game 558: 1 steps, reward: -0.4, actions: 1
2025-04-22 00:25:10,569 - AlphaZero-Training - INFO - Game 560: 1 steps, reward: -0.4, actions: 1
2025-04-22 00:25:13,360 - AlphaZero-Training - INFO - Game 562: 1 steps, reward: -0.4, actions: 1
2025-04-22 00:25:16,168 - AlphaZero-Training - INFO - Game 564: 1 steps, reward: -0.4, actions: 1
2025-04-22 00:25:18,686 - AlphaZero-Training - INFO - Game 566: 1 steps, reward: -0.4, actions: 1
2025-04-22 00:25:21,219 - AlphaZero-Training - INFO - Game 568: 1 steps, reward: -0.4, actions: 1
2025-04-22 00:25:23,346 - AlphaZero-Training - INFO - Game 570: 1 steps, reward: -0.4, actions: 1
2025-04-22 00:25:26,550 - AlphaZero-Training - INFO - Game 572: 1 steps, reward: -0.4, actions: 1
2025-04-22 00:25:28,945 - AlphaZero-Training - INFO - Game 574: 1 steps, reward: -0.4, actions: 1
2025-04-22 00:25:31,405 - AlphaZero-Training - INFO - Game 576: 1 steps, reward: -0.4, actions: 1
2025-04-22 00:25:33,984 - AlphaZero-Training - INFO - Game 578: 1 steps, reward: -0.4, actions: 1
2025-04-22 00:25:36,597 - AlphaZero-Training - INFO - Game 580: 1 steps, reward: -0.4, actions: 1
2025-04-22 00:25:38,818 - AlphaZero-Training - INFO - Game 582: 1 steps, reward: -0.4, actions: 1
2025-04-22 00:25:41,506 - AlphaZero-Training - INFO - Game 584: 1 steps, reward: -0.4, actions: 1
2025-04-22 00:25:44,029 - AlphaZero-Training - INFO - Game 586: 1 steps, reward: -0.4, actions: 1
2025-04-22 00:25:46,767 - AlphaZero-Training - INFO - Game 588: 1 steps, reward: -0.4, actions: 1
2025-04-22 00:25:49,364 - AlphaZero-Training - INFO - Game 590: 1 steps, reward: -0.4, actions: 1
2025-04-22 00:25:51,972 - AlphaZero-Training - INFO - Game 592: 1 steps, reward: -0.4, actions: 1
2025-04-22 00:25:54,400 - AlphaZero-Training - INFO - Game 594: 1 steps, reward: -0.4, actions: 1
2025-04-22 00:25:56,967 - AlphaZero-Training - INFO - Game 596: 1 steps, reward: -0.4, actions: 1
2025-04-22 00:25:59,798 - AlphaZero-Training - INFO - Game 598: 1 steps, reward: -0.4, actions: 1
2025-04-22 00:25:59,799 - AlphaZero-Training - INFO - Training losses - Total: 0.0000, Policy: 0.0000, Value: 0.0000
2025-04-22 00:25:59,799 - AlphaZero-Training - INFO - Iteration 5 completed in 253.14 seconds
2025-04-22 00:25:59,800 - AlphaZero-Training - INFO - Starting iteration 6/1000
2025-04-22 00:26:02,628 - AlphaZero-Training - INFO - Game 500: 1 steps, reward: -0.4, actions: 1
2025-04-22 00:26:05,438 - AlphaZero-Training - INFO - Game 502: 1 steps, reward: -0.4, actions: 1
2025-04-22 00:26:07,845 - AlphaZero-Training - INFO - Game 504: 1 steps, reward: -0.4, actions: 1
