2025-04-22 00:33:18,273 - AlphaZero-Training - INFO - State shape: 162, Action size: 88
2025-04-22 00:33:19,563 - AlphaZero-Training - INFO - Starting iteration 1/1000
2025-04-22 00:33:22,669 - AlphaZero-Training - INFO - Game 0: 1 steps, reward: -0.4, actions: 1
2025-04-22 00:33:24,063 - AlphaZero-Training - INFO - Game 2: 1 steps, reward: -0.4, actions: 1
2025-04-22 00:33:25,571 - AlphaZero-Training - INFO - Game 4: 1 steps, reward: -0.4, actions: 1
2025-04-22 00:33:27,315 - AlphaZero-Training - INFO - Game 6: 1 steps, reward: -0.4, actions: 1
2025-04-22 00:33:29,293 - AlphaZero-Training - INFO - Game 8: 1 steps, reward: -0.4, actions: 1
2025-04-22 00:33:31,361 - AlphaZero-Training - INFO - Game 10: 1 steps, reward: -0.4, actions: 1
2025-04-22 00:33:33,059 - AlphaZero-Training - INFO - Game 12: 1 steps, reward: -0.4, actions: 1
2025-04-22 00:33:34,400 - AlphaZero-Training - INFO - Game 14: 2 steps, reward: -0.8, actions: 2
2025-04-22 00:33:36,559 - AlphaZero-Training - INFO - Game 16: 2 steps, reward: -0.8, actions: 2
2025-04-22 00:33:38,344 - AlphaZero-Training - INFO - Game 18: 1 steps, reward: -0.4, actions: 1
2025-04-22 00:33:39,950 - AlphaZero-Training - INFO - Game 20: 1 steps, reward: -0.4, actions: 1
2025-04-22 00:33:41,771 - AlphaZero-Training - INFO - Game 22: 3 steps, reward: -1.2000000000000002, actions: 3
2025-04-22 00:33:43,259 - AlphaZero-Training - INFO - Game 24: 1 steps, reward: -0.4, actions: 1
2025-04-22 00:33:45,219 - AlphaZero-Training - INFO - Game 26: 1 steps, reward: -0.4, actions: 1
2025-04-22 00:33:46,917 - AlphaZero-Training - INFO - Game 28: 1 steps, reward: -0.4, actions: 1
2025-04-22 00:33:48,529 - AlphaZero-Training - INFO - Game 30: 1 steps, reward: -0.4, actions: 1
2025-04-22 00:33:50,234 - AlphaZero-Training - INFO - Game 32: 1 steps, reward: -0.4, actions: 1
2025-04-22 00:33:52,185 - AlphaZero-Training - INFO - Game 34: 1 steps, reward: -0.4, actions: 1
2025-04-22 00:33:53,690 - AlphaZero-Training - INFO - Game 36: 1 steps, reward: -0.4, actions: 1
2025-04-22 00:33:55,617 - AlphaZero-Training - INFO - Game 38: 1 steps, reward: -0.4, actions: 1
2025-04-22 00:33:57,951 - AlphaZero-Training - INFO - Game 40: 1 steps, reward: -0.4, actions: 1
2025-04-22 00:33:59,349 - AlphaZero-Training - INFO - Game 42: 1 steps, reward: -0.4, actions: 1
2025-04-22 00:34:01,613 - AlphaZero-Training - INFO - Game 44: 1 steps, reward: -0.4, actions: 1
2025-04-22 00:34:03,472 - AlphaZero-Training - INFO - Game 46: 1 steps, reward: -0.4, actions: 1
2025-04-22 00:34:05,843 - AlphaZero-Training - INFO - Game 48: 1 steps, reward: -0.4, actions: 1
2025-04-22 00:34:08,088 - AlphaZero-Training - INFO - Game 50: 1 steps, reward: -0.4, actions: 1
2025-04-22 00:34:10,359 - AlphaZero-Training - INFO - Game 52: 1 steps, reward: -0.4, actions: 1
2025-04-22 00:34:12,223 - AlphaZero-Training - INFO - Game 54: 1 steps, reward: -0.4, actions: 1
2025-04-22 00:34:14,008 - AlphaZero-Training - INFO - Game 56: 1 steps, reward: -0.4, actions: 1
2025-04-22 00:34:15,873 - AlphaZero-Training - INFO - Game 58: 1 steps, reward: -0.4, actions: 1
2025-04-22 00:34:17,775 - AlphaZero-Training - INFO - Game 60: 1 steps, reward: -0.4, actions: 1
2025-04-22 00:34:19,624 - AlphaZero-Training - INFO - Game 62: 1 steps, reward: -0.4, actions: 1
2025-04-22 00:34:21,052 - AlphaZero-Training - INFO - Game 64: 1 steps, reward: -0.4, actions: 1
2025-04-22 00:34:22,903 - AlphaZero-Training - INFO - Game 66: 1 steps, reward: -0.4, actions: 1
2025-04-22 00:34:25,323 - AlphaZero-Training - INFO - Game 68: 1 steps, reward: -0.4, actions: 1
2025-04-22 00:34:27,202 - AlphaZero-Training - INFO - Game 70: 1 steps, reward: -0.4, actions: 1
2025-04-22 00:34:29,415 - AlphaZero-Training - INFO - Game 72: 2 steps, reward: -0.8, actions: 2
2025-04-22 00:34:31,660 - AlphaZero-Training - INFO - Game 74: 1 steps, reward: -0.4, actions: 1
2025-04-22 00:34:33,957 - AlphaZero-Training - INFO - Game 76: 1 steps, reward: -0.4, actions: 1
2025-04-22 00:34:35,585 - AlphaZero-Training - INFO - Game 78: 1 steps, reward: -0.4, actions: 1
2025-04-22 00:34:37,175 - AlphaZero-Training - INFO - Game 80: 1 steps, reward: -0.4, actions: 1
2025-04-22 00:34:39,353 - AlphaZero-Training - INFO - Game 82: 1 steps, reward: -0.4, actions: 1
2025-04-22 00:34:41,394 - AlphaZero-Training - INFO - Game 84: 1 steps, reward: -0.4, actions: 1
2025-04-22 00:34:43,552 - AlphaZero-Training - INFO - Game 86: 1 steps, reward: -0.4, actions: 1
2025-04-22 00:34:45,640 - AlphaZero-Training - INFO - Game 88: 1 steps, reward: -0.4, actions: 1
2025-04-22 00:34:47,203 - AlphaZero-Training - INFO - Game 90: 1 steps, reward: -0.4, actions: 1
2025-04-22 00:34:48,845 - AlphaZero-Training - INFO - Game 92: 1 steps, reward: -0.4, actions: 1
2025-04-22 00:34:50,881 - AlphaZero-Training - INFO - Game 94: 1 steps, reward: -0.4, actions: 1
2025-04-22 00:34:52,611 - AlphaZero-Training - INFO - Game 96: 3 steps, reward: -1.2000000000000002, actions: 3
2025-04-22 00:34:54,625 - AlphaZero-Training - INFO - Game 98: 1 steps, reward: -0.4, actions: 1
2025-04-22 00:34:55,931 - AlphaZero-Training - INFO - Game 100: 1 steps, reward: -0.4, actions: 1
2025-04-22 00:34:57,639 - AlphaZero-Training - INFO - Game 102: 1 steps, reward: -0.4, actions: 1
2025-04-22 00:34:59,531 - AlphaZero-Training - INFO - Game 104: 1 steps, reward: -0.4, actions: 1
2025-04-22 00:35:01,338 - AlphaZero-Training - INFO - Game 106: 1 steps, reward: -0.4, actions: 1
2025-04-22 00:35:02,996 - AlphaZero-Training - INFO - Game 108: 1 steps, reward: -0.4, actions: 1
2025-04-22 00:35:04,847 - AlphaZero-Training - INFO - Game 110: 1 steps, reward: -0.4, actions: 1
2025-04-22 00:35:06,595 - AlphaZero-Training - INFO - Game 112: 1 steps, reward: -0.4, actions: 1
2025-04-22 00:35:08,400 - AlphaZero-Training - INFO - Game 114: 1 steps, reward: -0.4, actions: 1
2025-04-22 00:35:10,034 - AlphaZero-Training - INFO - Game 116: 1 steps, reward: -0.4, actions: 1
2025-04-22 00:35:12,026 - AlphaZero-Training - INFO - Game 118: 1 steps, reward: -0.4, actions: 1
2025-04-22 00:35:13,866 - AlphaZero-Training - INFO - Game 120: 1 steps, reward: -0.4, actions: 1
2025-04-22 00:35:15,382 - AlphaZero-Training - INFO - Game 122: 1 steps, reward: -0.4, actions: 1
2025-04-22 00:35:17,441 - AlphaZero-Training - INFO - Game 124: 1 steps, reward: -0.4, actions: 1
2025-04-22 00:35:19,648 - AlphaZero-Training - INFO - Game 126: 1 steps, reward: 17, actions: 1
2025-04-22 00:35:21,770 - AlphaZero-Training - INFO - Game 128: 1 steps, reward: -0.4, actions: 1
2025-04-22 00:35:23,970 - AlphaZero-Training - INFO - Game 130: 1 steps, reward: -0.4, actions: 1
2025-04-22 00:35:25,624 - AlphaZero-Training - INFO - Game 132: 1 steps, reward: -0.4, actions: 1
2025-04-22 00:35:27,660 - AlphaZero-Training - INFO - Game 134: 3 steps, reward: 16.200000000000003, actions: 3
2025-04-22 00:35:29,480 - AlphaZero-Training - INFO - Game 136: 1 steps, reward: -0.4, actions: 1
2025-04-22 00:35:31,381 - AlphaZero-Training - INFO - Game 138: 1 steps, reward: -0.4, actions: 1
2025-04-22 00:35:33,615 - AlphaZero-Training - INFO - Game 140: 1 steps, reward: -0.4, actions: 1
2025-04-22 00:35:35,361 - AlphaZero-Training - INFO - Game 142: 1 steps, reward: -0.4, actions: 1
2025-04-22 00:35:37,084 - AlphaZero-Training - INFO - Game 144: 1 steps, reward: -0.4, actions: 1
2025-04-22 00:35:38,743 - AlphaZero-Training - INFO - Game 146: 1 steps, reward: -0.4, actions: 1
2025-04-22 00:35:40,402 - AlphaZero-Training - INFO - Game 148: 1 steps, reward: -0.4, actions: 1
2025-04-22 00:35:42,257 - AlphaZero-Training - INFO - Game 150: 1 steps, reward: -0.4, actions: 1
2025-04-22 00:35:43,970 - AlphaZero-Training - INFO - Game 152: 1 steps, reward: -0.4, actions: 1
2025-04-22 00:35:45,732 - AlphaZero-Training - INFO - Game 154: 1 steps, reward: -0.4, actions: 1
2025-04-22 00:35:47,575 - AlphaZero-Training - INFO - Game 156: 1 steps, reward: -0.4, actions: 1
2025-04-22 00:35:49,479 - AlphaZero-Training - INFO - Game 158: 1 steps, reward: -0.4, actions: 1
2025-04-22 00:35:50,822 - AlphaZero-Training - INFO - Game 160: 1 steps, reward: -0.4, actions: 1
2025-04-22 00:35:52,357 - AlphaZero-Training - INFO - Game 162: 1 steps, reward: -0.4, actions: 1
2025-04-22 00:35:54,008 - AlphaZero-Training - INFO - Game 164: 1 steps, reward: -0.4, actions: 1
2025-04-22 00:35:55,730 - AlphaZero-Training - INFO - Game 166: 1 steps, reward: -0.4, actions: 1
2025-04-22 00:35:57,517 - AlphaZero-Training - INFO - Game 168: 1 steps, reward: -0.4, actions: 1
2025-04-22 00:35:59,480 - AlphaZero-Training - INFO - Game 170: 1 steps, reward: -0.4, actions: 1
2025-04-22 00:36:01,359 - AlphaZero-Training - INFO - Game 172: 1 steps, reward: -0.4, actions: 1
2025-04-22 00:36:02,904 - AlphaZero-Training - INFO - Game 174: 1 steps, reward: -0.4, actions: 1
2025-04-22 00:36:04,818 - AlphaZero-Training - INFO - Game 176: 1 steps, reward: -0.4, actions: 1
2025-04-22 00:36:06,468 - AlphaZero-Training - INFO - Game 178: 1 steps, reward: -0.4, actions: 1
2025-04-22 00:36:08,343 - AlphaZero-Training - INFO - Game 180: 1 steps, reward: -0.4, actions: 1
2025-04-22 00:36:10,413 - AlphaZero-Training - INFO - Game 182: 1 steps, reward: -0.4, actions: 1
2025-04-22 00:36:12,164 - AlphaZero-Training - INFO - Game 184: 2 steps, reward: -0.8, actions: 2
2025-04-22 00:36:14,183 - AlphaZero-Training - INFO - Game 186: 1 steps, reward: -0.4, actions: 1
2025-04-22 00:36:16,039 - AlphaZero-Training - INFO - Game 188: 1 steps, reward: -0.4, actions: 1
2025-04-22 00:36:17,836 - AlphaZero-Training - INFO - Game 190: 1 steps, reward: -0.4, actions: 1
2025-04-22 00:36:19,545 - AlphaZero-Training - INFO - Game 192: 1 steps, reward: -0.4, actions: 1
2025-04-22 00:36:21,403 - AlphaZero-Training - INFO - Game 194: 1 steps, reward: -0.4, actions: 1
2025-04-22 00:36:23,805 - AlphaZero-Training - INFO - Game 196: 1 steps, reward: -0.4, actions: 1
2025-04-22 00:36:25,828 - AlphaZero-Training - INFO - Game 198: 1 steps, reward: -0.4, actions: 1
2025-04-22 00:36:25,829 - AlphaZero-Training - INFO - Training losses - Total: 0.0000, Policy: 0.0000, Value: 0.0000
2025-04-22 00:36:25,830 - AlphaZero-Training - INFO - Iteration 1 completed in 186.27 seconds
2025-04-22 00:36:25,830 - AlphaZero-Training - INFO - Starting iteration 2/1000
2025-04-22 00:36:27,633 - AlphaZero-Training - INFO - Game 100: 1 steps, reward: -0.4, actions: 1
2025-04-22 00:36:29,511 - AlphaZero-Training - INFO - Game 102: 1 steps, reward: -0.4, actions: 1
2025-04-22 00:36:31,137 - AlphaZero-Training - INFO - Game 104: 1 steps, reward: -0.4, actions: 1
2025-04-22 00:36:33,016 - AlphaZero-Training - INFO - Game 106: 1 steps, reward: -0.4, actions: 1
2025-04-22 00:36:35,003 - AlphaZero-Training - INFO - Game 108: 1 steps, reward: -0.4, actions: 1
