2025-06-18 12:08:10,728 - __main__ - INFO - Initializing AlphaZero trainer
2025-06-18 12:08:10,807 - __main__ - INFO - Using device: cuda
2025-06-18 12:08:10,808 - __main__ - INFO - Debug mode: False
2025-06-18 12:08:13,830 - train.AlphaZero.agent - INFO - Initialized AlphaZeroAgent on device: cuda
2025-06-18 12:08:13,831 - __main__ - INFO - Environment initialized with state_dim=162, action_dim=88
2025-06-18 12:08:13,831 - __main__ - INFO - Training parameters: lr=0.005, weight_decay=0.0001, batch_size=2048, replay_size=100000, num_simulations=20
2025-06-18 12:08:13,831 - __main__ - INFO - ==================================================
2025-06-18 12:08:13,925 - train.AlphaZero.agent - INFO - Initialized AlphaZeroAgent on device: cuda
2025-06-18 12:08:13,931 - __main__ - INFO - Loaded model from models/alphazero_final.pth with architecture type: simple
2025-06-18 12:08:13,932 - __main__ - INFO - Starting AlphaZero training from iteration 1 for 1 iterations
2025-06-18 12:08:13,932 - __main__ - INFO - Starting iteration 1/1
2025-06-18 12:08:13,933 - __main__ - INFO - Starting self-play phase
2025-06-18 12:08:13,951 - __main__ - INFO - Starting game 1/30
2025-06-18 12:12:26,079 - __main__ - INFO - Player performance summary:
2025-06-18 12:12:26,081 - __main__ - INFO - Player 0: Score=0, Total Reward=52.0000000000002, Nobles=0, Sets=0, Efficiency=0
2025-06-18 12:12:26,081 - __main__ - INFO - Player 1: Score=0, Total Reward=53.60000000000021, Nobles=0, Sets=0, Efficiency=1.0
2025-06-18 12:12:26,081 - __main__ - INFO - Player 2: Score=1, Total Reward=-44.2, Nobles=0, Sets=0, Efficiency=0
2025-06-18 12:12:26,082 - __main__ - INFO - Player 3: Score=0, Total Reward=54.40000000000022, Nobles=0, Sets=0, Efficiency=1.0
2025-06-18 12:12:26,082 - __main__ - INFO - Step rewards:
2025-06-18 12:12:26,083 - __main__ - INFO - Game 1 completed in 840 steps.
2025-06-18 12:12:26,084 - __main__ - INFO - Scores: [0, 0, 1, 0], Total Env Rewards: [52.0000000000002, 53.60000000000021, -44.2, 54.40000000000022], Winners: [2]
2025-06-18 12:12:26,105 - __main__ - INFO - Starting game 2/30
2025-06-18 12:16:40,644 - __main__ - INFO - Game 2 completed in 842 steps.
2025-06-18 12:16:40,645 - __main__ - INFO - Scores: [0, 0, 0, 0], Total Env Rewards: [52.0000000000002, 52.800000000000196, 53.60000000000021, -78.19999999999986], Winners: [0 1 2 3]
2025-06-18 12:16:40,662 - __main__ - INFO - Starting game 3/30
