2025-04-25 15:31:35,761 - __main__ - INFO - Initializing AlphaZero trainer
2025-04-25 15:31:35,762 - __main__ - INFO - Debug mode: False
2025-04-25 15:31:35,977 - __main__ - INFO - Using device: cuda
2025-04-25 15:31:37,228 - __main__ - INFO - Environment initialized with state_dim=162, action_dim=88
2025-04-25 15:31:37,229 - __main__ - INFO - Training parameters: lr=0.001, weight_decay=0.0001, batch_size=256, replay_size=20000, num_simulations=50
2025-04-25 15:31:37,230 - __main__ - INFO - Starting AlphaZero training for 50 iterations
2025-04-25 15:31:37,231 - __main__ - INFO - Starting iteration 1/50
2025-04-25 15:31:37,231 - __main__ - INFO - Starting self-play phase
2025-04-25 15:31:37,244 - __main__ - INFO - Starting game 1/50
2025-04-25 15:31:37,246 - AlphaZero.MCTS - INFO - Starting MCTS search for player 0
2025-04-25 15:31:38,732 - AlphaZero.MCTS - INFO - Starting MCTS search for player 1
2025-04-25 15:31:38,966 - AlphaZero.MCTS - INFO - Starting MCTS search for player 2
2025-04-25 15:31:39,186 - AlphaZero.MCTS - INFO - Starting MCTS search for player 3
2025-04-25 15:31:39,389 - AlphaZero.MCTS - INFO - Starting MCTS search for player 0
2025-04-25 15:31:39,589 - AlphaZero.MCTS - INFO - Starting MCTS search for player 1
2025-04-25 15:31:39,789 - AlphaZero.MCTS - INFO - Starting MCTS search for player 2
2025-04-25 15:31:40,001 - AlphaZero.MCTS - INFO - Starting MCTS search for player 3
2025-04-25 15:31:40,210 - AlphaZero.MCTS - INFO - Starting MCTS search for player 0
2025-04-25 15:31:40,418 - AlphaZero.MCTS - INFO - Starting MCTS search for player 1
2025-04-25 15:31:40,622 - AlphaZero.MCTS - INFO - Starting MCTS search for player 2
2025-04-25 15:31:40,830 - AlphaZero.MCTS - INFO - Starting MCTS search for player 3
2025-04-25 15:31:41,102 - AlphaZero.MCTS - INFO - Starting MCTS search for player 0
2025-04-25 15:31:41,307 - AlphaZero.MCTS - INFO - Starting MCTS search for player 1
2025-04-25 15:31:41,513 - AlphaZero.MCTS - INFO - Starting MCTS search for player 2
2025-04-25 15:31:41,730 - AlphaZero.MCTS - INFO - Starting MCTS search for player 3
2025-04-25 15:31:41,938 - AlphaZero.MCTS - INFO - Starting MCTS search for player 0
2025-04-25 15:31:42,163 - AlphaZero.MCTS - INFO - Starting MCTS search for player 1
2025-04-25 15:31:42,385 - AlphaZero.MCTS - INFO - Starting MCTS search for player 2
2025-04-25 15:31:42,618 - AlphaZero.MCTS - INFO - Starting MCTS search for player 3
2025-04-25 15:31:42,835 - AlphaZero.MCTS - INFO - Starting MCTS search for player 0
2025-04-25 15:31:43,113 - AlphaZero.MCTS - INFO - Starting MCTS search for player 1
2025-04-25 15:31:43,353 - AlphaZero.MCTS - INFO - Starting MCTS search for player 2
2025-04-25 15:31:43,630 - AlphaZero.MCTS - INFO - Starting MCTS search for player 3
2025-04-25 15:31:43,899 - AlphaZero.MCTS - INFO - Starting MCTS search for player 0
2025-04-25 15:31:44,164 - AlphaZero.MCTS - INFO - Starting MCTS search for player 1
2025-04-25 15:31:44,408 - AlphaZero.MCTS - INFO - Starting MCTS search for player 2
2025-04-25 15:31:44,689 - AlphaZero.MCTS - INFO - Starting MCTS search for player 3
2025-04-25 15:31:44,985 - AlphaZero.MCTS - INFO - Starting MCTS search for player 0
2025-04-25 15:31:45,239 - AlphaZero.MCTS - INFO - Starting MCTS search for player 1
2025-04-25 15:31:45,465 - AlphaZero.MCTS - INFO - Starting MCTS search for player 2
2025-04-25 15:31:45,681 - AlphaZero.MCTS - INFO - Starting MCTS search for player 3
2025-04-25 15:31:45,945 - AlphaZero.MCTS - INFO - Starting MCTS search for player 0
2025-04-25 15:31:46,239 - AlphaZero.MCTS - INFO - Starting MCTS search for player 1
2025-04-25 15:31:46,547 - AlphaZero.MCTS - INFO - Starting MCTS search for player 2
2025-04-25 15:31:46,845 - AlphaZero.MCTS - INFO - Starting MCTS search for player 3
2025-04-25 15:31:47,112 - AlphaZero.MCTS - INFO - Starting MCTS search for player 0
2025-04-25 15:31:47,391 - AlphaZero.MCTS - INFO - Starting MCTS search for player 1
2025-04-25 15:31:47,716 - AlphaZero.MCTS - INFO - Starting MCTS search for player 2
2025-04-25 15:31:48,035 - AlphaZero.MCTS - INFO - Starting MCTS search for player 3
2025-04-25 15:31:48,346 - AlphaZero.MCTS - INFO - Starting MCTS search for player 0
2025-04-25 15:31:48,615 - AlphaZero.MCTS - INFO - Starting MCTS search for player 1
2025-04-25 15:31:48,875 - AlphaZero.MCTS - INFO - Starting MCTS search for player 2
2025-04-25 15:31:49,121 - AlphaZero.MCTS - INFO - Starting MCTS search for player 3
2025-04-25 15:31:49,407 - AlphaZero.MCTS - INFO - Starting MCTS search for player 0
2025-04-25 15:31:49,696 - AlphaZero.MCTS - INFO - Starting MCTS search for player 1
2025-04-25 15:31:49,992 - AlphaZero.MCTS - INFO - Starting MCTS search for player 2
2025-04-25 15:31:50,291 - AlphaZero.MCTS - INFO - Starting MCTS search for player 3
2025-04-25 15:31:50,586 - AlphaZero.MCTS - INFO - Starting MCTS search for player 0
2025-04-25 15:31:50,835 - AlphaZero.MCTS - INFO - Starting MCTS search for player 1
2025-04-25 15:31:51,040 - AlphaZero.MCTS - INFO - Starting MCTS search for player 1
2025-04-25 15:31:51,253 - AlphaZero.MCTS - INFO - Starting MCTS search for player 2
2025-04-25 15:31:51,500 - AlphaZero.MCTS - INFO - Starting MCTS search for player 3
2025-04-25 15:31:51,813 - AlphaZero.MCTS - INFO - Starting MCTS search for player 0
2025-04-25 15:31:52,107 - AlphaZero.MCTS - INFO - Starting MCTS search for player 1
2025-04-25 15:31:52,464 - AlphaZero.MCTS - INFO - Starting MCTS search for player 2
2025-04-25 15:31:52,764 - AlphaZero.MCTS - INFO - Starting MCTS search for player 3
2025-04-25 15:31:53,020 - AlphaZero.MCTS - INFO - Starting MCTS search for player 0
2025-04-25 15:31:53,273 - AlphaZero.MCTS - INFO - Starting MCTS search for player 1
2025-04-25 15:31:53,519 - AlphaZero.MCTS - INFO - Starting MCTS search for player 2
2025-04-25 15:31:53,794 - AlphaZero.MCTS - INFO - Starting MCTS search for player 3
2025-04-25 15:31:54,070 - AlphaZero.MCTS - INFO - Starting MCTS search for player 0
2025-04-25 15:31:54,345 - AlphaZero.MCTS - INFO - Starting MCTS search for player 1
2025-04-25 15:31:54,658 - AlphaZero.MCTS - INFO - Starting MCTS search for player 2
2025-04-25 15:31:54,929 - AlphaZero.MCTS - INFO - Starting MCTS search for player 3
2025-04-25 15:31:55,219 - AlphaZero.MCTS - INFO - Starting MCTS search for player 0
2025-04-25 15:31:55,508 - AlphaZero.MCTS - INFO - Starting MCTS search for player 1
2025-04-25 15:31:55,764 - AlphaZero.MCTS - INFO - Starting MCTS search for player 2
2025-04-25 15:31:56,077 - AlphaZero.MCTS - INFO - Starting MCTS search for player 3
2025-04-25 15:31:56,304 - AlphaZero.MCTS - INFO - Starting MCTS search for player 3
2025-04-25 15:31:56,576 - AlphaZero.MCTS - INFO - Starting MCTS search for player 0
2025-04-25 15:31:56,894 - AlphaZero.MCTS - INFO - Starting MCTS search for player 1
2025-04-25 15:31:57,197 - AlphaZero.MCTS - INFO - Starting MCTS search for player 2
2025-04-25 15:31:57,475 - AlphaZero.MCTS - INFO - Starting MCTS search for player 3
2025-04-25 15:31:57,749 - AlphaZero.MCTS - INFO - Starting MCTS search for player 0
2025-04-25 15:31:57,998 - AlphaZero.MCTS - INFO - Starting MCTS search for player 1
2025-04-25 15:31:58,238 - AlphaZero.MCTS - INFO - Starting MCTS search for player 2
2025-04-25 15:31:58,424 - AlphaZero.MCTS - INFO - Starting MCTS search for player 3
2025-04-25 15:31:58,668 - AlphaZero.MCTS - INFO - Starting MCTS search for player 0
2025-04-25 15:31:58,944 - AlphaZero.MCTS - INFO - Starting MCTS search for player 1
2025-04-25 15:31:59,215 - AlphaZero.MCTS - INFO - Starting MCTS search for player 2
2025-04-25 15:31:59,549 - AlphaZero.MCTS - INFO - Starting MCTS search for player 3
2025-04-25 15:31:59,815 - AlphaZero.MCTS - INFO - Starting MCTS search for player 0
2025-04-25 15:32:00,116 - AlphaZero.MCTS - INFO - Starting MCTS search for player 1
2025-04-25 15:32:00,405 - AlphaZero.MCTS - INFO - Starting MCTS search for player 2
2025-04-25 15:32:00,671 - AlphaZero.MCTS - INFO - Starting MCTS search for player 3
2025-04-25 15:32:00,981 - AlphaZero.MCTS - INFO - Starting MCTS search for player 0
2025-04-25 15:32:01,249 - AlphaZero.MCTS - INFO - Starting MCTS search for player 1
2025-04-25 15:32:01,521 - AlphaZero.MCTS - INFO - Starting MCTS search for player 2
2025-04-25 15:32:01,806 - AlphaZero.MCTS - INFO - Starting MCTS search for player 3
2025-04-25 15:32:02,046 - AlphaZero.MCTS - INFO - Starting MCTS search for player 3
2025-04-25 15:32:02,284 - AlphaZero.MCTS - INFO - Starting MCTS search for player 0
2025-04-25 15:32:02,558 - AlphaZero.MCTS - INFO - Starting MCTS search for player 1
2025-04-25 15:32:02,818 - AlphaZero.MCTS - INFO - Starting MCTS search for player 2
2025-04-25 15:32:03,176 - AlphaZero.MCTS - INFO - Starting MCTS search for player 3
2025-04-25 15:32:03,458 - AlphaZero.MCTS - INFO - Starting MCTS search for player 0
2025-04-25 15:32:03,740 - AlphaZero.MCTS - INFO - Starting MCTS search for player 1
2025-04-25 15:32:03,999 - AlphaZero.MCTS - INFO - Starting MCTS search for player 2
2025-04-25 15:32:04,252 - AlphaZero.MCTS - INFO - Starting MCTS search for player 3
2025-04-25 15:32:04,491 - AlphaZero.MCTS - INFO - Starting MCTS search for player 0
2025-04-25 15:32:04,716 - AlphaZero.MCTS - INFO - Starting MCTS search for player 1
2025-04-25 15:32:04,971 - AlphaZero.MCTS - INFO - Starting MCTS search for player 1
2025-04-25 15:32:05,255 - AlphaZero.MCTS - INFO - Starting MCTS search for player 2
2025-04-25 15:32:05,566 - AlphaZero.MCTS - INFO - Starting MCTS search for player 3
2025-04-25 15:32:05,863 - AlphaZero.MCTS - INFO - Starting MCTS search for player 0
2025-04-25 15:32:06,163 - AlphaZero.MCTS - INFO - Starting MCTS search for player 1
2025-04-25 15:32:06,443 - AlphaZero.MCTS - INFO - Starting MCTS search for player 2
2025-04-25 15:32:06,785 - AlphaZero.MCTS - INFO - Starting MCTS search for player 3
2025-04-25 15:32:07,034 - AlphaZero.MCTS - INFO - Starting MCTS search for player 0
2025-04-25 15:32:07,297 - AlphaZero.MCTS - INFO - Starting MCTS search for player 1
2025-04-25 15:32:07,555 - AlphaZero.MCTS - INFO - Starting MCTS search for player 2
2025-04-25 15:32:07,820 - AlphaZero.MCTS - INFO - Starting MCTS search for player 3
2025-04-25 15:32:08,095 - AlphaZero.MCTS - INFO - Starting MCTS search for player 0
2025-04-25 15:32:08,338 - AlphaZero.MCTS - INFO - Starting MCTS search for player 1
2025-04-25 15:32:08,613 - AlphaZero.MCTS - INFO - Starting MCTS search for player 2
2025-04-25 15:32:08,885 - AlphaZero.MCTS - INFO - Starting MCTS search for player 3
2025-04-25 15:32:09,215 - AlphaZero.MCTS - INFO - Starting MCTS search for player 0
2025-04-25 15:32:09,515 - AlphaZero.MCTS - INFO - Starting MCTS search for player 1
2025-04-25 15:32:09,835 - AlphaZero.MCTS - INFO - Starting MCTS search for player 2
2025-04-25 15:32:10,134 - AlphaZero.MCTS - INFO - Starting MCTS search for player 3
2025-04-25 15:32:10,417 - AlphaZero.MCTS - INFO - Starting MCTS search for player 0
2025-04-25 15:32:10,742 - AlphaZero.MCTS - INFO - Starting MCTS search for player 1
2025-04-25 15:32:11,015 - AlphaZero.MCTS - INFO - Starting MCTS search for player 2
2025-04-25 15:32:11,286 - AlphaZero.MCTS - INFO - Starting MCTS search for player 3
2025-04-25 15:32:11,556 - AlphaZero.MCTS - INFO - Starting MCTS search for player 0
2025-04-25 15:32:11,795 - AlphaZero.MCTS - INFO - Starting MCTS search for player 1
2025-04-25 15:32:12,088 - AlphaZero.MCTS - INFO - Starting MCTS search for player 2
2025-04-25 15:32:12,352 - AlphaZero.MCTS - INFO - Starting MCTS search for player 3
2025-04-25 15:32:12,658 - AlphaZero.MCTS - INFO - Starting MCTS search for player 0
2025-04-25 15:32:12,948 - AlphaZero.MCTS - INFO - Starting MCTS search for player 1
2025-04-25 15:32:13,248 - AlphaZero.MCTS - INFO - Starting MCTS search for player 2
2025-04-25 15:32:13,530 - AlphaZero.MCTS - INFO - Starting MCTS search for player 3
2025-04-25 15:32:13,803 - AlphaZero.MCTS - INFO - Starting MCTS search for player 0
2025-04-25 15:32:14,033 - AlphaZero.MCTS - INFO - Starting MCTS search for player 0
2025-04-25 15:32:14,273 - AlphaZero.MCTS - INFO - Starting MCTS search for player 1
2025-04-25 15:32:14,630 - AlphaZero.MCTS - INFO - Starting MCTS search for player 2
2025-04-25 15:32:14,891 - AlphaZero.MCTS - INFO - Starting MCTS search for player 3
2025-04-25 15:32:15,189 - AlphaZero.MCTS - INFO - Starting MCTS search for player 0
2025-04-25 15:32:15,490 - AlphaZero.MCTS - INFO - Starting MCTS search for player 1
2025-04-25 15:32:15,780 - AlphaZero.MCTS - INFO - Starting MCTS search for player 2
2025-04-25 15:32:16,036 - AlphaZero.MCTS - INFO - Starting MCTS search for player 3
2025-04-25 15:32:16,249 - AlphaZero.MCTS - INFO - Starting MCTS search for player 0
2025-04-25 15:32:16,543 - AlphaZero.MCTS - INFO - Starting MCTS search for player 1
2025-04-25 15:32:16,824 - AlphaZero.MCTS - INFO - Starting MCTS search for player 2
2025-04-25 15:32:17,145 - AlphaZero.MCTS - INFO - Starting MCTS search for player 3
2025-04-25 15:32:17,500 - AlphaZero.MCTS - INFO - Starting MCTS search for player 0
2025-04-25 15:32:17,821 - AlphaZero.MCTS - INFO - Starting MCTS search for player 1
2025-04-25 15:32:18,099 - AlphaZero.MCTS - INFO - Starting MCTS search for player 2
2025-04-25 15:32:18,409 - AlphaZero.MCTS - INFO - Starting MCTS search for player 3
2025-04-25 15:32:18,627 - AlphaZero.MCTS - INFO - Starting MCTS search for player 0
2025-04-25 15:32:18,986 - AlphaZero.MCTS - INFO - Starting MCTS search for player 1
2025-04-25 15:32:19,339 - AlphaZero.MCTS - INFO - Starting MCTS search for player 2
2025-04-25 15:32:19,682 - AlphaZero.MCTS - INFO - Starting MCTS search for player 3
2025-04-25 15:32:20,004 - AlphaZero.MCTS - INFO - Starting MCTS search for player 0
2025-04-25 15:32:20,286 - AlphaZero.MCTS - INFO - Starting MCTS search for player 1
2025-04-25 15:32:20,538 - AlphaZero.MCTS - INFO - Starting MCTS search for player 2
2025-04-25 15:32:20,767 - AlphaZero.MCTS - INFO - Starting MCTS search for player 3
2025-04-25 15:32:21,032 - AlphaZero.MCTS - INFO - Starting MCTS search for player 3
2025-04-25 15:32:21,328 - AlphaZero.MCTS - INFO - Starting MCTS search for player 0
2025-04-25 15:32:21,620 - AlphaZero.MCTS - INFO - Starting MCTS search for player 1
2025-04-25 15:32:21,901 - AlphaZero.MCTS - INFO - Starting MCTS search for player 2
2025-04-25 15:32:22,236 - AlphaZero.MCTS - INFO - Starting MCTS search for player 3
2025-04-25 15:32:22,584 - AlphaZero.MCTS - INFO - Starting MCTS search for player 0
2025-04-25 15:32:22,873 - AlphaZero.MCTS - INFO - Starting MCTS search for player 1
2025-04-25 15:32:23,162 - AlphaZero.MCTS - INFO - Starting MCTS search for player 2
2025-04-25 15:32:23,462 - AlphaZero.MCTS - INFO - Starting MCTS search for player 3
2025-04-25 15:32:23,820 - AlphaZero.MCTS - INFO - Starting MCTS search for player 0
2025-04-25 15:32:24,126 - AlphaZero.MCTS - INFO - Starting MCTS search for player 1
2025-04-25 15:32:24,421 - AlphaZero.MCTS - INFO - Starting MCTS search for player 2
2025-04-25 15:32:24,729 - AlphaZero.MCTS - INFO - Starting MCTS search for player 3
2025-04-25 15:32:25,013 - AlphaZero.MCTS - INFO - Starting MCTS search for player 0
2025-04-25 15:32:25,295 - AlphaZero.MCTS - INFO - Starting MCTS search for player 1
2025-04-25 15:32:25,529 - AlphaZero.MCTS - INFO - Starting MCTS search for player 2
2025-04-25 15:32:25,797 - AlphaZero.MCTS - INFO - Starting MCTS search for player 3
2025-04-25 15:32:26,067 - AlphaZero.MCTS - INFO - Starting MCTS search for player 0
2025-04-25 15:32:26,366 - AlphaZero.MCTS - INFO - Starting MCTS search for player 1
2025-04-25 15:32:26,737 - AlphaZero.MCTS - INFO - Starting MCTS search for player 2
2025-04-25 15:32:27,027 - AlphaZero.MCTS - INFO - Starting MCTS search for player 3
2025-04-25 15:32:27,265 - AlphaZero.MCTS - INFO - Starting MCTS search for player 0
2025-04-25 15:32:27,501 - AlphaZero.MCTS - INFO - Starting MCTS search for player 1
2025-04-25 15:32:27,759 - AlphaZero.MCTS - INFO - Starting MCTS search for player 2
2025-04-25 15:32:28,052 - AlphaZero.MCTS - INFO - Starting MCTS search for player 3
2025-04-25 15:32:28,362 - AlphaZero.MCTS - INFO - Starting MCTS search for player 0
2025-04-25 15:32:28,735 - AlphaZero.MCTS - INFO - Starting MCTS search for player 1
2025-04-25 15:32:29,119 - AlphaZero.MCTS - INFO - Starting MCTS search for player 2
2025-04-25 15:32:29,459 - AlphaZero.MCTS - INFO - Starting MCTS search for player 3
2025-04-25 15:32:29,752 - AlphaZero.MCTS - INFO - Starting MCTS search for player 0
2025-04-25 15:32:30,018 - AlphaZero.MCTS - INFO - Starting MCTS search for player 1
2025-04-25 15:32:30,280 - AlphaZero.MCTS - INFO - Starting MCTS search for player 2
2025-04-25 15:32:30,545 - AlphaZero.MCTS - INFO - Starting MCTS search for player 3
2025-04-25 15:32:30,887 - AlphaZero.MCTS - INFO - Starting MCTS search for player 0
2025-04-25 15:32:31,176 - AlphaZero.MCTS - INFO - Starting MCTS search for player 1
2025-04-25 15:32:31,478 - AlphaZero.MCTS - INFO - Starting MCTS search for player 2
2025-04-25 15:32:31,769 - AlphaZero.MCTS - INFO - Starting MCTS search for player 3
2025-04-25 15:32:32,056 - AlphaZero.MCTS - INFO - Starting MCTS search for player 0
2025-04-25 15:32:32,327 - AlphaZero.MCTS - INFO - Starting MCTS search for player 1
2025-04-25 15:32:32,582 - AlphaZero.MCTS - INFO - Starting MCTS search for player 2
2025-04-25 15:32:32,862 - AlphaZero.MCTS - INFO - Starting MCTS search for player 3
2025-04-25 15:32:33,135 - AlphaZero.MCTS - INFO - Starting MCTS search for player 0
2025-04-25 15:32:33,441 - AlphaZero.MCTS - INFO - Starting MCTS search for player 1
2025-04-25 15:32:33,756 - AlphaZero.MCTS - INFO - Starting MCTS search for player 2
2025-04-25 15:32:34,076 - AlphaZero.MCTS - INFO - Starting MCTS search for player 3
2025-04-25 15:32:34,362 - AlphaZero.MCTS - INFO - Starting MCTS search for player 0
2025-04-25 15:32:34,611 - AlphaZero.MCTS - INFO - Starting MCTS search for player 1
2025-04-25 15:32:35,043 - AlphaZero.MCTS - INFO - Starting MCTS search for player 2
2025-04-25 15:32:35,393 - AlphaZero.MCTS - INFO - Starting MCTS search for player 3
2025-04-25 15:32:35,669 - AlphaZero.MCTS - INFO - Starting MCTS search for player 0
2025-04-25 15:32:35,916 - AlphaZero.MCTS - INFO - Starting MCTS search for player 1
2025-04-25 15:32:36,153 - AlphaZero.MCTS - INFO - Starting MCTS search for player 2
2025-04-25 15:32:36,387 - AlphaZero.MCTS - INFO - Starting MCTS search for player 3
2025-04-25 15:32:36,637 - AlphaZero.MCTS - INFO - Starting MCTS search for player 0
2025-04-25 15:32:36,896 - AlphaZero.MCTS - INFO - Starting MCTS search for player 1
2025-04-25 15:32:37,188 - AlphaZero.MCTS - INFO - Starting MCTS search for player 2
2025-04-25 15:32:37,512 - AlphaZero.MCTS - INFO - Starting MCTS search for player 3
2025-04-25 15:32:37,828 - AlphaZero.MCTS - INFO - Starting MCTS search for player 0
2025-04-25 15:32:38,095 - AlphaZero.MCTS - INFO - Starting MCTS search for player 1
2025-04-25 15:32:38,362 - AlphaZero.MCTS - INFO - Starting MCTS search for player 2
2025-04-25 15:32:38,640 - AlphaZero.MCTS - INFO - Starting MCTS search for player 3
2025-04-25 15:32:38,901 - AlphaZero.MCTS - INFO - Starting MCTS search for player 0
2025-04-25 15:32:39,243 - AlphaZero.MCTS - INFO - Starting MCTS search for player 1
2025-04-25 15:32:39,528 - AlphaZero.MCTS - INFO - Starting MCTS search for player 2
2025-04-25 15:32:39,805 - AlphaZero.MCTS - INFO - Starting MCTS search for player 3
2025-04-25 15:32:40,086 - AlphaZero.MCTS - INFO - Starting MCTS search for player 0
2025-04-25 15:32:40,351 - AlphaZero.MCTS - INFO - Starting MCTS search for player 1
2025-04-25 15:32:40,607 - AlphaZero.MCTS - INFO - Starting MCTS search for player 2
2025-04-25 15:32:40,870 - AlphaZero.MCTS - INFO - Starting MCTS search for player 3
2025-04-25 15:32:41,141 - AlphaZero.MCTS - INFO - Starting MCTS search for player 0
2025-04-25 15:32:41,370 - AlphaZero.MCTS - INFO - Starting MCTS search for player 1
2025-04-25 15:32:41,642 - AlphaZero.MCTS - INFO - Starting MCTS search for player 2
2025-04-25 15:32:41,895 - AlphaZero.MCTS - INFO - Starting MCTS search for player 3
2025-04-25 15:32:42,165 - AlphaZero.MCTS - INFO - Starting MCTS search for player 0
2025-04-25 15:32:42,427 - AlphaZero.MCTS - INFO - Starting MCTS search for player 1
2025-04-25 15:32:42,686 - AlphaZero.MCTS - INFO - Starting MCTS search for player 2
2025-04-25 15:32:43,014 - AlphaZero.MCTS - INFO - Starting MCTS search for player 3
2025-04-25 15:32:43,277 - AlphaZero.MCTS - INFO - Starting MCTS search for player 0
2025-04-25 15:32:43,556 - AlphaZero.MCTS - INFO - Starting MCTS search for player 1
2025-04-25 15:32:43,821 - AlphaZero.MCTS - INFO - Starting MCTS search for player 2
2025-04-25 15:32:44,123 - AlphaZero.MCTS - INFO - Starting MCTS search for player 3
2025-04-25 15:32:44,385 - AlphaZero.MCTS - INFO - Starting MCTS search for player 0
2025-04-25 15:32:44,610 - AlphaZero.MCTS - INFO - Starting MCTS search for player 1
2025-04-25 15:32:44,848 - AlphaZero.MCTS - INFO - Starting MCTS search for player 2
2025-04-25 15:32:45,193 - AlphaZero.MCTS - INFO - Starting MCTS search for player 3
2025-04-25 15:32:45,507 - AlphaZero.MCTS - INFO - Starting MCTS search for player 0
2025-04-25 15:32:45,810 - AlphaZero.MCTS - INFO - Starting MCTS search for player 1
2025-04-25 15:32:46,101 - AlphaZero.MCTS - INFO - Starting MCTS search for player 2
2025-04-25 15:32:46,353 - AlphaZero.MCTS - INFO - Starting MCTS search for player 3
2025-04-25 15:32:46,579 - AlphaZero.MCTS - INFO - Starting MCTS search for player 0
2025-04-25 15:32:46,844 - AlphaZero.MCTS - INFO - Starting MCTS search for player 1
2025-04-25 15:32:47,180 - AlphaZero.MCTS - INFO - Starting MCTS search for player 2
2025-04-25 15:32:47,454 - AlphaZero.MCTS - INFO - Starting MCTS search for player 3
2025-04-25 15:32:47,730 - AlphaZero.MCTS - INFO - Starting MCTS search for player 0
2025-04-25 15:32:48,025 - AlphaZero.MCTS - INFO - Starting MCTS search for player 1
2025-04-25 15:32:48,257 - AlphaZero.MCTS - INFO - Starting MCTS search for player 2
2025-04-25 15:32:48,469 - AlphaZero.MCTS - INFO - Starting MCTS search for player 3
2025-04-25 15:32:48,705 - AlphaZero.MCTS - INFO - Starting MCTS search for player 0
2025-04-25 15:32:48,954 - AlphaZero.MCTS - INFO - Starting MCTS search for player 1
2025-04-25 15:32:49,215 - AlphaZero.MCTS - INFO - Starting MCTS search for player 2
2025-04-25 15:32:49,501 - AlphaZero.MCTS - INFO - Starting MCTS search for player 3
2025-04-25 15:32:49,799 - AlphaZero.MCTS - INFO - Starting MCTS search for player 0
2025-04-25 15:32:50,097 - AlphaZero.MCTS - INFO - Starting MCTS search for player 1
2025-04-25 15:32:50,372 - AlphaZero.MCTS - INFO - Starting MCTS search for player 2
2025-04-25 15:32:50,615 - AlphaZero.MCTS - INFO - Starting MCTS search for player 3
2025-04-25 15:32:50,919 - AlphaZero.MCTS - INFO - Starting MCTS search for player 0
2025-04-25 15:32:51,280 - AlphaZero.MCTS - INFO - Starting MCTS search for player 1
2025-04-25 15:32:51,609 - AlphaZero.MCTS - INFO - Starting MCTS search for player 2
2025-04-25 15:32:51,898 - AlphaZero.MCTS - INFO - Starting MCTS search for player 3
2025-04-25 15:32:52,140 - AlphaZero.MCTS - INFO - Starting MCTS search for player 0
2025-04-25 15:32:52,391 - AlphaZero.MCTS - INFO - Starting MCTS search for player 1
2025-04-25 15:32:52,707 - AlphaZero.MCTS - INFO - Starting MCTS search for player 2
2025-04-25 15:32:52,976 - AlphaZero.MCTS - INFO - Starting MCTS search for player 3
2025-04-25 15:32:53,263 - AlphaZero.MCTS - INFO - Starting MCTS search for player 0
2025-04-25 15:32:53,533 - AlphaZero.MCTS - INFO - Starting MCTS search for player 1
2025-04-25 15:32:53,812 - AlphaZero.MCTS - INFO - Starting MCTS search for player 2
2025-04-25 15:32:54,064 - AlphaZero.MCTS - INFO - Starting MCTS search for player 3
2025-04-25 15:32:54,254 - AlphaZero.MCTS - INFO - Starting MCTS search for player 0
2025-04-25 15:32:54,501 - AlphaZero.MCTS - INFO - Starting MCTS search for player 0
2025-04-25 15:32:54,753 - AlphaZero.MCTS - INFO - Starting MCTS search for player 1
2025-04-25 15:32:55,109 - AlphaZero.MCTS - INFO - Starting MCTS search for player 2
2025-04-25 15:32:55,446 - AlphaZero.MCTS - INFO - Starting MCTS search for player 3
2025-04-25 15:32:55,766 - AlphaZero.MCTS - INFO - Starting MCTS search for player 0
2025-04-25 15:32:56,055 - AlphaZero.MCTS - INFO - Starting MCTS search for player 1
2025-04-25 15:32:56,306 - AlphaZero.MCTS - INFO - Starting MCTS search for player 2
2025-04-25 15:32:56,522 - AlphaZero.MCTS - INFO - Starting MCTS search for player 3
2025-04-25 15:32:56,756 - AlphaZero.MCTS - INFO - Starting MCTS search for player 0
2025-04-25 15:32:57,006 - AlphaZero.MCTS - INFO - Starting MCTS search for player 1
2025-04-25 15:32:57,264 - AlphaZero.MCTS - INFO - Starting MCTS search for player 2
2025-04-25 15:32:57,541 - AlphaZero.MCTS - INFO - Starting MCTS search for player 3
2025-04-25 15:32:57,837 - AlphaZero.MCTS - INFO - Starting MCTS search for player 0
2025-04-25 15:32:58,105 - AlphaZero.MCTS - INFO - Starting MCTS search for player 1
2025-04-25 15:32:58,350 - AlphaZero.MCTS - INFO - Starting MCTS search for player 2
2025-04-25 15:32:58,584 - AlphaZero.MCTS - INFO - Starting MCTS search for player 2
2025-04-25 15:32:58,835 - AlphaZero.MCTS - INFO - Starting MCTS search for player 3
2025-04-25 15:32:59,155 - AlphaZero.MCTS - INFO - Starting MCTS search for player 0
2025-04-25 15:32:59,385 - AlphaZero.MCTS - INFO - Starting MCTS search for player 1
2025-04-25 15:32:59,624 - AlphaZero.MCTS - INFO - Starting MCTS search for player 2
2025-04-25 15:32:59,909 - AlphaZero.MCTS - INFO - Starting MCTS search for player 3
2025-04-25 15:33:00,202 - AlphaZero.MCTS - INFO - Starting MCTS search for player 0
2025-04-25 15:33:00,486 - AlphaZero.MCTS - INFO - Starting MCTS search for player 1
2025-04-25 15:33:00,770 - AlphaZero.MCTS - INFO - Starting MCTS search for player 2
2025-04-25 15:33:01,036 - AlphaZero.MCTS - INFO - Starting MCTS search for player 3
2025-04-25 15:33:01,253 - AlphaZero.MCTS - INFO - Starting MCTS search for player 0
2025-04-25 15:33:01,521 - AlphaZero.MCTS - INFO - Starting MCTS search for player 1
2025-04-25 15:33:01,768 - AlphaZero.MCTS - INFO - Starting MCTS search for player 2
2025-04-25 15:33:02,005 - AlphaZero.MCTS - INFO - Starting MCTS search for player 3
2025-04-25 15:33:02,256 - AlphaZero.MCTS - INFO - Starting MCTS search for player 0
2025-04-25 15:33:02,482 - AlphaZero.MCTS - INFO - Starting MCTS search for player 1
2025-04-25 15:33:02,774 - AlphaZero.MCTS - INFO - Starting MCTS search for player 2
2025-04-25 15:33:03,002 - AlphaZero.MCTS - INFO - Starting MCTS search for player 3
2025-04-25 15:33:03,237 - AlphaZero.MCTS - INFO - Starting MCTS search for player 0
2025-04-25 15:33:03,488 - AlphaZero.MCTS - INFO - Starting MCTS search for player 1
2025-04-25 15:33:03,764 - AlphaZero.MCTS - INFO - Starting MCTS search for player 2
2025-04-25 15:33:04,042 - AlphaZero.MCTS - INFO - Starting MCTS search for player 3
2025-04-25 15:33:04,281 - AlphaZero.MCTS - INFO - Starting MCTS search for player 0
2025-04-25 15:33:04,470 - AlphaZero.MCTS - INFO - Starting MCTS search for player 1
2025-04-25 15:33:04,682 - AlphaZero.MCTS - INFO - Starting MCTS search for player 2
2025-04-25 15:33:04,935 - AlphaZero.MCTS - INFO - Starting MCTS search for player 3
2025-04-25 15:33:05,186 - AlphaZero.MCTS - INFO - Starting MCTS search for player 0
2025-04-25 15:33:05,447 - AlphaZero.MCTS - INFO - Starting MCTS search for player 1
2025-04-25 15:33:05,717 - AlphaZero.MCTS - INFO - Starting MCTS search for player 2
2025-04-25 15:33:05,976 - AlphaZero.MCTS - INFO - Starting MCTS search for player 3
2025-04-25 15:33:06,323 - AlphaZero.MCTS - INFO - Starting MCTS search for player 0
2025-04-25 15:33:06,593 - AlphaZero.MCTS - INFO - Starting MCTS search for player 1
2025-04-25 15:33:06,860 - AlphaZero.MCTS - INFO - Starting MCTS search for player 2
2025-04-25 15:33:07,081 - AlphaZero.MCTS - INFO - Starting MCTS search for player 3
2025-04-25 15:33:07,340 - AlphaZero.MCTS - INFO - Starting MCTS search for player 0
2025-04-25 15:33:07,557 - AlphaZero.MCTS - INFO - Starting MCTS search for player 1
2025-04-25 15:33:07,791 - AlphaZero.MCTS - INFO - Starting MCTS search for player 2
2025-04-25 15:33:08,096 - AlphaZero.MCTS - INFO - Starting MCTS search for player 3
2025-04-25 15:33:08,407 - AlphaZero.MCTS - INFO - Starting MCTS search for player 0
2025-04-25 15:33:08,676 - AlphaZero.MCTS - INFO - Starting MCTS search for player 1
2025-04-25 15:33:08,886 - AlphaZero.MCTS - INFO - Starting MCTS search for player 2
2025-04-25 15:33:09,110 - AlphaZero.MCTS - INFO - Starting MCTS search for player 3
2025-04-25 15:33:09,339 - AlphaZero.MCTS - INFO - Starting MCTS search for player 0
2025-04-25 15:33:09,671 - AlphaZero.MCTS - INFO - Starting MCTS search for player 1
2025-04-25 15:33:09,937 - AlphaZero.MCTS - INFO - Starting MCTS search for player 2
2025-04-25 15:33:10,217 - AlphaZero.MCTS - INFO - Starting MCTS search for player 3
2025-04-25 15:33:10,385 - AlphaZero.MCTS - INFO - Starting MCTS search for player 0
2025-04-25 15:33:10,488 - AlphaZero.MCTS - INFO - Starting MCTS search for player 1
2025-04-25 15:33:10,715 - AlphaZero.MCTS - INFO - Starting MCTS search for player 2
2025-04-25 15:33:10,960 - AlphaZero.MCTS - INFO - Starting MCTS search for player 3
2025-04-25 15:33:11,220 - AlphaZero.MCTS - INFO - Starting MCTS search for player 0
2025-04-25 15:33:11,476 - AlphaZero.MCTS - INFO - Starting MCTS search for player 1
2025-04-25 15:33:11,723 - AlphaZero.MCTS - INFO - Starting MCTS search for player 2
2025-04-25 15:33:11,978 - AlphaZero.MCTS - INFO - Starting MCTS search for player 3
2025-04-25 15:33:12,189 - AlphaZero.MCTS - INFO - Starting MCTS search for player 0
2025-04-25 15:33:12,291 - AlphaZero.MCTS - INFO - Starting MCTS search for player 1
2025-04-25 15:33:12,499 - AlphaZero.MCTS - INFO - Starting MCTS search for player 2
2025-04-25 15:33:12,812 - AlphaZero.MCTS - INFO - Starting MCTS search for player 3
2025-04-25 15:33:13,036 - AlphaZero.MCTS - INFO - Starting MCTS search for player 0
2025-04-25 15:33:13,153 - AlphaZero.MCTS - INFO - Starting MCTS search for player 1
2025-04-25 15:33:13,414 - AlphaZero.MCTS - INFO - Starting MCTS search for player 2
2025-04-25 15:33:13,686 - AlphaZero.MCTS - INFO - Starting MCTS search for player 3
2025-04-25 15:33:13,914 - AlphaZero.MCTS - INFO - Starting MCTS search for player 0
2025-04-25 15:33:14,121 - AlphaZero.MCTS - INFO - Starting MCTS search for player 1
2025-04-25 15:33:14,358 - AlphaZero.MCTS - INFO - Starting MCTS search for player 1
2025-04-25 15:33:14,610 - AlphaZero.MCTS - INFO - Starting MCTS search for player 2
2025-04-25 15:33:14,891 - AlphaZero.MCTS - INFO - Starting MCTS search for player 3
2025-04-25 15:33:15,136 - AlphaZero.MCTS - INFO - Starting MCTS search for player 0
2025-04-25 15:33:15,269 - AlphaZero.MCTS - INFO - Starting MCTS search for player 1
2025-04-25 15:33:15,539 - AlphaZero.MCTS - INFO - Starting MCTS search for player 2
2025-04-25 15:33:15,815 - AlphaZero.MCTS - INFO - Starting MCTS search for player 3
2025-04-25 15:33:16,065 - AlphaZero.MCTS - INFO - Starting MCTS search for player 0
2025-04-25 15:33:16,268 - AlphaZero.MCTS - INFO - Starting MCTS search for player 1
2025-04-25 15:33:16,571 - AlphaZero.MCTS - INFO - Starting MCTS search for player 1
2025-04-25 15:33:16,822 - AlphaZero.MCTS - INFO - Starting MCTS search for player 2
2025-04-25 15:33:16,960 - AlphaZero.MCTS - INFO - Starting MCTS search for player 3
2025-04-25 15:33:17,179 - AlphaZero.MCTS - INFO - Starting MCTS search for player 0
2025-04-25 15:33:17,297 - AlphaZero.MCTS - INFO - Starting MCTS search for player 1
2025-04-25 15:33:17,489 - AlphaZero.MCTS - INFO - Starting MCTS search for player 2
2025-04-25 15:33:17,609 - AlphaZero.MCTS - INFO - Starting MCTS search for player 3
2025-04-25 15:33:17,734 - AlphaZero.MCTS - INFO - Starting MCTS search for player 0
2025-04-25 15:33:17,845 - AlphaZero.MCTS - INFO - Starting MCTS search for player 1
2025-04-25 15:33:18,104 - AlphaZero.MCTS - INFO - Starting MCTS search for player 2
2025-04-25 15:33:18,283 - AlphaZero.MCTS - INFO - Starting MCTS search for player 3
2025-04-25 15:33:18,390 - AlphaZero.MCTS - INFO - Starting MCTS search for player 0
2025-04-25 15:33:18,661 - AlphaZero.MCTS - INFO - Starting MCTS search for player 1
2025-04-25 15:33:18,911 - AlphaZero.MCTS - INFO - Starting MCTS search for player 2
2025-04-25 15:33:19,031 - AlphaZero.MCTS - INFO - Starting MCTS search for player 3
2025-04-25 15:33:19,148 - AlphaZero.MCTS - INFO - Starting MCTS search for player 0
2025-04-25 15:33:19,250 - AlphaZero.MCTS - INFO - Starting MCTS search for player 1
2025-04-25 15:33:19,451 - AlphaZero.MCTS - INFO - Starting MCTS search for player 2
2025-04-25 15:33:19,754 - AlphaZero.MCTS - INFO - Starting MCTS search for player 3
2025-04-25 15:33:19,885 - AlphaZero.MCTS - INFO - Starting MCTS search for player 0
2025-04-25 15:33:20,011 - AlphaZero.MCTS - INFO - Starting MCTS search for player 1
2025-04-25 15:33:20,218 - AlphaZero.MCTS - INFO - Starting MCTS search for player 2
2025-04-25 15:33:20,334 - AlphaZero.MCTS - INFO - Starting MCTS search for player 3
2025-04-25 15:33:20,439 - AlphaZero.MCTS - INFO - Starting MCTS search for player 0
2025-04-25 15:33:20,668 - AlphaZero.MCTS - INFO - Starting MCTS search for player 1
2025-04-25 15:33:20,943 - AlphaZero.MCTS - INFO - Starting MCTS search for player 2
2025-04-25 15:33:21,110 - AlphaZero.MCTS - INFO - Starting MCTS search for player 3
2025-04-25 15:33:21,222 - AlphaZero.MCTS - INFO - Starting MCTS search for player 0
2025-04-25 15:33:21,349 - AlphaZero.MCTS - INFO - Starting MCTS search for player 1
2025-04-25 15:33:21,607 - AlphaZero.MCTS - INFO - Starting MCTS search for player 2
2025-04-25 15:33:21,832 - AlphaZero.MCTS - INFO - Starting MCTS search for player 3
2025-04-25 15:33:21,949 - AlphaZero.MCTS - INFO - Starting MCTS search for player 0
2025-04-25 15:33:22,067 - AlphaZero.MCTS - INFO - Starting MCTS search for player 1
2025-04-25 15:33:22,271 - AlphaZero.MCTS - INFO - Starting MCTS search for player 2
2025-04-25 15:33:22,385 - AlphaZero.MCTS - INFO - Starting MCTS search for player 3
2025-04-25 15:33:22,549 - AlphaZero.MCTS - INFO - Starting MCTS search for player 0
2025-04-25 15:33:22,779 - AlphaZero.MCTS - INFO - Starting MCTS search for player 1
2025-04-25 15:33:23,052 - AlphaZero.MCTS - INFO - Starting MCTS search for player 2
2025-04-25 15:33:23,166 - AlphaZero.MCTS - INFO - Starting MCTS search for player 3
2025-04-25 15:33:23,278 - AlphaZero.MCTS - INFO - Starting MCTS search for player 0
2025-04-25 15:33:23,398 - AlphaZero.MCTS - INFO - Starting MCTS search for player 1
2025-04-25 15:33:23,668 - AlphaZero.MCTS - INFO - Starting MCTS search for player 2
2025-04-25 15:33:23,914 - AlphaZero.MCTS - INFO - Starting MCTS search for player 3
2025-04-25 15:33:24,021 - AlphaZero.MCTS - INFO - Starting MCTS search for player 0
2025-04-25 15:33:24,223 - AlphaZero.MCTS - INFO - Starting MCTS search for player 1
2025-04-25 15:33:24,431 - AlphaZero.MCTS - INFO - Starting MCTS search for player 2
2025-04-25 15:33:24,537 - AlphaZero.MCTS - INFO - Starting MCTS search for player 3
2025-04-25 15:33:24,775 - AlphaZero.MCTS - INFO - Starting MCTS search for player 0
2025-04-25 15:33:24,894 - AlphaZero.MCTS - INFO - Starting MCTS search for player 1
2025-04-25 15:33:25,137 - AlphaZero.MCTS - INFO - Starting MCTS search for player 2
2025-04-25 15:33:25,291 - AlphaZero.MCTS - INFO - Starting MCTS search for player 3
2025-04-25 15:33:25,494 - AlphaZero.MCTS - INFO - Starting MCTS search for player 0
2025-04-25 15:33:25,613 - AlphaZero.MCTS - INFO - Starting MCTS search for player 1
2025-04-25 15:33:25,877 - AlphaZero.MCTS - INFO - Starting MCTS search for player 2
2025-04-25 15:33:26,105 - AlphaZero.MCTS - INFO - Starting MCTS search for player 2
2025-04-25 15:33:26,326 - AlphaZero.MCTS - INFO - Starting MCTS search for player 3
2025-04-25 15:33:26,441 - AlphaZero.MCTS - INFO - Starting MCTS search for player 0
2025-04-25 15:33:26,686 - AlphaZero.MCTS - INFO - Starting MCTS search for player 1
2025-04-25 15:33:26,898 - AlphaZero.MCTS - INFO - Starting MCTS search for player 2
2025-04-25 15:33:27,004 - AlphaZero.MCTS - INFO - Starting MCTS search for player 3
2025-04-25 15:33:27,208 - AlphaZero.MCTS - INFO - Starting MCTS search for player 3
2025-04-25 15:33:27,400 - AlphaZero.MCTS - INFO - Starting MCTS search for player 0
2025-04-25 15:33:27,503 - AlphaZero.MCTS - INFO - Starting MCTS search for player 1
2025-04-25 15:33:27,699 - AlphaZero.MCTS - INFO - Starting MCTS search for player 2
2025-04-25 15:33:27,822 - AlphaZero.MCTS - INFO - Starting MCTS search for player 3
2025-04-25 15:33:27,926 - AlphaZero.MCTS - INFO - Starting MCTS search for player 0
2025-04-25 15:33:28,248 - AlphaZero.MCTS - INFO - Starting MCTS search for player 1
2025-04-25 15:33:28,548 - AlphaZero.MCTS - INFO - Starting MCTS search for player 2
2025-04-25 15:33:28,790 - AlphaZero.MCTS - INFO - Starting MCTS search for player 3
2025-04-25 15:33:28,908 - AlphaZero.MCTS - INFO - Starting MCTS search for player 0
2025-04-25 15:33:29,013 - AlphaZero.MCTS - INFO - Starting MCTS search for player 1
2025-04-25 15:33:29,266 - AlphaZero.MCTS - INFO - Starting MCTS search for player 2
2025-04-25 15:33:29,385 - AlphaZero.MCTS - INFO - Starting MCTS search for player 3
2025-04-25 15:33:29,621 - AlphaZero.MCTS - INFO - Starting MCTS search for player 0
2025-04-25 15:33:29,848 - AlphaZero.MCTS - INFO - Starting MCTS search for player 1
2025-04-25 15:33:30,116 - AlphaZero.MCTS - INFO - Starting MCTS search for player 2
2025-04-25 15:33:30,328 - AlphaZero.MCTS - INFO - Starting MCTS search for player 3
2025-04-25 15:33:30,445 - AlphaZero.MCTS - INFO - Starting MCTS search for player 0
2025-04-25 15:33:30,553 - AlphaZero.MCTS - INFO - Starting MCTS search for player 1
2025-04-25 15:33:30,807 - AlphaZero.MCTS - INFO - Starting MCTS search for player 2
2025-04-25 15:33:30,927 - AlphaZero.MCTS - INFO - Starting MCTS search for player 3
2025-04-25 15:33:31,221 - AlphaZero.MCTS - INFO - Starting MCTS search for player 0
2025-04-25 15:33:31,338 - AlphaZero.MCTS - INFO - Starting MCTS search for player 1
2025-04-25 15:33:31,621 - AlphaZero.MCTS - INFO - Starting MCTS search for player 2
2025-04-25 15:33:31,851 - AlphaZero.MCTS - INFO - Starting MCTS search for player 3
2025-04-25 15:33:31,956 - AlphaZero.MCTS - INFO - Starting MCTS search for player 0
2025-04-25 15:33:32,225 - AlphaZero.MCTS - INFO - Starting MCTS search for player 1
2025-04-25 15:33:32,466 - AlphaZero.MCTS - INFO - Starting MCTS search for player 2
2025-04-25 15:33:32,611 - AlphaZero.MCTS - INFO - Starting MCTS search for player 3
2025-04-25 15:33:32,729 - AlphaZero.MCTS - INFO - Starting MCTS search for player 0
2025-04-25 15:33:32,844 - AlphaZero.MCTS - INFO - Starting MCTS search for player 1
2025-04-25 15:33:33,086 - AlphaZero.MCTS - INFO - Starting MCTS search for player 2
2025-04-25 15:33:33,339 - AlphaZero.MCTS - INFO - Starting MCTS search for player 3
2025-04-25 15:33:33,538 - AlphaZero.MCTS - INFO - Starting MCTS search for player 0
2025-04-25 15:33:33,659 - AlphaZero.MCTS - INFO - Starting MCTS search for player 1
2025-04-25 15:33:33,933 - AlphaZero.MCTS - INFO - Starting MCTS search for player 2
2025-04-25 15:33:34,144 - AlphaZero.MCTS - INFO - Starting MCTS search for player 3
2025-04-25 15:33:34,251 - AlphaZero.MCTS - INFO - Starting MCTS search for player 0
2025-04-25 15:33:34,507 - AlphaZero.MCTS - INFO - Starting MCTS search for player 1
2025-04-25 15:33:34,785 - AlphaZero.MCTS - INFO - Starting MCTS search for player 2
2025-04-25 15:33:35,023 - AlphaZero.MCTS - INFO - Starting MCTS search for player 3
2025-04-25 15:33:35,142 - AlphaZero.MCTS - INFO - Starting MCTS search for player 0
2025-04-25 15:33:35,260 - AlphaZero.MCTS - INFO - Starting MCTS search for player 1
2025-04-25 15:33:35,424 - AlphaZero.MCTS - INFO - Starting MCTS search for player 2
2025-04-25 15:33:35,527 - AlphaZero.MCTS - INFO - Starting MCTS search for player 3
2025-04-25 15:33:35,709 - AlphaZero.MCTS - INFO - Starting MCTS search for player 0
2025-04-25 15:33:35,812 - AlphaZero.MCTS - INFO - Starting MCTS search for player 1
2025-04-25 15:33:36,030 - AlphaZero.MCTS - INFO - Starting MCTS search for player 2
2025-04-25 15:33:36,149 - AlphaZero.MCTS - INFO - Starting MCTS search for player 3
2025-04-25 15:33:36,263 - AlphaZero.MCTS - INFO - Starting MCTS search for player 0
2025-04-25 15:33:36,384 - AlphaZero.MCTS - INFO - Starting MCTS search for player 1
2025-04-25 15:33:36,637 - AlphaZero.MCTS - INFO - Starting MCTS search for player 2
2025-04-25 15:33:36,905 - AlphaZero.MCTS - INFO - Starting MCTS search for player 3
2025-04-25 15:33:37,111 - AlphaZero.MCTS - INFO - Starting MCTS search for player 0
2025-04-25 15:33:37,331 - AlphaZero.MCTS - INFO - Starting MCTS search for player 1
2025-04-25 15:33:37,598 - AlphaZero.MCTS - INFO - Starting MCTS search for player 2
2025-04-25 15:33:37,762 - AlphaZero.MCTS - INFO - Starting MCTS search for player 3
2025-04-25 15:33:37,886 - AlphaZero.MCTS - INFO - Starting MCTS search for player 0
2025-04-25 15:33:38,006 - AlphaZero.MCTS - INFO - Starting MCTS search for player 1
2025-04-25 15:33:38,300 - AlphaZero.MCTS - INFO - Starting MCTS search for player 2
2025-04-25 15:33:38,429 - AlphaZero.MCTS - INFO - Starting MCTS search for player 3
2025-04-25 15:33:38,547 - AlphaZero.MCTS - INFO - Starting MCTS search for player 0
2025-04-25 15:33:38,658 - AlphaZero.MCTS - INFO - Starting MCTS search for player 1
2025-04-25 15:33:38,909 - AlphaZero.MCTS - INFO - Starting MCTS search for player 2
2025-04-25 15:33:39,135 - AlphaZero.MCTS - INFO - Starting MCTS search for player 3
2025-04-25 15:33:39,238 - AlphaZero.MCTS - INFO - Starting MCTS search for player 0
2025-04-25 15:33:39,482 - AlphaZero.MCTS - INFO - Starting MCTS search for player 1
2025-04-25 15:33:39,734 - AlphaZero.MCTS - INFO - Starting MCTS search for player 2
2025-04-25 15:33:39,833 - AlphaZero.MCTS - INFO - Starting MCTS search for player 3
2025-04-25 15:33:40,002 - AlphaZero.MCTS - INFO - Starting MCTS search for player 0
2025-04-25 15:33:40,108 - AlphaZero.MCTS - INFO - Starting MCTS search for player 1
2025-04-25 15:33:40,381 - AlphaZero.MCTS - INFO - Starting MCTS search for player 2
2025-04-25 15:33:40,514 - AlphaZero.MCTS - INFO - Starting MCTS search for player 3
2025-04-25 15:33:40,622 - AlphaZero.MCTS - INFO - Starting MCTS search for player 0
2025-04-25 15:33:40,885 - AlphaZero.MCTS - INFO - Starting MCTS search for player 1
2025-04-25 15:33:41,149 - AlphaZero.MCTS - INFO - Starting MCTS search for player 2
2025-04-25 15:33:41,349 - AlphaZero.MCTS - INFO - Starting MCTS search for player 3
2025-04-25 15:33:41,467 - AlphaZero.MCTS - INFO - Starting MCTS search for player 0
2025-04-25 15:33:41,569 - AlphaZero.MCTS - INFO - Starting MCTS search for player 1
2025-04-25 15:33:41,848 - AlphaZero.MCTS - INFO - Starting MCTS search for player 2
2025-04-25 15:33:41,983 - AlphaZero.MCTS - INFO - Starting MCTS search for player 3
2025-04-25 15:33:42,098 - AlphaZero.MCTS - INFO - Starting MCTS search for player 0
2025-04-25 15:33:42,214 - AlphaZero.MCTS - INFO - Starting MCTS search for player 1
2025-04-25 15:33:42,436 - AlphaZero.MCTS - INFO - Starting MCTS search for player 2
