2025-04-19 11:51:22,024 - INFO - Using device: cuda
2025-04-19 11:51:23,101 - INFO - Loaded DQN model weights from ../splendor/models/dqn_model_final.pth
2025-04-19 11:51:23,185 - INFO - Loaded Dueling DQN model weights from ../splendor/models/dueling_model_final.pth
2025-04-19 11:51:23,185 - INFO - 
=== Starting Model Comparison ===
2025-04-19 11:51:23,186 - INFO - Starting evaluation of trained DQN model
2025-04-19 11:51:24,559 - INFO - Episode 1 (DQN): Rewards [34.600000000000016, 4.1999999999999975, 10.999999999999995, -1.1999999999999995] - Winner Steps: 47 - Winner: 1
2025-04-19 11:51:25,205 - INFO - Episode 2 (DQN): Rewards [43.60000000000002, -33.59999999999995, -9.200000000000003, 3.2000000000000126] - Winner Steps: 98 - Winner: 1
2025-04-19 11:51:25,518 - INFO - Episode 3 (DQN): Rewards [37.6, -9.40000000000001, 25.6, 1.6000000000000005] - Winner Steps: 43 - Winner: 1
2025-04-19 11:51:25,869 - INFO - Episode 4 (DQN): Rewards [31.20000000000001, -7.200000000000006, 32.800000000000004, 3.7999999999999976] - Winner Steps: 44 - Winner: 1
2025-04-19 11:51:27,383 - INFO - Episode reached 1000 steps (max limit), discarding and re-evaluating.
2025-04-19 11:51:27,845 - INFO - Episode 5 (DQN): Rewards [11.599999999999998, -7.800000000000011, 35.400000000000006, -11.800000000000017] - Winner Steps: 68 - Winner: 3
2025-04-19 11:51:28,177 - INFO - Episode 6 (DQN): Rewards [35.20000000000002, 39.60000000000001, 9.599999999999998, -4.200000000000002] - Winner Steps: 45 - Winner: 2
2025-04-19 11:51:28,539 - INFO - Episode 7 (DQN): Rewards [26.599999999999998, 19.000000000000014, -0.9999999999999992, 4.199999999999994] - Winner Steps: 50 - Winner: 1
2025-04-19 11:51:28,843 - INFO - Episode 8 (DQN): Rewards [12.799999999999994, 10.200000000000001, 25.60000000000001, 36.6] - Winner Steps: 41 - Winner: 0
2025-04-19 11:51:29,139 - INFO - Episode 9 (DQN): Rewards [-3.5999999999999996, -12.000000000000005, 65.80000000000001, 31.4] - Winner Steps: 39 - Winner: 3
2025-04-19 11:51:29,395 - INFO - Episode 10 (DQN): Rewards [31.000000000000004, 1.600000000000001, -9.000000000000004, 44.0] - Winner Steps: 32 - Winner: 0
2025-04-19 11:51:29,396 - INFO - DQN Evaluation completed: Avg Rewards: [26.06000000000001, 0.46000000000000385, 18.660000000000004, 10.76], Avg Winner Steps: 50.70, Wins: [2, 5, 1, 2]
2025-04-19 11:51:29,396 - INFO - Starting evaluation of trained Dueling DQN model
2025-04-19 11:51:29,778 - INFO - Episode 1 (Dueling DQN): Rewards [-0.9999999999999988, -9.000000000000002, 64.80000000000001, -7.600000000000001] - Winner Steps: 37 - Winner: 3
2025-04-19 11:51:30,300 - INFO - Episode 2 (Dueling DQN): Rewards [36.6, 33.800000000000004, -10.600000000000005, -2.8000000000000056] - Winner Steps: 56 - Winner: 1
2025-04-19 11:51:31,012 - INFO - Episode 3 (Dueling DQN): Rewards [11.000000000000005, -13.200000000000005, 47.20000000000003, -17.200000000000006] - Winner Steps: 80 - Winner: 3
2025-04-19 11:51:31,417 - INFO - Episode 4 (Dueling DQN): Rewards [-6.800000000000002, -5.4, 40.80000000000001, 0.2000000000000004] - Winner Steps: 42 - Winner: 3
2025-04-19 11:51:31,989 - INFO - Episode 5 (Dueling DQN): Rewards [44.600000000000016, -23.199999999999985, -9.000000000000012, 19.800000000000008] - Winner Steps: 62 - Winner: 1
2025-04-19 11:51:32,721 - INFO - Episode 6 (Dueling DQN): Rewards [24.39999999999999, 8.6, -14.600000000000009, -9.400000000000007] - Winner Steps: 79 - Winner: 1
2025-04-19 11:51:33,189 - INFO - Episode 7 (Dueling DQN): Rewards [86.20000000000002, 2.3314683517128287e-15, 12.199999999999998, -0.5999999999999988] - Winner Steps: 44 - Winner: 1
2025-04-19 11:51:33,648 - INFO - Episode 8 (Dueling DQN): Rewards [-14.800000000000011, 46.20000000000002, 4.399999999999999, -7.400000000000004] - Winner Steps: 47 - Winner: 2
2025-04-19 11:51:34,298 - INFO - Episode 9 (Dueling DQN): Rewards [34.40000000000003, 11.799999999999994, -24.19999999999998, 30.60000000000001] - Winner Steps: 68 - Winner: 1
2025-04-19 11:51:34,858 - INFO - Episode 10 (Dueling DQN): Rewards [-7.8000000000000025, 50.80000000000002, -4.200000000000002, 3.199999999999998] - Winner Steps: 59 - Winner: 2
2025-04-19 11:51:34,859 - INFO - Dueling DQN Evaluation completed: Avg Rewards: [20.680000000000003, 10.040000000000003, 10.680000000000003, 0.8799999999999992], Avg Winner Steps: 57.40, Wins: [0, 5, 2, 3]
2025-04-19 11:51:34,859 - INFO - 
=== Model Comparison Results ===
2025-04-19 11:51:34,859 - INFO - DQN Model:
2025-04-19 11:51:34,860 - INFO - - Average Winner Steps: 50.70
2025-04-19 11:51:34,860 - INFO - - Win Distribution: [2, 5, 1, 2]
2025-04-19 11:51:34,860 - INFO - - Average Rewards: [26.06000000000001, 0.46000000000000385, 18.660000000000004, 10.76]
2025-04-19 11:51:34,861 - INFO - 
Dueling DQN Model:
2025-04-19 11:51:34,861 - INFO - - Average Winner Steps: 57.40
2025-04-19 11:51:34,862 - INFO - - Win Distribution: [0, 5, 2, 3]
2025-04-19 11:51:34,862 - INFO - - Average Rewards: [20.680000000000003, 10.040000000000003, 10.680000000000003, 0.8799999999999992]
2025-04-19 11:51:34,862 - INFO - 
Performance Comparison:
2025-04-19 11:51:34,862 - INFO - - Steps Difference: 6.70 (Positive means Dueling DQN takes more steps)
2025-04-19 11:51:34,863 - INFO - - Win Rate Difference: [-2, 0, 1, 1]
