2025-04-08 10:53:14,989 - INFO - Starting DQN training for SplendorLightZeroEnv
2025-04-08 10:53:17,735 - INFO - Environment initialized with state_dim=162, action_dim=88
2025-04-08 10:53:17,735 - INFO - Training parameters: episodes=5000, batch_size=512, gamma=0.99, epsilon_start=1.0
2025-04-08 10:53:17,973 - INFO - Episode 1/5000, Reward: [58.39999999999999, 46.300000000000004, 14.200000000000005, 44.29999999999999], Steps: 154, Epsilon: 1.000, Avg Loss: 0.0000
2025-04-08 10:53:18,203 - INFO - Episode 2/5000, Reward: [32.799999999999976, 72.0, 33.9, 38.79999999999998], Steps: 175, Epsilon: 1.000, Avg Loss: 0.0000
2025-04-08 10:53:18,411 - INFO - Episode 3/5000, Reward: [7.700000000000001, 47.19999999999998, 30.19999999999999, 10.800000000000004], Steps: 159, Epsilon: 1.000, Avg Loss: 0.0000
2025-04-08 10:53:21,802 - INFO - Target network updated at step 100
2025-04-08 10:53:21,974 - INFO - Episode 4/5000, Reward: [28.4, 30.599999999999984, 43.79999999999999, 16.299999999999994], Steps: 144, Epsilon: 0.556, Avg Loss: 3.0243
2025-04-08 10:53:22,995 - INFO - Target network updated at step 200
2025-04-08 10:53:23,400 - INFO - Episode 5/5000, Reward: [33.89999999999999, 3.399999999999999, 57.3, 30.0], Steps: 124, Epsilon: 0.300, Avg Loss: 3.3309
2025-04-08 10:53:24,048 - INFO - Target network updated at step 300
2025-04-08 10:53:24,739 - INFO - Episode 6/5000, Reward: [14.500000000000002, 55.9, 67.79999999999998, 14.600000000000005], Steps: 139, Epsilon: 0.150, Avg Loss: 2.7832
2025-04-08 10:53:25,029 - INFO - Target network updated at step 400
2025-04-08 10:53:25,981 - INFO - Target network updated at step 500
2025-04-08 10:53:26,147 - INFO - Episode 7/5000, Reward: [55.99999999999999, 9.400000000000002, 33.699999999999996, 15.300000000000002], Steps: 142, Epsilon: 0.074, Avg Loss: 4.1076
2025-04-08 10:53:26,905 - INFO - Target network updated at step 600
2025-04-08 10:53:27,378 - INFO - Episode 8/5000, Reward: [55.1, 16.599999999999998, 38.6, 29.900000000000002], Steps: 134, Epsilon: 0.038, Avg Loss: 3.4797
2025-04-08 10:53:27,846 - INFO - Target network updated at step 700
2025-04-08 10:53:28,730 - INFO - Target network updated at step 800
2025-04-08 10:53:28,805 - INFO - Episode 9/5000, Reward: [18.099999999999994, 24.199999999999992, 40.199999999999996, 55.3], Steps: 157, Epsilon: 0.017, Avg Loss: 4.7656
2025-04-08 10:53:29,643 - INFO - Target network updated at step 900
2025-04-08 10:53:30,530 - INFO - Target network updated at step 1000
2025-04-08 10:53:31,409 - INFO - Target network updated at step 1100
2025-04-08 10:53:32,309 - INFO - Target network updated at step 1200
2025-04-08 10:53:33,195 - INFO - Target network updated at step 1300
2025-04-08 10:53:34,036 - INFO - Target network updated at step 1400
2025-04-08 10:53:34,908 - INFO - Target network updated at step 1500
2025-04-08 10:53:35,828 - INFO - Target network updated at step 1600
2025-04-08 10:53:36,837 - INFO - Target network updated at step 1700
2025-04-08 10:53:37,737 - INFO - Target network updated at step 1800
2025-04-08 10:53:37,802 - INFO - Episode 10/5000, Reward: [-5.199999999999971, 7.999999999999824, -10.199999999999951, -15.199999999999953], Steps: 1000, Epsilon: 0.010, Avg Loss: 5.7400
2025-04-08 10:53:38,683 - INFO - Target network updated at step 1900
2025-04-08 10:53:39,125 - INFO - Episode 11/5000, Reward: [9.000000000000005, 18.300000000000004, 56.8, 33.49999999999999], Steps: 144, Epsilon: 0.010, Avg Loss: 10.9709
2025-04-08 10:53:39,592 - INFO - Target network updated at step 2000
2025-04-08 10:53:40,306 - INFO - Episode 12/5000, Reward: [19.1, 17.0, 55.099999999999994, 16.6], Steps: 124, Epsilon: 0.010, Avg Loss: 13.5129
2025-04-08 10:53:40,592 - INFO - Target network updated at step 2100
2025-04-08 10:53:41,592 - INFO - Target network updated at step 2200
2025-04-08 10:53:41,724 - INFO - Episode 13/5000, Reward: [84.89999999999999, 20.399999999999984, 27.699999999999996, 39.699999999999996], Steps: 142, Epsilon: 0.010, Avg Loss: 19.9841
2025-04-08 10:53:42,624 - INFO - Target network updated at step 2300
2025-04-08 10:53:43,156 - INFO - Episode 14/5000, Reward: [42.9, 43.9, 31.89999999999999, 31.099999999999994], Steps: 135, Epsilon: 0.010, Avg Loss: 18.8787
2025-04-08 10:53:43,697 - INFO - Target network updated at step 2400
2025-04-08 10:53:44,577 - INFO - Episode 15/5000, Reward: [28.499999999999996, 37.8, 41.8, 27.699999999999996], Steps: 140, Epsilon: 0.010, Avg Loss: 17.8235
2025-04-08 10:53:44,705 - INFO - Target network updated at step 2500
2025-04-08 10:53:45,745 - INFO - Target network updated at step 2600
2025-04-08 10:53:46,086 - INFO - Episode 16/5000, Reward: [1.4999999999999982, 59.79999999999999, 36.599999999999994, 30.5], Steps: 155, Epsilon: 0.010, Avg Loss: 31.0615
2025-04-08 10:53:46,701 - INFO - Target network updated at step 2700
2025-04-08 10:53:47,479 - INFO - Episode 17/5000, Reward: [54.699999999999996, 27.6, 23.599999999999994, 78.9], Steps: 145, Epsilon: 0.010, Avg Loss: 27.5410
2025-04-08 10:53:47,626 - INFO - Target network updated at step 2800
2025-04-08 10:53:48,486 - INFO - Target network updated at step 2900
2025-04-08 10:53:48,623 - INFO - Episode 18/5000, Reward: [24.700000000000003, 44.0, 22.799999999999997, 34.89999999999999], Steps: 131, Epsilon: 0.010, Avg Loss: 57.8538
2025-04-08 10:53:49,396 - INFO - Target network updated at step 3000
2025-04-08 10:53:49,714 - INFO - Episode 19/5000, Reward: [10.600000000000003, 54.99999999999999, 16.000000000000004, 9.800000000000004], Steps: 123, Epsilon: 0.010, Avg Loss: 85.9153
2025-04-08 10:53:50,393 - INFO - Target network updated at step 3100
