2025-04-15 21:06:38,544 - INFO - Starting Dueling DQN training for SplendorLightZeroEnv
2025-04-15 21:06:40,844 - INFO - Loaded model weights from ../splendor/models/dueling_model_final.pth
2025-04-15 21:06:40,845 - INFO - Environment initialized with state_dim=162, action_dim=88
2025-04-15 21:06:40,845 - INFO - Training parameters: episodes=1000, batch_size=512, gamma=0.99, epsilon_start=1.0
2025-04-15 21:06:41,304 - INFO - Episode 1/1000, Reward: [-2.2000000000000126, -33.59999999999991, 16.99999999999999, -3.8000000000000185], Steps: 476, Epsilon: 1.000, Avg Loss: 0.0000
2025-04-15 21:06:44,195 - INFO - Target network updated at step 100
2025-04-15 21:06:45,138 - INFO - Target network updated at step 200
2025-04-15 21:06:45,721 - INFO - Episode 2/1000, Reward: [37.199999999999996, 14.999999999999991, -26.799999999999972, -21.799999999999994], Steps: 299, Epsilon: 0.269, Avg Loss: 5113991257246411652071424.0000
2025-04-15 21:06:46,119 - INFO - Target network updated at step 300
2025-04-15 21:06:47,158 - INFO - Target network updated at step 400
2025-04-15 21:06:48,149 - INFO - Target network updated at step 500
2025-04-15 21:06:49,123 - INFO - Target network updated at step 600
2025-04-15 21:06:50,021 - INFO - Target network updated at step 700
2025-04-15 21:06:50,219 - INFO - Episode 3/1000, Reward: [-6.000000000000014, -40.79999999999992, -6.400000000000024, 5.19999999999999], Steps: 461, Epsilon: 0.027, Avg Loss: 3063042225052335967567872.0000
2025-04-15 21:06:51,037 - INFO - Target network updated at step 800
2025-04-15 21:06:51,975 - INFO - Target network updated at step 900
2025-04-15 21:06:52,919 - INFO - Target network updated at step 1000
2025-04-15 21:06:53,810 - INFO - Target network updated at step 1100
2025-04-15 21:06:54,767 - INFO - Target network updated at step 1200
2025-04-15 21:06:55,770 - INFO - Target network updated at step 1300
2025-04-15 21:06:56,750 - INFO - Target network updated at step 1400
2025-04-15 21:06:57,716 - INFO - Target network updated at step 1500
2025-04-15 21:06:58,684 - INFO - Target network updated at step 1600
2025-04-15 21:06:59,292 - INFO - Episode 4/1000, Reward: [-83.40000000000012, -87.00000000000017, -27.999999999999844, -13.600000000000009], Steps: 939, Epsilon: 0.010, Avg Loss: 1485902707759500530548736.0000
2025-04-15 21:06:59,717 - INFO - Target network updated at step 1700
2025-04-15 21:07:00,712 - INFO - Target network updated at step 1800
2025-04-15 21:07:01,699 - INFO - Target network updated at step 1900
2025-04-15 21:07:02,635 - INFO - Target network updated at step 2000
2025-04-15 21:07:03,676 - INFO - Target network updated at step 2100
2025-04-15 21:07:04,741 - INFO - Target network updated at step 2200
2025-04-15 21:07:05,741 - INFO - Target network updated at step 2300
2025-04-15 21:07:06,706 - INFO - Target network updated at step 2400
2025-04-15 21:07:07,688 - INFO - Target network updated at step 2500
2025-04-15 21:07:08,334 - INFO - Episode 5/1000, Reward: [-24.599999999999937, -82.60000000000011, -80.20000000000007, -16.399999999999885], Steps: 899, Epsilon: 0.010, Avg Loss: 972101993489962220126208.0000
2025-04-15 21:07:08,796 - INFO - Target network updated at step 2600
2025-04-15 21:07:09,928 - INFO - Target network updated at step 2700
2025-04-15 21:07:10,956 - INFO - Target network updated at step 2800
2025-04-15 21:07:11,571 - INFO - Episode 6/1000, Reward: [50.40000000000005, -24.399999999999977, -22.599999999999984, -20.599999999999994], Steps: 298, Epsilon: 0.010, Avg Loss: 868798945075252911144960.0000
2025-04-15 21:07:12,104 - INFO - Target network updated at step 2900
2025-04-15 21:07:13,179 - INFO - Target network updated at step 3000
2025-04-15 21:07:14,083 - INFO - Episode 7/1000, Reward: [-3.800000000000012, -15.200000000000008, 55.20000000000002, -11.200000000000012], Steps: 236, Epsilon: 0.010, Avg Loss: 1073587474163927250632704.0000
2025-04-15 21:07:14,193 - INFO - Target network updated at step 3100
2025-04-15 21:07:15,202 - INFO - Target network updated at step 3200
2025-04-15 21:07:16,242 - INFO - Target network updated at step 3300
2025-04-15 21:07:17,265 - INFO - Target network updated at step 3400
2025-04-15 21:07:17,350 - INFO - Episode 8/1000, Reward: [-8.400000000000013, -16.000000000000007, 54.39999999999999, -19.999999999999982], Steps: 319, Epsilon: 0.010, Avg Loss: 1015039051198809335922688.0000
2025-04-15 21:07:18,267 - INFO - Target network updated at step 3500
2025-04-15 21:07:19,338 - INFO - Target network updated at step 3600
2025-04-15 21:07:20,370 - INFO - Target network updated at step 3700
2025-04-15 21:07:21,369 - INFO - Target network updated at step 3800
2025-04-15 21:07:22,385 - INFO - Target network updated at step 3900
2025-04-15 21:07:23,391 - INFO - Target network updated at step 4000
2025-04-15 21:07:24,418 - INFO - Target network updated at step 4100
2025-04-15 21:07:25,422 - INFO - Target network updated at step 4200
2025-04-15 21:07:26,447 - INFO - Target network updated at step 4300
2025-04-15 21:07:27,472 - INFO - Target network updated at step 4400
2025-04-15 21:07:27,547 - INFO - Episode 9/1000, Reward: [-89.2000000000002, -94.00000000000027, -87.80000000000018, -83.80000000000011], Steps: 1000, Epsilon: 0.010, Avg Loss: 857899941725408174538752.0000
2025-04-15 21:07:28,530 - INFO - Target network updated at step 4500
2025-04-15 21:07:29,503 - INFO - Target network updated at step 4600
2025-04-15 21:07:30,514 - INFO - Target network updated at step 4700
2025-04-15 21:07:31,520 - INFO - Target network updated at step 4800
2025-04-15 21:07:32,592 - INFO - Target network updated at step 4900
2025-04-15 21:07:33,629 - INFO - Target network updated at step 5000
2025-04-15 21:07:34,662 - INFO - Target network updated at step 5100
2025-04-15 21:07:35,708 - INFO - Target network updated at step 5200
2025-04-15 21:07:36,734 - INFO - Target network updated at step 5300
2025-04-15 21:07:37,773 - INFO - Target network updated at step 5400
2025-04-15 21:07:37,838 - INFO - Episode 10/1000, Reward: [-95.40000000000028, -86.6000000000002, -90.00000000000021, -86.60000000000021], Steps: 1000, Epsilon: 0.010, Avg Loss: 567390682148716874301440.0000
2025-04-15 21:07:38,781 - INFO - Target network updated at step 5500
2025-04-15 21:07:39,873 - INFO - Target network updated at step 5600
2025-04-15 21:07:40,933 - INFO - Target network updated at step 5700
2025-04-15 21:07:42,130 - INFO - Target network updated at step 5800
2025-04-15 21:07:43,265 - INFO - Target network updated at step 5900
2025-04-15 21:07:44,347 - INFO - Target network updated at step 6000
2025-04-15 21:07:45,362 - INFO - Target network updated at step 6100
2025-04-15 21:07:46,391 - INFO - Target network updated at step 6200
2025-04-15 21:07:47,421 - INFO - Target network updated at step 6300
2025-04-15 21:07:48,426 - INFO - Target network updated at step 6400
2025-04-15 21:07:48,486 - INFO - Episode 11/1000, Reward: [-66.99999999999989, -93.00000000000026, -81.80000000000017, -78.40000000000019], Steps: 1000, Epsilon: 0.010, Avg Loss: 449883635758190829764608.0000
2025-04-15 21:07:49,484 - INFO - Target network updated at step 6500
2025-04-15 21:07:50,503 - INFO - Target network updated at step 6600
2025-04-15 21:07:51,577 - INFO - Target network updated at step 6700
2025-04-15 21:07:52,687 - INFO - Target network updated at step 6800
2025-04-15 21:07:53,728 - INFO - Target network updated at step 6900
2025-04-15 21:07:54,771 - INFO - Target network updated at step 7000
2025-04-15 21:07:55,812 - INFO - Target network updated at step 7100
2025-04-15 21:07:56,908 - INFO - Target network updated at step 7200
2025-04-15 21:07:57,920 - INFO - Target network updated at step 7300
2025-04-15 21:07:58,972 - INFO - Target network updated at step 7400
2025-04-15 21:07:59,016 - INFO - Episode 12/1000, Reward: [-33.99999999999988, -71.39999999999992, -75.39999999999999, -73.2], Steps: 1000, Epsilon: 0.010, Avg Loss: 323791823700674119467008.0000
2025-04-15 21:08:00,165 - INFO - Target network updated at step 7500
2025-04-15 21:08:01,394 - INFO - Target network updated at step 7600
2025-04-15 21:08:02,218 - INFO - Episode 13/1000, Reward: [-18.000000000000007, -15.60000000000001, 45.8, -11.400000000000007], Steps: 265, Epsilon: 0.010, Avg Loss: 307160643467559888224256.0000
2025-04-15 21:08:02,578 - INFO - Target network updated at step 7700
2025-04-15 21:08:03,746 - INFO - Target network updated at step 7800
2025-04-15 21:08:04,918 - INFO - Target network updated at step 7900
