2025-04-08 11:05:00,443 - INFO - Starting DQN training for SplendorLightZeroEnv
2025-04-08 11:05:02,131 - INFO - Environment initialized with state_dim=162, action_dim=88
2025-04-08 11:05:02,132 - INFO - Training parameters: episodes=20, batch_size=512, gamma=0.99, epsilon_start=1.0
2025-04-08 11:05:02,439 - INFO - Episode 1/20, Reward: [22.9, 24.8, 33.1, 45.19999999999999], Steps: 165, Avg Loss: 0.0000
2025-04-08 11:05:02,706 - INFO - Episode 2/20, Reward: [61.9, 61.999999999999986, 24.79999999999999, 16.9], Steps: 175, Avg Loss: 0.0000
2025-04-08 11:05:02,959 - INFO - Episode 3/20, Reward: [55.19999999999999, 9.8, 33.19999999999999, 36.099999999999994], Steps: 162, Avg Loss: 0.0000
2025-04-08 11:05:05,206 - INFO - Target network updated at step 100
2025-04-08 11:05:05,627 - INFO - Episode 4/20, Reward: [35.5, 24.099999999999987, 54.59999999999999, 44.3], Steps: 156, Avg Loss: 3.4714
2025-04-08 11:05:06,110 - INFO - Target network updated at step 200
2025-04-08 11:05:07,000 - INFO - Episode 5/20, Reward: [24.099999999999994, 37.39999999999999, 23.4, 42.199999999999996], Steps: 155, Avg Loss: 3.6407
2025-04-08 11:05:07,028 - INFO - Target network updated at step 300
2025-04-08 11:05:07,863 - INFO - Target network updated at step 400
2025-04-08 11:05:08,093 - INFO - Episode 6/20, Reward: [65.89999999999998, 29.599999999999994, 13.400000000000004, 7.299999999999999], Steps: 134, Avg Loss: 4.8853
2025-04-08 11:05:08,689 - INFO - Target network updated at step 500
2025-04-08 11:05:09,284 - INFO - Episode 7/20, Reward: [31.699999999999996, 51.9, 25.499999999999993, 32.699999999999996], Steps: 143, Avg Loss: 3.1778
2025-04-08 11:05:09,524 - INFO - Target network updated at step 600
2025-04-08 11:05:10,357 - INFO - Target network updated at step 700
2025-04-08 11:05:10,619 - INFO - Episode 8/20, Reward: [69.69999999999999, 6.9, 33.199999999999996, 3.7000000000000015], Steps: 154, Avg Loss: 3.7063
2025-04-08 11:05:11,355 - INFO - Target network updated at step 800
2025-04-08 11:05:11,976 - INFO - Episode 9/20, Reward: [28.699999999999996, 18.5, 62.300000000000004, 13.800000000000002], Steps: 128, Avg Loss: 2.9368
2025-04-08 11:05:12,460 - INFO - Target network updated at step 900
2025-04-08 11:05:13,336 - INFO - Episode 10/20, Reward: [58.8, 18.399999999999995, 18.6, 39.4], Steps: 142, Avg Loss: 2.4292
2025-04-08 11:05:13,405 - INFO - Target network updated at step 1000
2025-04-08 11:05:14,420 - INFO - Target network updated at step 1100
2025-04-08 11:05:14,707 - INFO - Episode 11/20, Reward: [45.699999999999996, 32.0, 23.799999999999997, 32.9], Steps: 134, Avg Loss: 4.4586
2025-04-08 11:05:15,471 - INFO - Target network updated at step 1200
2025-04-08 11:05:15,968 - INFO - Episode 12/20, Reward: [82.9, 19.5, 19.699999999999996, 23.69999999999999], Steps: 134, Avg Loss: 3.8360
2025-04-08 11:05:16,321 - INFO - Target network updated at step 1300
2025-04-08 11:05:17,204 - INFO - Target network updated at step 1400
2025-04-08 11:05:17,204 - INFO - Episode 13/20, Reward: [57.8, 38.89999999999999, 33.69999999999999, 33.5], Steps: 142, Avg Loss: 4.2074
2025-04-08 11:05:18,110 - INFO - Target network updated at step 1500
2025-04-08 11:05:18,576 - INFO - Episode 14/20, Reward: [50.199999999999996, 20.199999999999992, 35.399999999999984, 52.29999999999999], Steps: 157, Avg Loss: 6.3162
2025-04-08 11:05:18,939 - INFO - Target network updated at step 1600
2025-04-08 11:05:19,852 - INFO - Episode 15/20, Reward: [55.49999999999999, 20.700000000000003, 24.9, 12.400000000000004], Steps: 138, Avg Loss: 4.2944
2025-04-08 11:05:19,917 - INFO - Target network updated at step 1700
2025-04-08 11:05:20,764 - INFO - Target network updated at step 1800
2025-04-08 11:05:21,164 - INFO - Episode 16/20, Reward: [34.39999999999999, 27.099999999999994, 54.69999999999999, 23.300000000000004], Steps: 148, Avg Loss: 7.7316
2025-04-08 11:05:21,695 - INFO - Target network updated at step 1900
2025-04-08 11:05:22,485 - INFO - Episode 17/20, Reward: [34.99999999999998, 49.199999999999996, 49.79999999999999, 25.199999999999996], Steps: 156, Avg Loss: 5.8950
2025-04-08 11:05:22,530 - INFO - Target network updated at step 2000
2025-04-08 11:05:23,381 - INFO - Target network updated at step 2100
2025-04-08 11:05:23,817 - INFO - Episode 18/20, Reward: [76.30000000000001, 39.39999999999999, 38.399999999999984, 31.19999999999999], Steps: 158, Avg Loss: 12.3322
2025-04-08 11:05:24,226 - INFO - Target network updated at step 2200
2025-04-08 11:05:25,005 - INFO - Episode 19/20, Reward: [32.5, 40.599999999999994, 31.599999999999994, 38.69999999999999], Steps: 143, Avg Loss: 9.6094
2025-04-08 11:05:25,069 - INFO - Target network updated at step 2300
2025-04-08 11:05:25,909 - INFO - Target network updated at step 2400
2025-04-08 11:05:26,308 - INFO - Episode 20/20, Reward: [39.1, 75.6, 32.4, 37.19999999999999], Steps: 155, Avg Loss: 21.6579
2025-04-08 11:05:26,348 - INFO - Final model saved at ../splendor/models/dqn_model_final.pth
2025-04-08 11:05:26,348 - INFO - Starting evaluation of trained DQN model
2025-04-08 11:05:26,352 - INFO - Player 0 chose action 50
2025-04-08 11:05:26,355 - INFO - Player 1 chose action 44
2025-04-08 11:05:26,357 - INFO - Player 2 chose action 44
2025-04-08 11:05:26,361 - INFO - Player 3 chose action 44
2025-04-08 11:05:26,365 - INFO - Player 0 chose action 50
2025-04-08 11:05:26,368 - INFO - Player 1 chose action 44
2025-04-08 11:05:26,372 - INFO - Player 2 chose action 44
2025-04-08 11:05:26,375 - INFO - Player 3 chose action 28
2025-04-08 11:05:26,378 - INFO - Player 0 chose action 44
2025-04-08 11:05:26,381 - INFO - Player 1 chose action 44
2025-04-08 11:05:26,386 - INFO - Player 2 chose action 44
2025-04-08 11:05:26,389 - INFO - Player 3 chose action 44
2025-04-08 11:05:26,393 - INFO - Player 0 chose action 29
2025-04-08 11:05:26,396 - INFO - Player 1 chose action 20
2025-04-08 11:05:26,399 - INFO - Player 2 chose action 28
2025-04-08 11:05:26,402 - INFO - Player 3 chose action 44
2025-04-08 11:05:26,405 - INFO - Player 0 chose action 29
2025-04-08 11:05:26,408 - INFO - Player 1 chose action 29
2025-04-08 11:05:26,410 - INFO - Player 2 chose action 28
2025-04-08 11:05:26,413 - INFO - Player 3 chose action 25
2025-04-08 11:05:26,416 - INFO - Player 0 chose action 25
2025-04-08 11:05:26,419 - INFO - Player 1 chose action 25
2025-04-08 11:05:26,422 - INFO - Player 2 chose action 36
2025-04-08 11:05:26,426 - INFO - Player 3 chose action 28
2025-04-08 11:05:26,429 - INFO - Player 0 chose action 30
2025-04-08 11:05:26,433 - INFO - Player 1 chose action 10
2025-04-08 11:05:26,437 - INFO - Player 2 chose action 16
2025-04-08 11:05:26,439 - INFO - Player 3 chose action 10
2025-04-08 11:05:26,442 - INFO - Player 0 chose action 25
2025-04-08 11:05:26,446 - INFO - Player 1 chose action 55
2025-04-08 11:05:26,449 - INFO - Player 2 chose action 10
2025-04-08 11:05:26,452 - INFO - Player 3 chose action 55
2025-04-08 11:05:26,456 - INFO - Player 0 chose action 8
2025-04-08 11:05:26,458 - INFO - Player 1 chose action 50
2025-04-08 11:05:26,463 - INFO - Player 2 chose action 10
2025-04-08 11:05:26,465 - INFO - Player 3 chose action 50
2025-04-08 11:05:26,469 - INFO - Player 0 chose action 10
2025-04-08 11:05:26,472 - INFO - Player 1 chose action 10
2025-04-08 11:05:26,476 - INFO - Player 2 chose action 10
2025-04-08 11:05:26,479 - INFO - Player 3 chose action 55
2025-04-08 11:05:26,483 - INFO - Player 0 chose action 33
2025-04-08 11:05:26,486 - INFO - Player 1 chose action 10
2025-04-08 11:05:26,488 - INFO - Player 2 chose action 3
2025-04-08 11:05:26,491 - INFO - Player 3 chose action 50
2025-04-08 11:05:26,495 - INFO - Player 0 chose action 31
2025-04-08 11:05:26,499 - INFO - Player 1 chose action 31
2025-04-08 11:05:26,502 - INFO - Player 2 chose action 31
2025-04-08 11:05:26,506 - INFO - Player 3 chose action 8
2025-04-08 11:05:26,509 - INFO - Player 0 chose action 8
2025-04-08 11:05:26,512 - INFO - Player 1 chose action 25
2025-04-08 11:05:26,515 - INFO - Player 2 chose action 26
2025-04-08 11:05:26,518 - INFO - Player 3 chose action 33
2025-04-08 11:05:26,522 - INFO - Player 0 chose action 8
2025-04-08 11:05:26,526 - INFO - Player 1 chose action 54
2025-04-08 11:05:26,530 - INFO - Player 2 chose action 10
2025-04-08 11:05:26,534 - INFO - Player 3 chose action 6
2025-04-08 11:05:26,537 - INFO - Player 0 chose action 2
2025-04-08 11:05:26,540 - INFO - Player 1 chose action 50
2025-04-08 11:05:26,543 - INFO - Player 2 chose action 33
2025-04-08 11:05:26,548 - INFO - Player 3 chose action 10
2025-04-08 11:05:26,551 - INFO - Player 0 chose action 87
2025-04-08 11:05:26,554 - INFO - Player 1 chose action 31
2025-04-08 11:05:26,558 - INFO - Player 2 chose action 31
2025-04-08 11:05:26,562 - INFO - Player 3 chose action 31
2025-04-08 11:05:26,566 - INFO - Player 0 chose action 87
2025-04-08 11:05:26,569 - INFO - Player 1 chose action 31
2025-04-08 11:05:26,573 - INFO - Player 2 chose action 31
2025-04-08 11:05:26,577 - INFO - Player 3 chose action 25
2025-04-08 11:05:26,580 - INFO - Player 0 chose action 33
2025-04-08 11:05:26,583 - INFO - Player 1 chose action 25
2025-04-08 11:05:26,588 - INFO - Player 2 chose action 31
2025-04-08 11:05:26,591 - INFO - Player 3 chose action 10
2025-04-08 11:05:26,594 - INFO - Player 0 chose action 31
2025-04-08 11:05:26,597 - INFO - Player 1 chose action 10
2025-04-08 11:05:26,600 - INFO - Player 2 chose action 10
2025-04-08 11:05:26,604 - INFO - Player 3 chose action 10
2025-04-08 11:05:26,608 - INFO - Player 0 chose action 10
2025-04-08 11:05:26,611 - INFO - Player 1 chose action 10
2025-04-08 11:05:26,614 - INFO - Player 2 chose action 10
2025-04-08 11:05:26,618 - INFO - Player 3 chose action 33
2025-04-08 11:05:26,622 - INFO - Player 0 chose action 8
2025-04-08 11:05:26,625 - INFO - Player 1 chose action 37
2025-04-08 11:05:26,629 - INFO - Player 2 chose action 22
2025-04-08 11:05:26,632 - INFO - Player 3 chose action 22
2025-04-08 11:05:26,637 - INFO - Player 0 chose action 56
2025-04-08 11:05:26,641 - INFO - Player 1 chose action 22
2025-04-08 11:05:26,645 - INFO - Player 2 chose action 54
2025-04-08 11:05:26,648 - INFO - Player 3 chose action 31
2025-04-08 11:05:26,652 - INFO - Player 0 chose action 50
2025-04-08 11:05:26,656 - INFO - Player 1 chose action 8
2025-04-08 11:05:26,658 - INFO - Player 2 chose action 20
2025-04-08 11:05:26,661 - INFO - Player 3 chose action 37
2025-04-08 11:05:26,665 - INFO - Player 0 chose action 4
2025-04-08 11:05:26,667 - INFO - Player 1 chose action 37
2025-04-08 11:05:26,670 - INFO - Player 2 chose action 52
2025-04-08 11:05:26,673 - INFO - Player 3 chose action 8
2025-04-08 11:05:26,676 - INFO - Player 0 chose action 34
2025-04-08 11:05:26,679 - INFO - Player 1 chose action 20
2025-04-08 11:05:26,682 - INFO - Player 2 chose action 39
2025-04-08 11:05:26,686 - INFO - Player 3 chose action 54
2025-04-08 11:05:26,691 - INFO - Player 0 chose action 20
2025-04-08 11:05:26,694 - INFO - Player 1 chose action 54
2025-04-08 11:05:26,698 - INFO - Player 2 chose action 20
2025-04-08 11:05:26,701 - INFO - Player 3 chose action 36
2025-04-08 11:05:26,704 - INFO - Player 0 chose action 36
2025-04-08 11:05:26,707 - INFO - Player 1 chose action 20
2025-04-08 11:05:26,710 - INFO - Player 2 chose action 54
2025-04-08 11:05:26,713 - INFO - Player 3 chose action 36
2025-04-08 11:05:26,716 - INFO - Player 0 chose action 17
2025-04-08 11:05:26,720 - INFO - Player 1 chose action 48
2025-04-08 11:05:26,723 - INFO - Player 2 chose action 54
2025-04-08 11:05:26,726 - INFO - Player 3 chose action 20
2025-04-08 11:05:26,729 - INFO - Player 0 chose action 37
2025-04-08 11:05:26,733 - INFO - Player 1 chose action 36
2025-04-08 11:05:26,736 - INFO - Player 2 chose action 50
2025-04-08 11:05:26,740 - INFO - Player 3 chose action 50
2025-04-08 11:05:26,743 - INFO - Player 0 chose action 20
2025-04-08 11:05:26,746 - INFO - Player 1 chose action 10
2025-04-08 11:05:26,748 - INFO - Player 2 chose action 36
2025-04-08 11:05:26,752 - INFO - Player 3 chose action 37
2025-04-08 11:05:26,755 - INFO - Player 0 chose action 25
2025-04-08 11:05:26,758 - INFO - Player 1 chose action 2
2025-04-08 11:05:26,761 - INFO - Player 2 chose action 50
2025-04-08 11:05:26,764 - INFO - Player 3 chose action 34
2025-04-08 11:05:26,768 - INFO - Player 0 chose action 37
2025-04-08 11:05:26,772 - INFO - Player 1 chose action 36
2025-04-08 11:05:26,776 - INFO - Player 2 chose action 20
2025-04-08 11:05:26,778 - INFO - Player 3 chose action 8
2025-04-08 11:05:26,782 - INFO - Player 0 chose action 20
2025-04-08 11:05:26,784 - INFO - Player 1 chose action 35
2025-04-08 11:05:26,788 - INFO - Player 2 chose action 34
2025-04-08 11:05:26,791 - INFO - Player 3 chose action 28
2025-04-08 11:05:26,794 - INFO - Player 0 chose action 36
2025-04-08 11:05:26,798 - INFO - Player 1 chose action 28
2025-04-08 11:05:26,801 - INFO - Player 2 chose action 40
2025-04-08 11:05:26,803 - INFO - Eval Episode 1/5, Rewards: [20.700000000000003, 25.700000000000003, 64.9, 21.9], Steps: 136
2025-04-08 11:05:26,806 - INFO - Player 0 chose action 50
2025-04-08 11:05:26,810 - INFO - Player 1 chose action 50
2025-04-08 11:05:26,813 - INFO - Player 2 chose action 50
2025-04-08 11:05:26,817 - INFO - Player 3 chose action 52
2025-04-08 11:05:26,820 - INFO - Player 0 chose action 50
2025-04-08 11:05:26,824 - INFO - Player 1 chose action 50
2025-04-08 11:05:26,827 - INFO - Player 2 chose action 50
2025-04-08 11:05:26,831 - INFO - Player 3 chose action 50
2025-04-08 11:05:26,834 - INFO - Player 0 chose action 50
2025-04-08 11:05:26,838 - INFO - Player 1 chose action 50
2025-04-08 11:05:26,841 - INFO - Player 2 chose action 50
2025-04-08 11:05:26,844 - INFO - Player 3 chose action 50
2025-04-08 11:05:26,847 - INFO - Player 0 chose action 8
2025-04-08 11:05:26,851 - INFO - Player 1 chose action 8
2025-04-08 11:05:26,854 - INFO - Player 2 chose action 8
2025-04-08 11:05:26,858 - INFO - Player 3 chose action 16
2025-04-08 11:05:26,860 - INFO - Player 0 chose action 16
2025-04-08 11:05:26,863 - INFO - Player 1 chose action 22
2025-04-08 11:05:26,866 - INFO - Player 2 chose action 22
2025-04-08 11:05:26,869 - INFO - Player 3 chose action 30
2025-04-08 11:05:26,873 - INFO - Player 0 chose action 31
2025-04-08 11:05:26,877 - INFO - Player 1 chose action 31
2025-04-08 11:05:26,881 - INFO - Player 2 chose action 31
2025-04-08 11:05:26,886 - INFO - Player 3 chose action 8
2025-04-08 11:05:26,888 - INFO - Player 0 chose action 8
2025-04-08 11:05:26,891 - INFO - Player 1 chose action 8
2025-04-08 11:05:26,895 - INFO - Player 2 chose action 8
2025-04-08 11:05:26,898 - INFO - Player 3 chose action 14
2025-04-08 11:05:26,902 - INFO - Player 0 chose action 24
2025-04-08 11:05:26,905 - INFO - Player 1 chose action 24
2025-04-08 11:05:26,908 - INFO - Player 2 chose action 12
2025-04-08 11:05:26,911 - INFO - Player 3 chose action 32
2025-04-08 11:05:26,914 - INFO - Player 0 chose action 31
2025-04-08 11:05:26,918 - INFO - Player 1 chose action 8
2025-04-08 11:05:26,921 - INFO - Player 2 chose action 23
2025-04-08 11:05:26,925 - INFO - Player 3 chose action 23
2025-04-08 11:05:26,928 - INFO - Player 0 chose action 10
2025-04-08 11:05:26,931 - INFO - Player 1 chose action 37
2025-04-08 11:05:26,936 - INFO - Player 2 chose action 31
2025-04-08 11:05:26,939 - INFO - Player 3 chose action 23
2025-04-08 11:05:26,942 - INFO - Player 0 chose action 22
2025-04-08 11:05:26,945 - INFO - Player 1 chose action 22
2025-04-08 11:05:26,948 - INFO - Player 2 chose action 22
2025-04-08 11:05:26,951 - INFO - Player 3 chose action 31
2025-04-08 11:05:26,955 - INFO - Player 0 chose action 31
2025-04-08 11:05:26,958 - INFO - Player 1 chose action 10
2025-04-08 11:05:26,963 - INFO - Player 2 chose action 4
2025-04-08 11:05:26,966 - INFO - Player 3 chose action 24
2025-04-08 11:05:26,969 - INFO - Player 0 chose action 24
2025-04-08 11:05:26,972 - INFO - Player 1 chose action 35
2025-04-08 11:05:26,976 - INFO - Player 2 chose action 30
2025-04-08 11:05:26,979 - INFO - Player 3 chose action 23
2025-04-08 11:05:26,984 - INFO - Player 0 chose action 32
2025-04-08 11:05:26,987 - INFO - Player 1 chose action 16
2025-04-08 11:05:26,990 - INFO - Player 2 chose action 6
2025-04-08 11:05:26,994 - INFO - Player 3 chose action 30
2025-04-08 11:05:26,997 - INFO - Player 0 chose action 31
2025-04-08 11:05:27,001 - INFO - Player 1 chose action 33
2025-04-08 11:05:27,004 - INFO - Player 2 chose action 31
2025-04-08 11:05:27,007 - INFO - Player 3 chose action 8
2025-04-08 11:05:27,011 - INFO - Player 0 chose action 31
2025-04-08 11:05:27,014 - INFO - Player 1 chose action 32
2025-04-08 11:05:27,018 - INFO - Player 2 chose action 8
2025-04-08 11:05:27,022 - INFO - Player 3 chose action 8
2025-04-08 11:05:27,026 - INFO - Player 0 chose action 31
2025-04-08 11:05:27,030 - INFO - Player 1 chose action 8
2025-04-08 11:05:27,033 - INFO - Player 2 chose action 33
2025-04-08 11:05:27,036 - INFO - Player 3 chose action 31
2025-04-08 11:05:27,039 - INFO - Player 0 chose action 31
2025-04-08 11:05:27,043 - INFO - Player 1 chose action 20
2025-04-08 11:05:27,046 - INFO - Player 2 chose action 20
2025-04-08 11:05:27,049 - INFO - Player 3 chose action 10
2025-04-08 11:05:27,052 - INFO - Player 0 chose action 10
2025-04-08 11:05:27,055 - INFO - Player 1 chose action 10
2025-04-08 11:05:27,058 - INFO - Player 2 chose action 32
2025-04-08 11:05:27,062 - INFO - Player 3 chose action 37
2025-04-08 11:05:27,066 - INFO - Player 0 chose action 8
2025-04-08 11:05:27,069 - INFO - Player 1 chose action 31
2025-04-08 11:05:27,073 - INFO - Player 2 chose action 31
2025-04-08 11:05:27,076 - INFO - Player 3 chose action 8
2025-04-08 11:05:27,079 - INFO - Player 0 chose action 8
2025-04-08 11:05:27,082 - INFO - Player 1 chose action 24
2025-04-08 11:05:27,084 - INFO - Player 2 chose action 12
2025-04-08 11:05:27,088 - INFO - Player 3 chose action 12
2025-04-08 11:05:27,090 - INFO - Player 0 chose action 35
2025-04-08 11:05:27,094 - INFO - Player 1 chose action 30
2025-04-08 11:05:27,097 - INFO - Player 2 chose action 28
2025-04-08 11:05:27,099 - INFO - Player 3 chose action 37
2025-04-08 11:05:27,103 - INFO - Player 0 chose action 0
2025-04-08 11:05:27,105 - INFO - Player 1 chose action 0
2025-04-08 11:05:27,108 - INFO - Player 2 chose action 0
2025-04-08 11:05:27,111 - INFO - Player 3 chose action 28
2025-04-08 11:05:27,114 - INFO - Player 0 chose action 13
2025-04-08 11:05:27,117 - INFO - Player 1 chose action 13
2025-04-08 11:05:27,120 - INFO - Player 2 chose action 35
2025-04-08 11:05:27,124 - INFO - Player 3 chose action 28
2025-04-08 11:05:27,127 - INFO - Player 0 chose action 34
2025-04-08 11:05:27,130 - INFO - Player 1 chose action 87
2025-04-08 11:05:27,132 - INFO - Player 2 chose action 28
2025-04-08 11:05:27,135 - INFO - Player 3 chose action 36
2025-04-08 11:05:27,138 - INFO - Player 0 chose action 23
2025-04-08 11:05:27,141 - INFO - Player 1 chose action 37
2025-04-08 11:05:27,144 - INFO - Player 2 chose action 8
2025-04-08 11:05:27,147 - INFO - Player 3 chose action 8
2025-04-08 11:05:27,150 - INFO - Player 0 chose action 34
2025-04-08 11:05:27,154 - INFO - Player 1 chose action 28
2025-04-08 11:05:27,157 - INFO - Player 2 chose action 87
2025-04-08 11:05:27,160 - INFO - Player 3 chose action 37
2025-04-08 11:05:27,164 - INFO - Player 0 chose action 12
2025-04-08 11:05:27,167 - INFO - Player 1 chose action 37
2025-04-08 11:05:27,170 - INFO - Player 2 chose action 87
2025-04-08 11:05:27,173 - INFO - Player 3 chose action 17
2025-04-08 11:05:27,176 - INFO - Player 0 chose action 37
2025-04-08 11:05:27,179 - INFO - Player 1 chose action 8
2025-04-08 11:05:27,182 - INFO - Player 2 chose action 87
2025-04-08 11:05:27,185 - INFO - Player 3 chose action 37
2025-04-08 11:05:27,188 - INFO - Player 0 chose action 8
2025-04-08 11:05:27,192 - INFO - Player 1 chose action 4
2025-04-08 11:05:27,194 - INFO - Player 2 chose action 37
2025-04-08 11:05:27,198 - INFO - Player 3 chose action 37
2025-04-08 11:05:27,201 - INFO - Player 0 chose action 54
2025-04-08 11:05:27,205 - INFO - Player 1 chose action 37
2025-04-08 11:05:27,208 - INFO - Player 2 chose action 36
2025-04-08 11:05:27,212 - INFO - Player 3 chose action 16
2025-04-08 11:05:27,215 - INFO - Player 0 chose action 50
2025-04-08 11:05:27,219 - INFO - Player 1 chose action 23
2025-04-08 11:05:27,221 - INFO - Player 2 chose action 29
2025-04-08 11:05:27,224 - INFO - Player 3 chose action 37
2025-04-08 11:05:27,229 - INFO - Player 0 chose action 54
2025-04-08 11:05:27,231 - INFO - Eval Episode 2/5, Rewards: [90.1, 20.799999999999997, 18.800000000000004, 29.0], Steps: 130
2025-04-08 11:05:27,237 - INFO - Player 0 chose action 44
2025-04-08 11:05:27,241 - INFO - Player 1 chose action 44
2025-04-08 11:05:27,244 - INFO - Player 2 chose action 44
2025-04-08 11:05:27,248 - INFO - Player 3 chose action 44
2025-04-08 11:05:27,251 - INFO - Player 0 chose action 50
2025-04-08 11:05:27,255 - INFO - Player 1 chose action 44
2025-04-08 11:05:27,259 - INFO - Player 2 chose action 44
2025-04-08 11:05:27,263 - INFO - Player 3 chose action 50
2025-04-08 11:05:27,267 - INFO - Player 0 chose action 52
2025-04-08 11:05:27,271 - INFO - Player 1 chose action 50
2025-04-08 11:05:27,275 - INFO - Player 2 chose action 43
2025-04-08 11:05:27,279 - INFO - Player 3 chose action 5
2025-04-08 11:05:27,282 - INFO - Player 0 chose action 10
2025-04-08 11:05:27,285 - INFO - Player 1 chose action 25
2025-04-08 11:05:27,289 - INFO - Player 2 chose action 25
2025-04-08 11:05:27,292 - INFO - Player 3 chose action 20
2025-04-08 11:05:27,295 - INFO - Player 0 chose action 20
2025-04-08 11:05:27,298 - INFO - Player 1 chose action 10
2025-04-08 11:05:27,301 - INFO - Player 2 chose action 10
2025-04-08 11:05:27,304 - INFO - Player 3 chose action 32
2025-04-08 11:05:27,307 - INFO - Player 0 chose action 31
2025-04-08 11:05:27,313 - INFO - Player 1 chose action 10
2025-04-08 11:05:27,317 - INFO - Player 2 chose action 10
2025-04-08 11:05:27,320 - INFO - Player 3 chose action 52
2025-04-08 11:05:27,324 - INFO - Player 0 chose action 10
2025-04-08 11:05:27,327 - INFO - Player 1 chose action 20
2025-04-08 11:05:27,331 - INFO - Player 2 chose action 55
2025-04-08 11:05:27,334 - INFO - Player 3 chose action 25
2025-04-08 11:05:27,338 - INFO - Player 0 chose action 29
2025-04-08 11:05:27,341 - INFO - Player 1 chose action 30
2025-04-08 11:05:27,345 - INFO - Player 2 chose action 50
2025-04-08 11:05:27,348 - INFO - Player 3 chose action 31
2025-04-08 11:05:27,353 - INFO - Player 0 chose action 31
2025-04-08 11:05:27,357 - INFO - Player 1 chose action 20
2025-04-08 11:05:27,360 - INFO - Player 2 chose action 22
2025-04-08 11:05:27,363 - INFO - Player 3 chose action 22
2025-04-08 11:05:27,366 - INFO - Player 0 chose action 31
2025-04-08 11:05:27,369 - INFO - Player 1 chose action 37
2025-04-08 11:05:27,373 - INFO - Player 2 chose action 10
2025-04-08 11:05:27,376 - INFO - Player 3 chose action 8
2025-04-08 11:05:27,379 - INFO - Player 0 chose action 8
2025-04-08 11:05:27,382 - INFO - Player 1 chose action 10
2025-04-08 11:05:27,386 - INFO - Player 2 chose action 34
2025-04-08 11:05:27,389 - INFO - Player 3 chose action 10
2025-04-08 11:05:27,393 - INFO - Player 0 chose action 10
2025-04-08 11:05:27,396 - INFO - Player 1 chose action 31
2025-04-08 11:05:27,400 - INFO - Player 2 chose action 25
2025-04-08 11:05:27,403 - INFO - Player 3 chose action 31
2025-04-08 11:05:27,407 - INFO - Player 0 chose action 31
2025-04-08 11:05:27,410 - INFO - Player 1 chose action 20
2025-04-08 11:05:27,415 - INFO - Player 2 chose action 20
2025-04-08 11:05:27,418 - INFO - Player 3 chose action 31
2025-04-08 11:05:27,421 - INFO - Player 0 chose action 31
2025-04-08 11:05:27,425 - INFO - Player 1 chose action 10
2025-04-08 11:05:27,428 - INFO - Player 2 chose action 31
2025-04-08 11:05:27,431 - INFO - Player 3 chose action 10
2025-04-08 11:05:27,436 - INFO - Player 0 chose action 10
2025-04-08 11:05:27,439 - INFO - Player 1 chose action 10
2025-04-08 11:05:27,443 - INFO - Player 2 chose action 25
2025-04-08 11:05:27,446 - INFO - Player 3 chose action 25
2025-04-08 11:05:27,450 - INFO - Player 0 chose action 29
2025-04-08 11:05:27,453 - INFO - Player 1 chose action 55
2025-04-08 11:05:27,456 - INFO - Player 2 chose action 29
2025-04-08 11:05:27,459 - INFO - Player 3 chose action 33
2025-04-08 11:05:27,463 - INFO - Player 0 chose action 26
2025-04-08 11:05:27,466 - INFO - Player 1 chose action 50
2025-04-08 11:05:27,470 - INFO - Player 2 chose action 54
2025-04-08 11:05:27,473 - INFO - Player 3 chose action 25
2025-04-08 11:05:27,477 - INFO - Player 0 chose action 36
2025-04-08 11:05:27,480 - INFO - Player 1 chose action 31
2025-04-08 11:05:27,485 - INFO - Player 2 chose action 42
2025-04-08 11:05:27,488 - INFO - Player 3 chose action 10
2025-04-08 11:05:27,492 - INFO - Player 0 chose action 20
2025-04-08 11:05:27,496 - INFO - Player 1 chose action 18
2025-04-08 11:05:27,499 - INFO - Player 2 chose action 54
2025-04-08 11:05:27,503 - INFO - Player 3 chose action 31
2025-04-08 11:05:27,507 - INFO - Player 0 chose action 54
2025-04-08 11:05:27,511 - INFO - Player 1 chose action 30
2025-04-08 11:05:27,514 - INFO - Player 2 chose action 42
2025-04-08 11:05:27,517 - INFO - Player 3 chose action 20
2025-04-08 11:05:27,520 - INFO - Player 0 chose action 52
2025-04-08 11:05:27,524 - INFO - Player 1 chose action 54
2025-04-08 11:05:27,528 - INFO - Player 2 chose action 55
2025-04-08 11:05:27,531 - INFO - Player 3 chose action 37
2025-04-08 11:05:27,535 - INFO - Player 0 chose action 37
2025-04-08 11:05:27,538 - INFO - Player 1 chose action 50
2025-04-08 11:05:27,542 - INFO - Player 2 chose action 52
2025-04-08 11:05:27,545 - INFO - Player 3 chose action 22
2025-04-08 11:05:27,548 - INFO - Player 0 chose action 22
2025-04-08 11:05:27,551 - INFO - Player 1 chose action 18
2025-04-08 11:05:27,555 - INFO - Player 2 chose action 34
2025-04-08 11:05:27,558 - INFO - Player 3 chose action 35
2025-04-08 11:05:27,562 - INFO - Player 0 chose action 37
2025-04-08 11:05:27,566 - INFO - Player 1 chose action 36
2025-04-08 11:05:27,569 - INFO - Player 2 chose action 22
2025-04-08 11:05:27,573 - INFO - Player 3 chose action 22
2025-04-08 11:05:27,576 - INFO - Player 0 chose action 8
2025-04-08 11:05:27,579 - INFO - Player 1 chose action 37
2025-04-08 11:05:27,582 - INFO - Player 2 chose action 37
2025-04-08 11:05:27,585 - INFO - Player 3 chose action 37
2025-04-08 11:05:27,589 - INFO - Player 0 chose action 54
2025-04-08 11:05:27,592 - INFO - Player 1 chose action 37
2025-04-08 11:05:27,595 - INFO - Player 2 chose action 8
2025-04-08 11:05:27,597 - INFO - Player 3 chose action 35
2025-04-08 11:05:27,601 - INFO - Player 0 chose action 52
2025-04-08 11:05:27,604 - INFO - Player 1 chose action 8
2025-04-08 11:05:27,607 - INFO - Player 2 chose action 37
2025-04-08 11:05:27,611 - INFO - Player 3 chose action 20
2025-04-08 11:05:27,614 - INFO - Player 0 chose action 22
2025-04-08 11:05:27,616 - INFO - Player 1 chose action 37
2025-04-08 11:05:27,619 - INFO - Player 2 chose action 10
2025-04-08 11:05:27,622 - INFO - Player 3 chose action 22
2025-04-08 11:05:27,625 - INFO - Player 0 chose action 22
2025-04-08 11:05:27,628 - INFO - Player 1 chose action 22
2025-04-08 11:05:27,631 - INFO - Player 2 chose action 18
2025-04-08 11:05:27,634 - INFO - Player 3 chose action 54
2025-04-08 11:05:27,637 - INFO - Player 0 chose action 37
2025-04-08 11:05:27,640 - INFO - Player 1 chose action 15
2025-04-08 11:05:27,643 - INFO - Player 2 chose action 18
2025-04-08 11:05:27,646 - INFO - Player 3 chose action 52
2025-04-08 11:05:27,649 - INFO - Player 0 chose action 37
2025-04-08 11:05:27,653 - INFO - Player 1 chose action 55
2025-04-08 11:05:27,656 - INFO - Player 2 chose action 37
2025-04-08 11:05:27,659 - INFO - Player 3 chose action 37
2025-04-08 11:05:27,663 - INFO - Player 0 chose action 22
2025-04-08 11:05:27,666 - INFO - Player 1 chose action 22
2025-04-08 11:05:27,668 - INFO - Player 2 chose action 56
2025-04-08 11:05:27,670 - INFO - Eval Episode 3/5, Rewards: [40.99999999999999, 32.99999999999999, 51.89999999999999, 25.099999999999994], Steps: 128
2025-04-08 11:05:27,674 - INFO - Player 0 chose action 50
2025-04-08 11:05:27,678 - INFO - Player 1 chose action 50
2025-04-08 11:05:27,681 - INFO - Player 2 chose action 48
2025-04-08 11:05:27,685 - INFO - Player 3 chose action 48
2025-04-08 11:05:27,688 - INFO - Player 0 chose action 51
2025-04-08 11:05:27,692 - INFO - Player 1 chose action 43
2025-04-08 11:05:27,696 - INFO - Player 2 chose action 50
2025-04-08 11:05:27,700 - INFO - Player 3 chose action 50
2025-04-08 11:05:27,704 - INFO - Player 0 chose action 44
2025-04-08 11:05:27,707 - INFO - Player 1 chose action 48
2025-04-08 11:05:27,711 - INFO - Player 2 chose action 50
2025-04-08 11:05:27,714 - INFO - Player 3 chose action 50
2025-04-08 11:05:27,718 - INFO - Player 0 chose action 28
2025-04-08 11:05:27,721 - INFO - Player 1 chose action 10
2025-04-08 11:05:27,724 - INFO - Player 2 chose action 29
2025-04-08 11:05:27,727 - INFO - Player 3 chose action 29
2025-04-08 11:05:27,730 - INFO - Player 0 chose action 28
2025-04-08 11:05:27,733 - INFO - Player 1 chose action 10
2025-04-08 11:05:27,736 - INFO - Player 2 chose action 29
2025-04-08 11:05:27,740 - INFO - Player 3 chose action 8
2025-04-08 11:05:27,743 - INFO - Player 0 chose action 10
2025-04-08 11:05:27,747 - INFO - Player 1 chose action 25
2025-04-08 11:05:27,750 - INFO - Player 2 chose action 25
2025-04-08 11:05:27,753 - INFO - Player 3 chose action 25
2025-04-08 11:05:27,756 - INFO - Player 0 chose action 36
2025-04-08 11:05:27,759 - INFO - Player 1 chose action 10
2025-04-08 11:05:27,762 - INFO - Player 2 chose action 10
2025-04-08 11:05:27,765 - INFO - Player 3 chose action 10
2025-04-08 11:05:27,769 - INFO - Player 0 chose action 10
2025-04-08 11:05:27,772 - INFO - Player 1 chose action 2
2025-04-08 11:05:27,776 - INFO - Player 2 chose action 32
2025-04-08 11:05:27,780 - INFO - Player 3 chose action 32
2025-04-08 11:05:27,783 - INFO - Player 0 chose action 7
2025-04-08 11:05:27,786 - INFO - Player 1 chose action 32
2025-04-08 11:05:27,790 - INFO - Player 2 chose action 20
2025-04-08 11:05:27,793 - INFO - Player 3 chose action 16
2025-04-08 11:05:27,796 - INFO - Player 0 chose action 7
2025-04-08 11:05:27,799 - INFO - Player 1 chose action 7
2025-04-08 11:05:27,802 - INFO - Player 2 chose action 2
2025-04-08 11:05:27,805 - INFO - Player 3 chose action 2
2025-04-08 11:05:27,808 - INFO - Player 0 chose action 36
2025-04-08 11:05:27,812 - INFO - Player 1 chose action 28
2025-04-08 11:05:27,815 - INFO - Player 2 chose action 33
2025-04-08 11:05:27,819 - INFO - Player 3 chose action 34
2025-04-08 11:05:27,823 - INFO - Player 0 chose action 20
2025-04-08 11:05:27,826 - INFO - Player 1 chose action 30
2025-04-08 11:05:27,829 - INFO - Player 2 chose action 10
2025-04-08 11:05:27,832 - INFO - Player 3 chose action 10
2025-04-08 11:05:27,836 - INFO - Player 0 chose action 20
2025-04-08 11:05:27,839 - INFO - Player 1 chose action 20
2025-04-08 11:05:27,842 - INFO - Player 2 chose action 4
2025-04-08 11:05:27,845 - INFO - Player 3 chose action 2
2025-04-08 11:05:27,848 - INFO - Player 0 chose action 32
2025-04-08 11:05:27,853 - INFO - Player 1 chose action 25
2025-04-08 11:05:27,856 - INFO - Player 2 chose action 87
2025-04-08 11:05:27,861 - INFO - Player 3 chose action 25
2025-04-08 11:05:27,864 - INFO - Player 0 chose action 2
2025-04-08 11:05:27,867 - INFO - Player 1 chose action 87
2025-04-08 11:05:27,870 - INFO - Player 2 chose action 87
2025-04-08 11:05:27,874 - INFO - Player 3 chose action 37
2025-04-08 11:05:27,878 - INFO - Player 0 chose action 10
2025-04-08 11:05:27,882 - INFO - Player 1 chose action 87
2025-04-08 11:05:27,885 - INFO - Player 2 chose action 87
2025-04-08 11:05:27,888 - INFO - Player 3 chose action 10
2025-04-08 11:05:27,893 - INFO - Player 0 chose action 2
2025-04-08 11:05:27,896 - INFO - Player 1 chose action 87
2025-04-08 11:05:27,900 - INFO - Player 2 chose action 87
2025-04-08 11:05:27,902 - INFO - Player 3 chose action 31
2025-04-08 11:05:27,906 - INFO - Player 0 chose action 30
2025-04-08 11:05:27,910 - INFO - Player 1 chose action 87
2025-04-08 11:05:27,913 - INFO - Player 2 chose action 87
2025-04-08 11:05:27,916 - INFO - Player 3 chose action 18
2025-04-08 11:05:27,920 - INFO - Player 0 chose action 2
2025-04-08 11:05:27,923 - INFO - Player 1 chose action 87
2025-04-08 11:05:27,928 - INFO - Player 2 chose action 87
2025-04-08 11:05:27,931 - INFO - Player 3 chose action 2
2025-04-08 11:05:27,934 - INFO - Player 0 chose action 2
2025-04-08 11:05:27,937 - INFO - Player 1 chose action 87
2025-04-08 11:05:27,941 - INFO - Player 2 chose action 87
2025-04-08 11:05:27,944 - INFO - Player 3 chose action 27
2025-04-08 11:05:27,948 - INFO - Player 0 chose action 32
2025-04-08 11:05:27,952 - INFO - Player 1 chose action 87
2025-04-08 11:05:27,955 - INFO - Player 2 chose action 87
2025-04-08 11:05:27,958 - INFO - Player 3 chose action 1
2025-04-08 11:05:27,962 - INFO - Player 0 chose action 2
2025-04-08 11:05:27,965 - INFO - Player 1 chose action 87
2025-04-08 11:05:27,968 - INFO - Player 2 chose action 87
2025-04-08 11:05:27,971 - INFO - Player 3 chose action 87
2025-04-08 11:05:27,974 - INFO - Player 0 chose action 2
2025-04-08 11:05:27,978 - INFO - Player 1 chose action 87
2025-04-08 11:05:27,981 - INFO - Player 2 chose action 87
2025-04-08 11:05:27,985 - INFO - Player 3 chose action 87
2025-04-08 11:05:27,989 - INFO - Player 0 chose action 2
2025-04-08 11:05:27,992 - INFO - Player 1 chose action 87
2025-04-08 11:05:27,995 - INFO - Player 2 chose action 87
2025-04-08 11:05:27,999 - INFO - Player 3 chose action 87
2025-04-08 11:05:28,002 - INFO - Player 0 chose action 56
2025-04-08 11:05:28,006 - INFO - Player 1 chose action 87
2025-04-08 11:05:28,010 - INFO - Player 2 chose action 87
2025-04-08 11:05:28,013 - INFO - Player 3 chose action 33
2025-04-08 11:05:28,016 - INFO - Player 0 chose action 45
2025-04-08 11:05:28,020 - INFO - Player 1 chose action 33
2025-04-08 11:05:28,025 - INFO - Player 2 chose action 33
2025-04-08 11:05:28,029 - INFO - Player 3 chose action 2
2025-04-08 11:05:28,033 - INFO - Player 0 chose action 36
2025-04-08 11:05:28,036 - INFO - Player 1 chose action 10
2025-04-08 11:05:28,040 - INFO - Player 2 chose action 2
2025-04-08 11:05:28,042 - INFO - Player 3 chose action 56
2025-04-08 11:05:28,046 - INFO - Player 0 chose action 30
2025-04-08 11:05:28,049 - INFO - Player 1 chose action 3
2025-04-08 11:05:28,052 - INFO - Player 2 chose action 32
2025-04-08 11:05:28,056 - INFO - Player 3 chose action 47
2025-04-08 11:05:28,059 - INFO - Player 0 chose action 20
2025-04-08 11:05:28,062 - INFO - Player 1 chose action 32
2025-04-08 11:05:28,066 - INFO - Player 2 chose action 28
2025-04-08 11:05:28,069 - INFO - Player 3 chose action 31
2025-04-08 11:05:28,073 - INFO - Player 0 chose action 28
2025-04-08 11:05:28,076 - INFO - Player 1 chose action 28
2025-04-08 11:05:28,079 - INFO - Player 2 chose action 2
2025-04-08 11:05:28,082 - INFO - Player 3 chose action 28
2025-04-08 11:05:28,084 - INFO - Player 0 chose action 32
2025-04-08 11:05:28,088 - INFO - Player 1 chose action 31
2025-04-08 11:05:28,091 - INFO - Player 2 chose action 37
2025-04-08 11:05:28,094 - INFO - Player 3 chose action 37
2025-04-08 11:05:28,097 - INFO - Player 0 chose action 34
2025-04-08 11:05:28,100 - INFO - Player 1 chose action 1
2025-04-08 11:05:28,103 - INFO - Player 2 chose action 18
2025-04-08 11:05:28,106 - INFO - Player 3 chose action 18
2025-04-08 11:05:28,110 - INFO - Player 0 chose action 34
2025-04-08 11:05:28,113 - INFO - Player 1 chose action 35
2025-04-08 11:05:28,117 - INFO - Player 2 chose action 2
2025-04-08 11:05:28,119 - INFO - Player 3 chose action 21
2025-04-08 11:05:28,122 - INFO - Player 0 chose action 35
2025-04-08 11:05:28,126 - INFO - Player 1 chose action 20
2025-04-08 11:05:28,129 - INFO - Player 2 chose action 36
2025-04-08 11:05:28,132 - INFO - Player 3 chose action 14
2025-04-08 11:05:28,135 - INFO - Player 0 chose action 14
2025-04-08 11:05:28,138 - INFO - Player 1 chose action 55
2025-04-08 11:05:28,141 - INFO - Player 2 chose action 14
2025-04-08 11:05:28,144 - INFO - Player 3 chose action 36
2025-04-08 11:05:28,148 - INFO - Player 0 chose action 14
2025-04-08 11:05:28,151 - INFO - Player 1 chose action 52
2025-04-08 11:05:28,155 - INFO - Player 2 chose action 18
2025-04-08 11:05:28,158 - INFO - Player 3 chose action 37
2025-04-08 11:05:28,161 - INFO - Player 0 chose action 39
2025-04-08 11:05:28,163 - INFO - Eval Episode 4/5, Rewards: [43.6, 8.100000000000001, 5.0, 40.4], Steps: 146
2025-04-08 11:05:28,167 - INFO - Player 0 chose action 50
2025-04-08 11:05:28,170 - INFO - Player 1 chose action 50
2025-04-08 11:05:28,174 - INFO - Player 2 chose action 50
2025-04-08 11:05:28,178 - INFO - Player 3 chose action 52
2025-04-08 11:05:28,181 - INFO - Player 0 chose action 28
2025-04-08 11:05:28,184 - INFO - Player 1 chose action 28
2025-04-08 11:05:28,187 - INFO - Player 2 chose action 28
2025-04-08 11:05:28,190 - INFO - Player 3 chose action 48
2025-04-08 11:05:28,194 - INFO - Player 0 chose action 30
2025-04-08 11:05:28,198 - INFO - Player 1 chose action 50
2025-04-08 11:05:28,201 - INFO - Player 2 chose action 48
2025-04-08 11:05:28,205 - INFO - Player 3 chose action 50
2025-04-08 11:05:28,209 - INFO - Player 0 chose action 42
2025-04-08 11:05:28,212 - INFO - Player 1 chose action 50
2025-04-08 11:05:28,215 - INFO - Player 2 chose action 50
2025-04-08 11:05:28,219 - INFO - Player 3 chose action 28
2025-04-08 11:05:28,222 - INFO - Player 0 chose action 48
2025-04-08 11:05:28,226 - INFO - Player 1 chose action 25
2025-04-08 11:05:28,229 - INFO - Player 2 chose action 29
2025-04-08 11:05:28,233 - INFO - Player 3 chose action 25
2025-04-08 11:05:28,236 - INFO - Player 0 chose action 10
2025-04-08 11:05:28,239 - INFO - Player 1 chose action 30
2025-04-08 11:05:28,243 - INFO - Player 2 chose action 22
2025-04-08 11:05:28,245 - INFO - Player 3 chose action 20
2025-04-08 11:05:28,248 - INFO - Player 0 chose action 29
2025-04-08 11:05:28,251 - INFO - Player 1 chose action 22
2025-04-08 11:05:28,255 - INFO - Player 2 chose action 31
2025-04-08 11:05:28,258 - INFO - Player 3 chose action 31
2025-04-08 11:05:28,262 - INFO - Player 0 chose action 10
2025-04-08 11:05:28,265 - INFO - Player 1 chose action 22
2025-04-08 11:05:28,269 - INFO - Player 2 chose action 22
2025-04-08 11:05:28,272 - INFO - Player 3 chose action 16
2025-04-08 11:05:28,275 - INFO - Player 0 chose action 7
2025-04-08 11:05:28,279 - INFO - Player 1 chose action 30
2025-04-08 11:05:28,283 - INFO - Player 2 chose action 30
2025-04-08 11:05:28,287 - INFO - Player 3 chose action 7
2025-04-08 11:05:28,292 - INFO - Player 0 chose action 31
2025-04-08 11:05:28,295 - INFO - Player 1 chose action 22
2025-04-08 11:05:28,298 - INFO - Player 2 chose action 22
2025-04-08 11:05:28,302 - INFO - Player 3 chose action 87
2025-04-08 11:05:28,305 - INFO - Player 0 chose action 22
2025-04-08 11:05:28,308 - INFO - Player 1 chose action 30
2025-04-08 11:05:28,312 - INFO - Player 2 chose action 22
2025-04-08 11:05:28,316 - INFO - Player 3 chose action 87
2025-04-08 11:05:28,320 - INFO - Player 0 chose action 30
2025-04-08 11:05:28,324 - INFO - Player 1 chose action 28
2025-04-08 11:05:28,327 - INFO - Player 2 chose action 30
2025-04-08 11:05:28,331 - INFO - Player 3 chose action 87
2025-04-08 11:05:28,333 - INFO - Player 0 chose action 30
2025-04-08 11:05:28,337 - INFO - Player 1 chose action 22
2025-04-08 11:05:28,340 - INFO - Player 2 chose action 22
2025-04-08 11:05:28,344 - INFO - Player 3 chose action 33
2025-04-08 11:05:28,347 - INFO - Player 0 chose action 30
2025-04-08 11:05:28,351 - INFO - Player 1 chose action 30
2025-04-08 11:05:28,354 - INFO - Player 2 chose action 30
2025-04-08 11:05:28,358 - INFO - Player 3 chose action 20
2025-04-08 11:05:28,361 - INFO - Player 0 chose action 29
2025-04-08 11:05:28,364 - INFO - Player 1 chose action 28
2025-04-08 11:05:28,367 - INFO - Player 2 chose action 30
2025-04-08 11:05:28,370 - INFO - Player 3 chose action 31
2025-04-08 11:05:28,375 - INFO - Player 0 chose action 7
2025-04-08 11:05:28,378 - INFO - Player 1 chose action 31
2025-04-08 11:05:28,381 - INFO - Player 2 chose action 30
2025-04-08 11:05:28,385 - INFO - Player 3 chose action 31
2025-04-08 11:05:28,389 - INFO - Player 0 chose action 30
2025-04-08 11:05:28,393 - INFO - Player 1 chose action 22
2025-04-08 11:05:28,396 - INFO - Player 2 chose action 7
2025-04-08 11:05:28,399 - INFO - Player 3 chose action 16
2025-04-08 11:05:28,402 - INFO - Player 0 chose action 55
2025-04-08 11:05:28,406 - INFO - Player 1 chose action 30
2025-04-08 11:05:28,410 - INFO - Player 2 chose action 10
2025-04-08 11:05:28,413 - INFO - Player 3 chose action 31
2025-04-08 11:05:28,416 - INFO - Player 0 chose action 42
2025-04-08 11:05:28,420 - INFO - Player 1 chose action 28
2025-04-08 11:05:28,423 - INFO - Player 2 chose action 30
2025-04-08 11:05:28,427 - INFO - Player 3 chose action 31
2025-04-08 11:05:28,430 - INFO - Player 0 chose action 55
2025-04-08 11:05:28,434 - INFO - Player 1 chose action 87
2025-04-08 11:05:28,437 - INFO - Player 2 chose action 20
2025-04-08 11:05:28,439 - INFO - Player 3 chose action 23
2025-04-08 11:05:28,442 - INFO - Player 0 chose action 50
2025-04-08 11:05:28,445 - INFO - Player 1 chose action 87
2025-04-08 11:05:28,448 - INFO - Player 2 chose action 39
2025-04-08 11:05:28,452 - INFO - Player 3 chose action 28
2025-04-08 11:05:28,455 - INFO - Player 0 chose action 55
2025-04-08 11:05:28,458 - INFO - Player 1 chose action 36
2025-04-08 11:05:28,461 - INFO - Player 2 chose action 16
2025-04-08 11:05:28,464 - INFO - Player 3 chose action 34
2025-04-08 11:05:28,467 - INFO - Player 0 chose action 50
2025-04-08 11:05:28,470 - INFO - Player 1 chose action 28
2025-04-08 11:05:28,472 - INFO - Player 2 chose action 20
2025-04-08 11:05:28,475 - INFO - Player 3 chose action 17
2025-04-08 11:05:28,478 - INFO - Player 0 chose action 36
2025-04-08 11:05:28,482 - INFO - Player 1 chose action 36
2025-04-08 11:05:28,485 - INFO - Player 2 chose action 0
2025-04-08 11:05:28,488 - INFO - Player 3 chose action 87
2025-04-08 11:05:28,492 - INFO - Player 0 chose action 17
2025-04-08 11:05:28,495 - INFO - Player 1 chose action 17
2025-04-08 11:05:28,498 - INFO - Player 2 chose action 2
2025-04-08 11:05:28,501 - INFO - Player 3 chose action 87
2025-04-08 11:05:28,504 - INFO - Player 0 chose action 11
2025-04-08 11:05:28,506 - INFO - Player 1 chose action 41
2025-04-08 11:05:28,510 - INFO - Player 2 chose action 37
2025-04-08 11:05:28,513 - INFO - Player 3 chose action 87
2025-04-08 11:05:28,516 - INFO - Player 0 chose action 17
2025-04-08 11:05:28,519 - INFO - Player 1 chose action 28
2025-04-08 11:05:28,522 - INFO - Player 2 chose action 20
2025-04-08 11:05:28,526 - INFO - Player 3 chose action 87
2025-04-08 11:05:28,528 - INFO - Player 0 chose action 14
2025-04-08 11:05:28,532 - INFO - Player 1 chose action 0
2025-04-08 11:05:28,534 - INFO - Player 2 chose action 39
2025-04-08 11:05:28,538 - INFO - Player 3 chose action 87
2025-04-08 11:05:28,541 - INFO - Player 0 chose action 37
2025-04-08 11:05:28,543 - INFO - Player 1 chose action 20
2025-04-08 11:05:28,547 - INFO - Player 2 chose action 22
2025-04-08 11:05:28,549 - INFO - Player 3 chose action 87
2025-04-08 11:05:28,552 - INFO - Player 0 chose action 22
2025-04-08 11:05:28,555 - INFO - Player 1 chose action 41
2025-04-08 11:05:28,558 - INFO - Player 2 chose action 36
2025-04-08 11:05:28,562 - INFO - Player 3 chose action 36
2025-04-08 11:05:28,565 - INFO - Player 0 chose action 0
2025-04-08 11:05:28,568 - INFO - Player 1 chose action 20
2025-04-08 11:05:28,571 - INFO - Player 2 chose action 28
2025-04-08 11:05:28,574 - INFO - Player 3 chose action 20
2025-04-08 11:05:28,577 - INFO - Player 0 chose action 34
2025-04-08 11:05:28,580 - INFO - Player 1 chose action 5
2025-04-08 11:05:28,583 - INFO - Player 2 chose action 2
2025-04-08 11:05:28,585 - INFO - Player 3 chose action 87
2025-04-08 11:05:28,588 - INFO - Player 0 chose action 36
2025-04-08 11:05:28,592 - INFO - Player 1 chose action 35
2025-04-08 11:05:28,594 - INFO - Eval Episode 5/5, Rewards: [46.0, 55.8, 46.89999999999999, 10.600000000000003], Steps: 131
2025-04-08 11:05:28,595 - INFO - Evaluation completed: Avg Rewards: [48.279999999999994, 28.679999999999996, 37.5, 25.400000000000002], Avg Steps: 134.20, Wins: [2, 1, 2, 0]
