2025-04-08 11:00:36,993 - INFO - Starting DQN training for SplendorLightZeroEnv
2025-04-08 11:00:38,344 - INFO - Environment initialized with state_dim=162, action_dim=88
2025-04-08 11:00:38,345 - INFO - Training parameters: episodes=20, batch_size=512, gamma=0.99, epsilon_start=1.0
2025-04-08 11:00:38,533 - INFO - Episode 1/20, Reward: [46.19999999999999, 23.999999999999993, 22.299999999999997, 59.49999999999999], Steps: 153, Avg Loss: 0.0000
2025-04-08 11:00:38,738 - INFO - Episode 2/20, Reward: [25.899999999999984, 23.0, 20.600000000000005, 57.89999999999998], Steps: 169, Avg Loss: 0.0000
2025-04-08 11:00:38,933 - INFO - Episode 3/20, Reward: [21.1, 29.099999999999998, 56.1, 40.1], Steps: 164, Avg Loss: 0.0000
2025-04-08 11:00:40,832 - INFO - Target network updated at step 100
2025-04-08 11:00:41,006 - INFO - Episode 4/20, Reward: [98.5, 29.2, 37.39999999999999, 10.000000000000005], Steps: 154, Avg Loss: 2.2632
2025-04-08 11:00:41,563 - INFO - Target network updated at step 200
2025-04-08 11:00:42,184 - INFO - Episode 5/20, Reward: [96.3, 39.699999999999996, 32.4, 44.099999999999994], Steps: 154, Avg Loss: 3.1862
2025-04-08 11:00:42,362 - INFO - Target network updated at step 300
2025-04-08 11:00:43,119 - INFO - Episode 6/20, Reward: [30.0, 59.5, 18.1, 34.199999999999996], Steps: 119, Avg Loss: 3.3818
2025-04-08 11:00:43,153 - INFO - Target network updated at step 400
2025-04-08 11:00:43,967 - INFO - Target network updated at step 500
2025-04-08 11:00:44,177 - INFO - Episode 7/20, Reward: [59.89999999999999, 21.0, 3.199999999999999, 5.200000000000003], Steps: 134, Avg Loss: 4.5349
2025-04-08 11:00:44,726 - INFO - Target network updated at step 600
2025-04-08 11:00:45,497 - INFO - Episode 8/20, Reward: [44.599999999999994, 50.499999999999986, 41.6, 25.0], Steps: 154, Avg Loss: 2.6501
2025-04-08 11:00:45,653 - INFO - Target network updated at step 700
2025-04-08 11:00:46,479 - INFO - Target network updated at step 800
2025-04-08 11:00:46,661 - INFO - Episode 9/20, Reward: [11.200000000000005, 48.29999999999999, 33.39999999999999, 52.99999999999999], Steps: 143, Avg Loss: 5.1966
2025-04-08 11:00:47,249 - INFO - Target network updated at step 900
2025-04-08 11:00:47,904 - INFO - Episode 10/20, Reward: [25.199999999999985, 54.5, 20.199999999999985, 29.4], Steps: 151, Avg Loss: 3.8057
2025-04-08 11:00:48,158 - INFO - Target network updated at step 1000
2025-04-08 11:00:48,931 - INFO - Episode 11/20, Reward: [8.700000000000005, 27.399999999999974, 66.5, 43.0], Steps: 121, Avg Loss: 5.1985
2025-04-08 11:00:48,983 - INFO - Target network updated at step 1100
2025-04-08 11:00:49,902 - INFO - Target network updated at step 1200
2025-04-08 11:00:50,084 - INFO - Episode 12/20, Reward: [40.89999999999999, 23.699999999999996, 31.999999999999993, 32.99999999999999], Steps: 126, Avg Loss: 6.1580
2025-04-08 11:00:50,891 - INFO - Target network updated at step 1300
2025-04-08 11:00:51,386 - INFO - Episode 13/20, Reward: [31.599999999999994, 27.69999999999999, 30.399999999999984, 56.8], Steps: 137, Avg Loss: 5.8594
2025-04-08 11:00:51,725 - INFO - Target network updated at step 1400
2025-04-08 11:00:52,581 - INFO - Target network updated at step 1500
2025-04-08 11:00:53,354 - INFO - Target network updated at step 1600
2025-04-08 11:00:54,170 - INFO - Target network updated at step 1700
2025-04-08 11:00:55,163 - INFO - Target network updated at step 1800
2025-04-08 11:00:56,099 - INFO - Target network updated at step 1900
2025-04-08 11:00:56,987 - INFO - Target network updated at step 2000
2025-04-08 11:00:57,756 - INFO - Target network updated at step 2100
2025-04-08 11:00:58,576 - INFO - Target network updated at step 2200
2025-04-08 11:00:59,481 - INFO - Target network updated at step 2300
2025-04-08 11:00:59,889 - INFO - Episode 14/20, Reward: [-20.600000000000026, -6.899999999999954, -5.099999999999971, -8.999999999999954], Steps: 1000, Avg Loss: 7.5012
2025-04-08 11:01:00,263 - INFO - Target network updated at step 2400
2025-04-08 11:01:00,938 - INFO - Episode 15/20, Reward: [22.69999999999999, 40.8, 38.899999999999984, 46.099999999999994], Steps: 133, Avg Loss: 6.3179
2025-04-08 11:01:01,062 - INFO - Target network updated at step 2500
2025-04-08 11:01:01,843 - INFO - Target network updated at step 2600
2025-04-08 11:01:02,161 - INFO - Episode 16/20, Reward: [43.49999999999999, 28.199999999999992, 39.39999999999999, 37.19999999999999], Steps: 156, Avg Loss: 14.7959
2025-04-08 11:01:02,631 - INFO - Target network updated at step 2700
2025-04-08 11:01:03,407 - INFO - Episode 17/20, Reward: [20.000000000000004, 3.800000000000005, 37.29999999999999, 53.199999999999974], Steps: 157, Avg Loss: 12.7313
2025-04-08 11:01:03,436 - INFO - Target network updated at step 2800
2025-04-08 11:01:04,238 - INFO - Target network updated at step 2900
2025-04-08 11:01:04,388 - INFO - Episode 18/20, Reward: [25.89999999999999, 19.89999999999999, 62.199999999999996, 17.0], Steps: 124, Avg Loss: 17.9284
2025-04-08 11:01:05,019 - INFO - Target network updated at step 3000
2025-04-08 11:01:05,807 - INFO - Target network updated at step 3100
2025-04-08 11:01:06,648 - INFO - Target network updated at step 3200
2025-04-08 11:01:07,415 - INFO - Target network updated at step 3300
2025-04-08 11:01:08,184 - INFO - Target network updated at step 3400
2025-04-08 11:01:08,961 - INFO - Target network updated at step 3500
2025-04-08 11:01:09,745 - INFO - Target network updated at step 3600
2025-04-08 11:01:10,519 - INFO - Target network updated at step 3700
2025-04-08 11:01:11,353 - INFO - Target network updated at step 3800
2025-04-08 11:01:12,167 - INFO - Target network updated at step 3900
2025-04-08 11:01:12,341 - INFO - Episode 19/20, Reward: [-6.099999999999955, -4.199999999999989, -3.000000000000002, -9.29999999999995], Steps: 1000, Avg Loss: 15.2785
2025-04-08 11:01:13,032 - INFO - Target network updated at step 4000
2025-04-08 11:01:13,446 - INFO - Episode 20/20, Reward: [21.9, 38.89999999999999, 27.89999999999999, 54.999999999999986], Steps: 133, Avg Loss: 24.6819
2025-04-08 11:01:13,485 - INFO - Final model saved at ../splendor/models/dqn_model_final.pth
2025-04-08 11:01:13,486 - INFO - Starting evaluation of trained DQN model
2025-04-08 11:01:13,489 - INFO - Player 0 chose action 23
2025-04-08 11:01:13,492 - INFO - Player 1 chose action 48
2025-04-08 11:01:13,495 - INFO - Player 2 chose action 48
2025-04-08 11:01:13,499 - INFO - Player 3 chose action 48
2025-04-08 11:01:13,503 - INFO - Player 0 chose action 48
2025-04-08 11:01:13,506 - INFO - Player 1 chose action 48
2025-04-08 11:01:13,509 - INFO - Player 2 chose action 48
2025-04-08 11:01:13,513 - INFO - Player 3 chose action 28
2025-04-08 11:01:13,516 - INFO - Player 0 chose action 28
2025-04-08 11:01:13,519 - INFO - Player 1 chose action 28
2025-04-08 11:01:13,522 - INFO - Player 2 chose action 5
2025-04-08 11:01:13,525 - INFO - Player 3 chose action 5
2025-04-08 11:01:13,528 - INFO - Player 0 chose action 5
2025-04-08 11:01:13,530 - INFO - Player 1 chose action 5
2025-04-08 11:01:13,533 - INFO - Player 2 chose action 5
2025-04-08 11:01:13,536 - INFO - Player 3 chose action 5
2025-04-08 11:01:13,539 - INFO - Player 0 chose action 50
2025-04-08 11:01:13,542 - INFO - Player 1 chose action 32
2025-04-08 11:01:13,546 - INFO - Player 2 chose action 5
2025-04-08 11:01:13,549 - INFO - Player 3 chose action 48
2025-04-08 11:01:13,553 - INFO - Player 0 chose action 50
2025-04-08 11:01:13,556 - INFO - Player 1 chose action 50
2025-04-08 11:01:13,560 - INFO - Player 2 chose action 52
2025-04-08 11:01:13,563 - INFO - Player 3 chose action 50
2025-04-08 11:01:13,567 - INFO - Player 0 chose action 32
2025-04-08 11:01:13,570 - INFO - Player 1 chose action 28
2025-04-08 11:01:13,573 - INFO - Player 2 chose action 28
2025-04-08 11:01:13,576 - INFO - Player 3 chose action 29
2025-04-08 11:01:13,579 - INFO - Player 0 chose action 29
2025-04-08 11:01:13,582 - INFO - Player 1 chose action 29
2025-04-08 11:01:13,585 - INFO - Player 2 chose action 30
2025-04-08 11:01:13,588 - INFO - Player 3 chose action 32
2025-04-08 11:01:13,592 - INFO - Player 0 chose action 5
2025-04-08 11:01:13,595 - INFO - Player 1 chose action 5
2025-04-08 11:01:13,598 - INFO - Player 2 chose action 28
2025-04-08 11:01:13,601 - INFO - Player 3 chose action 32
2025-04-08 11:01:13,604 - INFO - Player 0 chose action 4
2025-04-08 11:01:13,608 - INFO - Player 1 chose action 32
2025-04-08 11:01:13,611 - INFO - Player 2 chose action 5
2025-04-08 11:01:13,616 - INFO - Player 3 chose action 28
2025-04-08 11:01:13,619 - INFO - Player 0 chose action 30
2025-04-08 11:01:13,625 - INFO - Player 1 chose action 32
2025-04-08 11:01:13,628 - INFO - Player 2 chose action 31
2025-04-08 11:01:13,632 - INFO - Player 3 chose action 28
2025-04-08 11:01:13,636 - INFO - Player 0 chose action 29
2025-04-08 11:01:13,640 - INFO - Player 1 chose action 4
2025-04-08 11:01:13,643 - INFO - Player 2 chose action 6
2025-04-08 11:01:13,646 - INFO - Player 3 chose action 35
2025-04-08 11:01:13,650 - INFO - Player 0 chose action 33
2025-04-08 11:01:13,654 - INFO - Player 1 chose action 31
2025-04-08 11:01:13,657 - INFO - Player 2 chose action 1
2025-04-08 11:01:13,660 - INFO - Player 3 chose action 28
2025-04-08 11:01:13,663 - INFO - Player 0 chose action 28
2025-04-08 11:01:13,666 - INFO - Player 1 chose action 28
2025-04-08 11:01:13,669 - INFO - Player 2 chose action 31
2025-04-08 11:01:13,672 - INFO - Player 3 chose action 5
2025-04-08 11:01:13,676 - INFO - Player 0 chose action 31
2025-04-08 11:01:13,679 - INFO - Player 1 chose action 5
2025-04-08 11:01:13,682 - INFO - Player 2 chose action 5
2025-04-08 11:01:13,685 - INFO - Player 3 chose action 29
2025-04-08 11:01:13,688 - INFO - Player 0 chose action 4
2025-04-08 11:01:13,691 - INFO - Player 1 chose action 12
2025-04-08 11:01:13,694 - INFO - Player 2 chose action 31
2025-04-08 11:01:13,697 - INFO - Player 3 chose action 5
2025-04-08 11:01:13,700 - INFO - Player 0 chose action 32
2025-04-08 11:01:13,705 - INFO - Player 1 chose action 27
2025-04-08 11:01:13,708 - INFO - Player 2 chose action 31
2025-04-08 11:01:13,711 - INFO - Player 3 chose action 2
2025-04-08 11:01:13,714 - INFO - Player 0 chose action 33
2025-04-08 11:01:13,718 - INFO - Player 1 chose action 31
2025-04-08 11:01:13,722 - INFO - Player 2 chose action 5
2025-04-08 11:01:13,725 - INFO - Player 3 chose action 32
2025-04-08 11:01:13,728 - INFO - Player 0 chose action 33
2025-04-08 11:01:13,732 - INFO - Player 1 chose action 5
2025-04-08 11:01:13,736 - INFO - Player 2 chose action 5
2025-04-08 11:01:13,738 - INFO - Player 3 chose action 6
2025-04-08 11:01:13,742 - INFO - Player 0 chose action 32
2025-04-08 11:01:13,746 - INFO - Player 1 chose action 5
2025-04-08 11:01:13,749 - INFO - Player 2 chose action 2
2025-04-08 11:01:13,751 - INFO - Player 3 chose action 32
2025-04-08 11:01:13,755 - INFO - Player 0 chose action 28
2025-04-08 11:01:13,758 - INFO - Player 1 chose action 33
2025-04-08 11:01:13,761 - INFO - Player 2 chose action 32
2025-04-08 11:01:13,764 - INFO - Player 3 chose action 12
2025-04-08 11:01:13,767 - INFO - Player 0 chose action 32
2025-04-08 11:01:13,770 - INFO - Player 1 chose action 30
2025-04-08 11:01:13,774 - INFO - Player 2 chose action 28
2025-04-08 11:01:13,777 - INFO - Player 3 chose action 34
2025-04-08 11:01:13,780 - INFO - Player 0 chose action 27
2025-04-08 11:01:13,783 - INFO - Player 1 chose action 27
2025-04-08 11:01:13,786 - INFO - Player 2 chose action 35
2025-04-08 11:01:13,789 - INFO - Player 3 chose action 14
2025-04-08 11:01:13,791 - INFO - Player 0 chose action 36
2025-04-08 11:01:13,794 - INFO - Player 1 chose action 35
2025-04-08 11:01:13,797 - INFO - Player 2 chose action 35
2025-04-08 11:01:13,801 - INFO - Player 3 chose action 14
2025-04-08 11:01:13,804 - INFO - Player 0 chose action 6
2025-04-08 11:01:13,806 - INFO - Player 1 chose action 26
2025-04-08 11:01:13,809 - INFO - Player 2 chose action 9
2025-04-08 11:01:13,812 - INFO - Player 3 chose action 34
2025-04-08 11:01:13,814 - INFO - Player 0 chose action 35
2025-04-08 11:01:13,818 - INFO - Player 1 chose action 37
2025-04-08 11:01:13,821 - INFO - Player 2 chose action 27
2025-04-08 11:01:13,823 - INFO - Player 3 chose action 6
2025-04-08 11:01:13,826 - INFO - Player 0 chose action 26
2025-04-08 11:01:13,828 - INFO - Player 1 chose action 34
2025-04-08 11:01:13,831 - INFO - Player 2 chose action 28
2025-04-08 11:01:13,834 - INFO - Player 3 chose action 27
2025-04-08 11:01:13,837 - INFO - Player 0 chose action 87
2025-04-08 11:01:13,839 - INFO - Player 1 chose action 5
2025-04-08 11:01:13,842 - INFO - Player 2 chose action 36
2025-04-08 11:01:13,845 - INFO - Player 3 chose action 36
2025-04-08 11:01:13,848 - INFO - Player 0 chose action 36
2025-04-08 11:01:13,851 - INFO - Player 1 chose action 39
2025-04-08 11:01:13,854 - INFO - Player 2 chose action 19
2025-04-08 11:01:13,857 - INFO - Player 3 chose action 19
2025-04-08 11:01:13,860 - INFO - Player 0 chose action 28
2025-04-08 11:01:13,863 - INFO - Player 1 chose action 35
2025-04-08 11:01:13,867 - INFO - Player 2 chose action 37
2025-04-08 11:01:13,870 - INFO - Player 3 chose action 39
2025-04-08 11:01:13,873 - INFO - Player 0 chose action 35
2025-04-08 11:01:13,877 - INFO - Player 1 chose action 37
2025-04-08 11:01:13,880 - INFO - Player 2 chose action 37
2025-04-08 11:01:13,883 - INFO - Player 3 chose action 14
2025-04-08 11:01:13,886 - INFO - Player 0 chose action 26
2025-04-08 11:01:13,888 - INFO - Player 1 chose action 28
2025-04-08 11:01:13,891 - INFO - Player 2 chose action 25
2025-04-08 11:01:13,894 - INFO - Player 3 chose action 6
2025-04-08 11:01:13,897 - INFO - Player 0 chose action 36
2025-04-08 11:01:13,901 - INFO - Player 1 chose action 37
2025-04-08 11:01:13,903 - INFO - Eval Episode 1/5, Rewards: [26.1, 51.1, 29.89999999999999, 38.699999999999996], Steps: 131
2025-04-08 11:01:13,907 - INFO - Player 0 chose action 45
2025-04-08 11:01:13,910 - INFO - Player 1 chose action 45
2025-04-08 11:01:13,913 - INFO - Player 2 chose action 45
2025-04-08 11:01:13,916 - INFO - Player 3 chose action 45
2025-04-08 11:01:13,919 - INFO - Player 0 chose action 45
2025-04-08 11:01:13,923 - INFO - Player 1 chose action 45
2025-04-08 11:01:13,926 - INFO - Player 2 chose action 23
2025-04-08 11:01:13,929 - INFO - Player 3 chose action 45
2025-04-08 11:01:13,932 - INFO - Player 0 chose action 45
2025-04-08 11:01:13,936 - INFO - Player 1 chose action 23
2025-04-08 11:01:13,938 - INFO - Player 2 chose action 23
2025-04-08 11:01:13,942 - INFO - Player 3 chose action 23
2025-04-08 11:01:13,944 - INFO - Player 0 chose action 17
2025-04-08 11:01:13,948 - INFO - Player 1 chose action 5
2025-04-08 11:01:13,950 - INFO - Player 2 chose action 28
2025-04-08 11:01:13,953 - INFO - Player 3 chose action 1
2025-04-08 11:01:13,956 - INFO - Player 0 chose action 32
2025-04-08 11:01:13,960 - INFO - Player 1 chose action 45
2025-04-08 11:01:13,963 - INFO - Player 2 chose action 32
2025-04-08 11:01:13,966 - INFO - Player 3 chose action 23
2025-04-08 11:01:13,969 - INFO - Player 0 chose action 5
2025-04-08 11:01:13,972 - INFO - Player 1 chose action 56
2025-04-08 11:01:13,976 - INFO - Player 2 chose action 45
2025-04-08 11:01:13,979 - INFO - Player 3 chose action 48
2025-04-08 11:01:13,982 - INFO - Player 0 chose action 17
2025-04-08 11:01:13,985 - INFO - Player 1 chose action 1
2025-04-08 11:01:13,989 - INFO - Player 2 chose action 32
2025-04-08 11:01:13,992 - INFO - Player 3 chose action 32
2025-04-08 11:01:13,996 - INFO - Player 0 chose action 23
2025-04-08 11:01:13,999 - INFO - Player 1 chose action 45
2025-04-08 11:01:14,002 - INFO - Player 2 chose action 45
2025-04-08 11:01:14,006 - INFO - Player 3 chose action 1
2025-04-08 11:01:14,009 - INFO - Player 0 chose action 54
2025-04-08 11:01:14,013 - INFO - Player 1 chose action 56
2025-04-08 11:01:14,016 - INFO - Player 2 chose action 23
2025-04-08 11:01:14,020 - INFO - Player 3 chose action 1
2025-04-08 11:01:14,022 - INFO - Player 0 chose action 1
2025-04-08 11:01:14,025 - INFO - Player 1 chose action 1
2025-04-08 11:01:14,028 - INFO - Player 2 chose action 56
2025-04-08 11:01:14,032 - INFO - Player 3 chose action 28
2025-04-08 11:01:14,035 - INFO - Player 0 chose action 45
2025-04-08 11:01:14,038 - INFO - Player 1 chose action 45
2025-04-08 11:01:14,042 - INFO - Player 2 chose action 48
2025-04-08 11:01:14,045 - INFO - Player 3 chose action 56
2025-04-08 11:01:14,048 - INFO - Player 0 chose action 56
2025-04-08 11:01:14,052 - INFO - Player 1 chose action 56
2025-04-08 11:01:14,055 - INFO - Player 2 chose action 23
2025-04-08 11:01:14,058 - INFO - Player 3 chose action 28
2025-04-08 11:01:14,061 - INFO - Player 0 chose action 28
2025-04-08 11:01:14,065 - INFO - Player 1 chose action 45
2025-04-08 11:01:14,069 - INFO - Player 2 chose action 56
2025-04-08 11:01:14,073 - INFO - Player 3 chose action 28
2025-04-08 11:01:14,076 - INFO - Player 0 chose action 54
2025-04-08 11:01:14,079 - INFO - Player 1 chose action 56
2025-04-08 11:01:14,083 - INFO - Player 2 chose action 45
2025-04-08 11:01:14,087 - INFO - Player 3 chose action 23
2025-04-08 11:01:14,089 - INFO - Player 0 chose action 23
2025-04-08 11:01:14,092 - INFO - Player 1 chose action 28
2025-04-08 11:01:14,095 - INFO - Player 2 chose action 55
2025-04-08 11:01:14,099 - INFO - Player 3 chose action 32
2025-04-08 11:01:14,102 - INFO - Player 0 chose action 54
2025-04-08 11:01:14,105 - INFO - Player 1 chose action 23
2025-04-08 11:01:14,108 - INFO - Player 2 chose action 23
2025-04-08 11:01:14,111 - INFO - Player 3 chose action 23
2025-04-08 11:01:14,113 - INFO - Player 0 chose action 45
2025-04-08 11:01:14,117 - INFO - Player 1 chose action 32
2025-04-08 11:01:14,124 - INFO - Player 2 chose action 28
2025-04-08 11:01:14,128 - INFO - Player 3 chose action 48
2025-04-08 11:01:14,132 - INFO - Player 0 chose action 17
2025-04-08 11:01:14,136 - INFO - Player 1 chose action 1
2025-04-08 11:01:14,140 - INFO - Player 2 chose action 1
2025-04-08 11:01:14,143 - INFO - Player 3 chose action 38
2025-04-08 11:01:14,146 - INFO - Player 0 chose action 52
2025-04-08 11:01:14,150 - INFO - Player 1 chose action 11
2025-04-08 11:01:14,152 - INFO - Player 2 chose action 28
2025-04-08 11:01:14,154 - INFO - Player 3 chose action 28
2025-04-08 11:01:14,157 - INFO - Player 0 chose action 54
2025-04-08 11:01:14,160 - INFO - Player 1 chose action 28
2025-04-08 11:01:14,163 - INFO - Player 2 chose action 28
2025-04-08 11:01:14,165 - INFO - Player 3 chose action 27
2025-04-08 11:01:14,168 - INFO - Player 0 chose action 34
2025-04-08 11:01:14,171 - INFO - Player 1 chose action 52
2025-04-08 11:01:14,174 - INFO - Player 2 chose action 38
2025-04-08 11:01:14,178 - INFO - Player 3 chose action 10
2025-04-08 11:01:14,180 - INFO - Player 0 chose action 50
2025-04-08 11:01:14,183 - INFO - Player 1 chose action 54
2025-04-08 11:01:14,187 - INFO - Player 2 chose action 47
2025-04-08 11:01:14,191 - INFO - Player 3 chose action 35
2025-04-08 11:01:14,195 - INFO - Player 0 chose action 35
2025-04-08 11:01:14,198 - INFO - Player 1 chose action 14
2025-04-08 11:01:14,201 - INFO - Player 2 chose action 54
2025-04-08 11:01:14,205 - INFO - Player 3 chose action 26
2025-04-08 11:01:14,207 - INFO - Player 0 chose action 26
2025-04-08 11:01:14,210 - INFO - Player 1 chose action 50
2025-04-08 11:01:14,213 - INFO - Player 2 chose action 47
2025-04-08 11:01:14,216 - INFO - Player 3 chose action 34
2025-04-08 11:01:14,220 - INFO - Player 0 chose action 47
2025-04-08 11:01:14,223 - INFO - Player 1 chose action 54
2025-04-08 11:01:14,226 - INFO - Player 2 chose action 26
2025-04-08 11:01:14,229 - INFO - Player 3 chose action 26
2025-04-08 11:01:14,232 - INFO - Player 0 chose action 26
2025-04-08 11:01:14,234 - INFO - Player 1 chose action 50
2025-04-08 11:01:14,237 - INFO - Player 2 chose action 35
2025-04-08 11:01:14,241 - INFO - Player 3 chose action 28
2025-04-08 11:01:14,244 - INFO - Player 0 chose action 29
2025-04-08 11:01:14,248 - INFO - Player 1 chose action 38
2025-04-08 11:01:14,251 - INFO - Player 2 chose action 11
2025-04-08 11:01:14,255 - INFO - Player 3 chose action 34
2025-04-08 11:01:14,258 - INFO - Player 0 chose action 3
2025-04-08 11:01:14,262 - INFO - Player 1 chose action 29
2025-04-08 11:01:14,264 - INFO - Player 2 chose action 29
2025-04-08 11:01:14,267 - INFO - Player 3 chose action 25
2025-04-08 11:01:14,270 - INFO - Player 0 chose action 56
2025-04-08 11:01:14,273 - INFO - Player 1 chose action 26
2025-04-08 11:01:14,276 - INFO - Player 2 chose action 28
2025-04-08 11:01:14,278 - INFO - Player 3 chose action 35
2025-04-08 11:01:14,281 - INFO - Player 0 chose action 3
2025-04-08 11:01:14,284 - INFO - Player 1 chose action 3
2025-04-08 11:01:14,286 - INFO - Player 2 chose action 54
2025-04-08 11:01:14,290 - INFO - Player 3 chose action 35
2025-04-08 11:01:14,293 - INFO - Player 0 chose action 50
2025-04-08 11:01:14,296 - INFO - Player 1 chose action 0
2025-04-08 11:01:14,298 - INFO - Player 2 chose action 47
2025-04-08 11:01:14,302 - INFO - Player 3 chose action 3
2025-04-08 11:01:14,305 - INFO - Player 0 chose action 25
2025-04-08 11:01:14,308 - INFO - Player 1 chose action 54
2025-04-08 11:01:14,311 - INFO - Player 2 chose action 35
2025-04-08 11:01:14,314 - INFO - Player 3 chose action 55
2025-04-08 11:01:14,318 - INFO - Player 0 chose action 35
2025-04-08 11:01:14,321 - INFO - Player 1 chose action 18
2025-04-08 11:01:14,324 - INFO - Player 2 chose action 54
2025-04-08 11:01:14,326 - INFO - Player 3 chose action 50
2025-04-08 11:01:14,330 - INFO - Player 0 chose action 18
2025-04-08 11:01:14,332 - INFO - Player 1 chose action 4
2025-04-08 11:01:14,334 - INFO - Player 2 chose action 54
2025-04-08 11:01:14,338 - INFO - Player 3 chose action 54
2025-04-08 11:01:14,340 - INFO - Player 0 chose action 41
2025-04-08 11:01:14,343 - INFO - Player 1 chose action 2
2025-04-08 11:01:14,346 - INFO - Player 2 chose action 29
2025-04-08 11:01:14,348 - INFO - Player 3 chose action 18
2025-04-08 11:01:14,351 - INFO - Player 0 chose action 18
2025-04-08 11:01:14,354 - INFO - Player 1 chose action 52
2025-04-08 11:01:14,356 - INFO - Player 2 chose action 2
2025-04-08 11:01:14,359 - INFO - Player 3 chose action 18
2025-04-08 11:01:14,361 - INFO - Player 0 chose action 0
2025-04-08 11:01:14,364 - INFO - Player 1 chose action 73
2025-04-08 11:01:14,366 - INFO - Player 2 chose action 54
2025-04-08 11:01:14,369 - INFO - Player 3 chose action 54
2025-04-08 11:01:14,370 - INFO - Eval Episode 2/5, Rewards: [34.4, 48.19999999999999, 44.59999999999999, 49.499999999999986], Steps: 149
2025-04-08 11:01:14,374 - INFO - Player 0 chose action 23
2025-04-08 11:01:14,376 - INFO - Player 1 chose action 23
2025-04-08 11:01:14,379 - INFO - Player 2 chose action 23
2025-04-08 11:01:14,381 - INFO - Player 3 chose action 28
2025-04-08 11:01:14,384 - INFO - Player 0 chose action 28
2025-04-08 11:01:14,387 - INFO - Player 1 chose action 48
2025-04-08 11:01:14,389 - INFO - Player 2 chose action 48
2025-04-08 11:01:14,393 - INFO - Player 3 chose action 48
2025-04-08 11:01:14,396 - INFO - Player 0 chose action 5
2025-04-08 11:01:14,398 - INFO - Player 1 chose action 5
2025-04-08 11:01:14,402 - INFO - Player 2 chose action 5
2025-04-08 11:01:14,404 - INFO - Player 3 chose action 5
2025-04-08 11:01:14,408 - INFO - Player 0 chose action 48
2025-04-08 11:01:14,411 - INFO - Player 1 chose action 48
2025-04-08 11:01:14,414 - INFO - Player 2 chose action 48
2025-04-08 11:01:14,417 - INFO - Player 3 chose action 48
2025-04-08 11:01:14,420 - INFO - Player 0 chose action 32
2025-04-08 11:01:14,423 - INFO - Player 1 chose action 32
2025-04-08 11:01:14,427 - INFO - Player 2 chose action 28
2025-04-08 11:01:14,430 - INFO - Player 3 chose action 32
2025-04-08 11:01:14,434 - INFO - Player 0 chose action 23
2025-04-08 11:01:14,437 - INFO - Player 1 chose action 32
2025-04-08 11:01:14,440 - INFO - Player 2 chose action 32
2025-04-08 11:01:14,444 - INFO - Player 3 chose action 5
2025-04-08 11:01:14,447 - INFO - Player 0 chose action 48
2025-04-08 11:01:14,451 - INFO - Player 1 chose action 48
2025-04-08 11:01:14,454 - INFO - Player 2 chose action 5
2025-04-08 11:01:14,457 - INFO - Player 3 chose action 48
2025-04-08 11:01:14,462 - INFO - Player 0 chose action 48
2025-04-08 11:01:14,467 - INFO - Player 1 chose action 4
2025-04-08 11:01:14,470 - INFO - Player 2 chose action 32
2025-04-08 11:01:14,474 - INFO - Player 3 chose action 32
2025-04-08 11:01:14,477 - INFO - Player 0 chose action 26
2025-04-08 11:01:14,480 - INFO - Player 1 chose action 26
2025-04-08 11:01:14,483 - INFO - Player 2 chose action 32
2025-04-08 11:01:14,487 - INFO - Player 3 chose action 5
2025-04-08 11:01:14,491 - INFO - Player 0 chose action 32
2025-04-08 11:01:14,495 - INFO - Player 1 chose action 28
2025-04-08 11:01:14,500 - INFO - Player 2 chose action 28
2025-04-08 11:01:14,504 - INFO - Player 3 chose action 28
2025-04-08 11:01:14,506 - INFO - Player 0 chose action 4
2025-04-08 11:01:14,510 - INFO - Player 1 chose action 31
2025-04-08 11:01:14,514 - INFO - Player 2 chose action 5
2025-04-08 11:01:14,517 - INFO - Player 3 chose action 4
2025-04-08 11:01:14,521 - INFO - Player 0 chose action 32
2025-04-08 11:01:14,525 - INFO - Player 1 chose action 5
2025-04-08 11:01:14,528 - INFO - Player 2 chose action 5
2025-04-08 11:01:14,532 - INFO - Player 3 chose action 5
2025-04-08 11:01:14,535 - INFO - Player 0 chose action 32
2025-04-08 11:01:14,540 - INFO - Player 1 chose action 1
2025-04-08 11:01:14,543 - INFO - Player 2 chose action 32
2025-04-08 11:01:14,548 - INFO - Player 3 chose action 1
2025-04-08 11:01:14,551 - INFO - Player 0 chose action 1
2025-04-08 11:01:14,555 - INFO - Player 1 chose action 12
2025-04-08 11:01:14,559 - INFO - Player 2 chose action 45
2025-04-08 11:01:14,563 - INFO - Player 3 chose action 12
2025-04-08 11:01:14,567 - INFO - Player 0 chose action 4
2025-04-08 11:01:14,570 - INFO - Player 1 chose action 33
2025-04-08 11:01:14,573 - INFO - Player 2 chose action 1
2025-04-08 11:01:14,576 - INFO - Player 3 chose action 30
2025-04-08 11:01:14,579 - INFO - Player 0 chose action 12
2025-04-08 11:01:14,582 - INFO - Player 1 chose action 29
2025-04-08 11:01:14,586 - INFO - Player 2 chose action 32
2025-04-08 11:01:14,590 - INFO - Player 3 chose action 29
2025-04-08 11:01:14,593 - INFO - Player 0 chose action 29
2025-04-08 11:01:14,598 - INFO - Player 1 chose action 32
2025-04-08 11:01:14,602 - INFO - Player 2 chose action 12
2025-04-08 11:01:14,605 - INFO - Player 3 chose action 32
2025-04-08 11:01:14,608 - INFO - Player 0 chose action 29
2025-04-08 11:01:14,611 - INFO - Player 1 chose action 32
2025-04-08 11:01:14,615 - INFO - Player 2 chose action 5
2025-04-08 11:01:14,617 - INFO - Player 3 chose action 32
2025-04-08 11:01:14,622 - INFO - Player 0 chose action 29
2025-04-08 11:01:14,625 - INFO - Player 1 chose action 12
2025-04-08 11:01:14,628 - INFO - Player 2 chose action 32
2025-04-08 11:01:14,632 - INFO - Player 3 chose action 32
2025-04-08 11:01:14,635 - INFO - Player 0 chose action 32
2025-04-08 11:01:14,639 - INFO - Player 1 chose action 5
2025-04-08 11:01:14,642 - INFO - Player 2 chose action 5
2025-04-08 11:01:14,645 - INFO - Player 3 chose action 5
2025-04-08 11:01:14,649 - INFO - Player 0 chose action 32
2025-04-08 11:01:14,653 - INFO - Player 1 chose action 32
2025-04-08 11:01:14,657 - INFO - Player 2 chose action 29
2025-04-08 11:01:14,659 - INFO - Player 3 chose action 27
2025-04-08 11:01:14,662 - INFO - Player 0 chose action 31
2025-04-08 11:01:14,666 - INFO - Player 1 chose action 31
2025-04-08 11:01:14,668 - INFO - Player 2 chose action 87
2025-04-08 11:01:14,672 - INFO - Player 3 chose action 2
2025-04-08 11:01:14,675 - INFO - Player 0 chose action 30
2025-04-08 11:01:14,678 - INFO - Player 1 chose action 34
2025-04-08 11:01:14,681 - INFO - Player 2 chose action 87
2025-04-08 11:01:14,685 - INFO - Player 3 chose action 87
2025-04-08 11:01:14,687 - INFO - Player 0 chose action 5
2025-04-08 11:01:14,690 - INFO - Player 1 chose action 26
2025-04-08 11:01:14,693 - INFO - Player 2 chose action 87
2025-04-08 11:01:14,696 - INFO - Player 3 chose action 87
2025-04-08 11:01:14,700 - INFO - Player 0 chose action 19
2025-04-08 11:01:14,703 - INFO - Player 1 chose action 27
2025-04-08 11:01:14,706 - INFO - Player 2 chose action 87
2025-04-08 11:01:14,710 - INFO - Player 3 chose action 87
2025-04-08 11:01:14,713 - INFO - Player 0 chose action 4
2025-04-08 11:01:14,716 - INFO - Player 1 chose action 38
2025-04-08 11:01:14,719 - INFO - Player 2 chose action 87
2025-04-08 11:01:14,722 - INFO - Player 3 chose action 87
2025-04-08 11:01:14,725 - INFO - Player 0 chose action 35
2025-04-08 11:01:14,729 - INFO - Player 1 chose action 37
2025-04-08 11:01:14,731 - INFO - Player 2 chose action 87
2025-04-08 11:01:14,734 - INFO - Player 3 chose action 87
2025-04-08 11:01:14,737 - INFO - Player 0 chose action 14
2025-04-08 11:01:14,740 - INFO - Player 1 chose action 14
2025-04-08 11:01:14,743 - INFO - Player 2 chose action 87
2025-04-08 11:01:14,745 - INFO - Player 3 chose action 87
2025-04-08 11:01:14,748 - INFO - Player 0 chose action 36
2025-04-08 11:01:14,751 - INFO - Player 1 chose action 26
2025-04-08 11:01:14,753 - INFO - Player 2 chose action 87
2025-04-08 11:01:14,756 - INFO - Player 3 chose action 37
2025-04-08 11:01:14,759 - INFO - Player 0 chose action 27
2025-04-08 11:01:14,761 - INFO - Player 1 chose action 37
2025-04-08 11:01:14,764 - INFO - Player 2 chose action 87
2025-04-08 11:01:14,767 - INFO - Player 3 chose action 34
2025-04-08 11:01:14,771 - INFO - Player 0 chose action 26
2025-04-08 11:01:14,774 - INFO - Player 1 chose action 28
2025-04-08 11:01:14,777 - INFO - Player 2 chose action 87
2025-04-08 11:01:14,780 - INFO - Player 3 chose action 27
2025-04-08 11:01:14,783 - INFO - Player 0 chose action 38
2025-04-08 11:01:14,786 - INFO - Player 1 chose action 16
2025-04-08 11:01:14,789 - INFO - Player 2 chose action 37
2025-04-08 11:01:14,792 - INFO - Player 3 chose action 2
2025-04-08 11:01:14,794 - INFO - Player 0 chose action 19
2025-04-08 11:01:14,797 - INFO - Player 1 chose action 35
2025-04-08 11:01:14,800 - INFO - Player 2 chose action 2
2025-04-08 11:01:14,803 - INFO - Player 3 chose action 2
2025-04-08 11:01:14,806 - INFO - Player 0 chose action 28
2025-04-08 11:01:14,808 - INFO - Player 1 chose action 28
2025-04-08 11:01:14,811 - INFO - Player 2 chose action 36
2025-04-08 11:01:14,814 - INFO - Player 3 chose action 29
2025-04-08 11:01:14,817 - INFO - Player 0 chose action 38
2025-04-08 11:01:14,820 - INFO - Player 1 chose action 35
2025-04-08 11:01:14,824 - INFO - Player 2 chose action 35
2025-04-08 11:01:14,827 - INFO - Player 3 chose action 36
2025-04-08 11:01:14,830 - INFO - Player 0 chose action 34
2025-04-08 11:01:14,833 - INFO - Player 1 chose action 35
2025-04-08 11:01:14,835 - INFO - Eval Episode 3/5, Rewards: [39.699999999999996, 54.89999999999999, 14.400000000000004, 16.400000000000006], Steps: 143
2025-04-08 11:01:14,840 - INFO - Player 0 chose action 47
2025-04-08 11:01:14,844 - INFO - Player 1 chose action 50
2025-04-08 11:01:14,847 - INFO - Player 2 chose action 50
2025-04-08 11:01:14,850 - INFO - Player 3 chose action 50
2025-04-08 11:01:14,854 - INFO - Player 0 chose action 47
2025-04-08 11:01:14,857 - INFO - Player 1 chose action 50
2025-04-08 11:01:14,860 - INFO - Player 2 chose action 50
2025-04-08 11:01:14,863 - INFO - Player 3 chose action 50
2025-04-08 11:01:14,867 - INFO - Player 0 chose action 50
2025-04-08 11:01:14,870 - INFO - Player 1 chose action 47
2025-04-08 11:01:14,873 - INFO - Player 2 chose action 47
2025-04-08 11:01:14,876 - INFO - Player 3 chose action 47
2025-04-08 11:01:14,880 - INFO - Player 0 chose action 16
2025-04-08 11:01:14,882 - INFO - Player 1 chose action 14
2025-04-08 11:01:14,885 - INFO - Player 2 chose action 14
2025-04-08 11:01:14,888 - INFO - Player 3 chose action 5
2025-04-08 11:01:14,891 - INFO - Player 0 chose action 16
2025-04-08 11:01:14,895 - INFO - Player 1 chose action 5
2025-04-08 11:01:14,897 - INFO - Player 2 chose action 16
2025-04-08 11:01:14,900 - INFO - Player 3 chose action 16
2025-04-08 11:01:14,903 - INFO - Player 0 chose action 30
2025-04-08 11:01:14,906 - INFO - Player 1 chose action 16
2025-04-08 11:01:14,909 - INFO - Player 2 chose action 30
2025-04-08 11:01:14,912 - INFO - Player 3 chose action 26
2025-04-08 11:01:14,916 - INFO - Player 0 chose action 12
2025-04-08 11:01:14,918 - INFO - Player 1 chose action 30
2025-04-08 11:01:14,923 - INFO - Player 2 chose action 17
2025-04-08 11:01:14,925 - INFO - Player 3 chose action 30
2025-04-08 11:01:14,929 - INFO - Player 0 chose action 16
2025-04-08 11:01:14,932 - INFO - Player 1 chose action 16
2025-04-08 11:01:14,935 - INFO - Player 2 chose action 19
2025-04-08 11:01:14,939 - INFO - Player 3 chose action 28
2025-04-08 11:01:14,942 - INFO - Player 0 chose action 2
2025-04-08 11:01:14,945 - INFO - Player 1 chose action 27
2025-04-08 11:01:14,948 - INFO - Player 2 chose action 27
2025-04-08 11:01:14,951 - INFO - Player 3 chose action 2
2025-04-08 11:01:14,954 - INFO - Player 0 chose action 30
2025-04-08 11:01:14,957 - INFO - Player 1 chose action 28
2025-04-08 11:01:14,960 - INFO - Player 2 chose action 4
2025-04-08 11:01:14,963 - INFO - Player 3 chose action 29
2025-04-08 11:01:14,966 - INFO - Player 0 chose action 2
2025-04-08 11:01:14,969 - INFO - Player 1 chose action 33
2025-04-08 11:01:14,973 - INFO - Player 2 chose action 87
2025-04-08 11:01:14,976 - INFO - Player 3 chose action 37
2025-04-08 11:01:14,980 - INFO - Player 0 chose action 16
2025-04-08 11:01:14,983 - INFO - Player 1 chose action 12
2025-04-08 11:01:14,985 - INFO - Player 2 chose action 87
2025-04-08 11:01:14,988 - INFO - Player 3 chose action 11
2025-04-08 11:01:14,991 - INFO - Player 0 chose action 2
2025-04-08 11:01:14,994 - INFO - Player 1 chose action 33
2025-04-08 11:01:14,998 - INFO - Player 2 chose action 33
2025-04-08 11:01:15,001 - INFO - Player 3 chose action 17
2025-04-08 11:01:15,005 - INFO - Player 0 chose action 32
2025-04-08 11:01:15,010 - INFO - Player 1 chose action 14
2025-04-08 11:01:15,014 - INFO - Player 2 chose action 14
2025-04-08 11:01:15,018 - INFO - Player 3 chose action 30
2025-04-08 11:01:15,022 - INFO - Player 0 chose action 19
2025-04-08 11:01:15,026 - INFO - Player 1 chose action 32
2025-04-08 11:01:15,029 - INFO - Player 2 chose action 32
2025-04-08 11:01:15,033 - INFO - Player 3 chose action 16
2025-04-08 11:01:15,035 - INFO - Player 0 chose action 2
2025-04-08 11:01:15,039 - INFO - Player 1 chose action 30
2025-04-08 11:01:15,042 - INFO - Player 2 chose action 36
2025-04-08 11:01:15,045 - INFO - Player 3 chose action 30
2025-04-08 11:01:15,049 - INFO - Player 0 chose action 30
2025-04-08 11:01:15,052 - INFO - Player 1 chose action 16
2025-04-08 11:01:15,056 - INFO - Player 2 chose action 17
2025-04-08 11:01:15,058 - INFO - Player 3 chose action 2
2025-04-08 11:01:15,062 - INFO - Player 0 chose action 2
2025-04-08 11:01:15,065 - INFO - Player 1 chose action 31
2025-04-08 11:01:15,068 - INFO - Player 2 chose action 30
2025-04-08 11:01:15,072 - INFO - Player 3 chose action 14
2025-04-08 11:01:15,075 - INFO - Player 0 chose action 26
2025-04-08 11:01:15,078 - INFO - Player 1 chose action 30
2025-04-08 11:01:15,081 - INFO - Player 2 chose action 19
2025-04-08 11:01:15,084 - INFO - Player 3 chose action 27
2025-04-08 11:01:15,087 - INFO - Player 0 chose action 2
2025-04-08 11:01:15,090 - INFO - Player 1 chose action 30
2025-04-08 11:01:15,094 - INFO - Player 2 chose action 30
2025-04-08 11:01:15,097 - INFO - Player 3 chose action 31
2025-04-08 11:01:15,100 - INFO - Player 0 chose action 30
2025-04-08 11:01:15,103 - INFO - Player 1 chose action 30
2025-04-08 11:01:15,107 - INFO - Player 2 chose action 16
2025-04-08 11:01:15,110 - INFO - Player 3 chose action 31
2025-04-08 11:01:15,113 - INFO - Player 0 chose action 2
2025-04-08 11:01:15,115 - INFO - Player 1 chose action 31
2025-04-08 11:01:15,118 - INFO - Player 2 chose action 17
2025-04-08 11:01:15,121 - INFO - Player 3 chose action 4
2025-04-08 11:01:15,124 - INFO - Player 0 chose action 35
2025-04-08 11:01:15,127 - INFO - Player 1 chose action 26
2025-04-08 11:01:15,131 - INFO - Player 2 chose action 35
2025-04-08 11:01:15,134 - INFO - Player 3 chose action 2
2025-04-08 11:01:15,137 - INFO - Player 0 chose action 2
2025-04-08 11:01:15,140 - INFO - Player 1 chose action 19
2025-04-08 11:01:15,143 - INFO - Player 2 chose action 35
2025-04-08 11:01:15,146 - INFO - Player 3 chose action 35
2025-04-08 11:01:15,150 - INFO - Player 0 chose action 2
2025-04-08 11:01:15,152 - INFO - Player 1 chose action 37
2025-04-08 11:01:15,155 - INFO - Player 2 chose action 26
2025-04-08 11:01:15,158 - INFO - Player 3 chose action 26
2025-04-08 11:01:15,161 - INFO - Player 0 chose action 54
2025-04-08 11:01:15,165 - INFO - Player 1 chose action 26
2025-04-08 11:01:15,168 - INFO - Player 2 chose action 2
2025-04-08 11:01:15,171 - INFO - Player 3 chose action 2
2025-04-08 11:01:15,174 - INFO - Player 0 chose action 47
2025-04-08 11:01:15,177 - INFO - Player 1 chose action 37
2025-04-08 11:01:15,180 - INFO - Player 2 chose action 16
2025-04-08 11:01:15,183 - INFO - Player 3 chose action 37
2025-04-08 11:01:15,187 - INFO - Player 0 chose action 26
2025-04-08 11:01:15,191 - INFO - Player 1 chose action 30
2025-04-08 11:01:15,194 - INFO - Player 2 chose action 35
2025-04-08 11:01:15,197 - INFO - Player 3 chose action 2
2025-04-08 11:01:15,200 - INFO - Player 0 chose action 54
2025-04-08 11:01:15,203 - INFO - Player 1 chose action 37
2025-04-08 11:01:15,207 - INFO - Player 2 chose action 4
2025-04-08 11:01:15,209 - INFO - Player 3 chose action 4
2025-04-08 11:01:15,212 - INFO - Player 0 chose action 4
2025-04-08 11:01:15,215 - INFO - Player 1 chose action 4
2025-04-08 11:01:15,218 - INFO - Player 2 chose action 4
2025-04-08 11:01:15,221 - INFO - Player 3 chose action 4
2025-04-08 11:01:15,224 - INFO - Player 0 chose action 4
2025-04-08 11:01:15,226 - INFO - Player 1 chose action 2
2025-04-08 11:01:15,229 - INFO - Player 2 chose action 5
2025-04-08 11:01:15,232 - INFO - Player 3 chose action 2
2025-04-08 11:01:15,235 - INFO - Player 0 chose action 2
2025-04-08 11:01:15,237 - INFO - Player 1 chose action 36
2025-04-08 11:01:15,240 - INFO - Player 2 chose action 2
2025-04-08 11:01:15,243 - INFO - Player 3 chose action 37
2025-04-08 11:01:15,247 - INFO - Player 0 chose action 16
2025-04-08 11:01:15,250 - INFO - Player 1 chose action 37
2025-04-08 11:01:15,253 - INFO - Player 2 chose action 37
2025-04-08 11:01:15,257 - INFO - Player 3 chose action 37
2025-04-08 11:01:15,260 - INFO - Player 0 chose action 16
2025-04-08 11:01:15,263 - INFO - Player 1 chose action 37
2025-04-08 11:01:15,266 - INFO - Eval Episode 4/5, Rewards: [18.399999999999995, 76.3, 15.700000000000003, 24.699999999999992], Steps: 135
2025-04-08 11:01:15,270 - INFO - Player 0 chose action 45
2025-04-08 11:01:15,273 - INFO - Player 1 chose action 45
2025-04-08 11:01:15,276 - INFO - Player 2 chose action 45
2025-04-08 11:01:15,279 - INFO - Player 3 chose action 45
2025-04-08 11:01:15,283 - INFO - Player 0 chose action 45
2025-04-08 11:01:15,286 - INFO - Player 1 chose action 45
2025-04-08 11:01:15,290 - INFO - Player 2 chose action 45
2025-04-08 11:01:15,293 - INFO - Player 3 chose action 45
2025-04-08 11:01:15,297 - INFO - Player 0 chose action 45
2025-04-08 11:01:15,300 - INFO - Player 1 chose action 45
2025-04-08 11:01:15,304 - INFO - Player 2 chose action 45
2025-04-08 11:01:15,307 - INFO - Player 3 chose action 45
2025-04-08 11:01:15,311 - INFO - Player 0 chose action 23
2025-04-08 11:01:15,315 - INFO - Player 1 chose action 23
2025-04-08 11:01:15,319 - INFO - Player 2 chose action 23
2025-04-08 11:01:15,324 - INFO - Player 3 chose action 23
2025-04-08 11:01:15,327 - INFO - Player 0 chose action 56
2025-04-08 11:01:15,331 - INFO - Player 1 chose action 54
2025-04-08 11:01:15,334 - INFO - Player 2 chose action 23
2025-04-08 11:01:15,338 - INFO - Player 3 chose action 23
2025-04-08 11:01:15,341 - INFO - Player 0 chose action 45
2025-04-08 11:01:15,344 - INFO - Player 1 chose action 45
2025-04-08 11:01:15,348 - INFO - Player 2 chose action 23
2025-04-08 11:01:15,351 - INFO - Player 3 chose action 23
2025-04-08 11:01:15,354 - INFO - Player 0 chose action 28
2025-04-08 11:01:15,357 - INFO - Player 1 chose action 12
2025-04-08 11:01:15,360 - INFO - Player 2 chose action 55
2025-04-08 11:01:15,364 - INFO - Player 3 chose action 34
2025-04-08 11:01:15,367 - INFO - Player 0 chose action 23
2025-04-08 11:01:15,371 - INFO - Player 1 chose action 23
2025-04-08 11:01:15,374 - INFO - Player 2 chose action 5
2025-04-08 11:01:15,377 - INFO - Player 3 chose action 28
2025-04-08 11:01:15,380 - INFO - Player 0 chose action 5
2025-04-08 11:01:15,383 - INFO - Player 1 chose action 56
2025-04-08 11:01:15,386 - INFO - Player 2 chose action 45
2025-04-08 11:01:15,390 - INFO - Player 3 chose action 5
2025-04-08 11:01:15,393 - INFO - Player 0 chose action 32
2025-04-08 11:01:15,396 - INFO - Player 1 chose action 45
2025-04-08 11:01:15,400 - INFO - Player 2 chose action 56
2025-04-08 11:01:15,403 - INFO - Player 3 chose action 56
2025-04-08 11:01:15,408 - INFO - Player 0 chose action 23
2025-04-08 11:01:15,410 - INFO - Player 1 chose action 1
2025-04-08 11:01:15,414 - INFO - Player 2 chose action 45
2025-04-08 11:01:15,417 - INFO - Player 3 chose action 45
2025-04-08 11:01:15,421 - INFO - Player 0 chose action 28
2025-04-08 11:01:15,424 - INFO - Player 1 chose action 28
2025-04-08 11:01:15,427 - INFO - Player 2 chose action 4
2025-04-08 11:01:15,430 - INFO - Player 3 chose action 4
2025-04-08 11:01:15,433 - INFO - Player 0 chose action 4
2025-04-08 11:01:15,436 - INFO - Player 1 chose action 4
2025-04-08 11:01:15,438 - INFO - Player 2 chose action 33
2025-04-08 11:01:15,442 - INFO - Player 3 chose action 5
2025-04-08 11:01:15,445 - INFO - Player 0 chose action 55
2025-04-08 11:01:15,448 - INFO - Player 1 chose action 33
2025-04-08 11:01:15,452 - INFO - Player 2 chose action 56
2025-04-08 11:01:15,456 - INFO - Player 3 chose action 54
2025-04-08 11:01:15,459 - INFO - Player 0 chose action 5
2025-04-08 11:01:15,463 - INFO - Player 1 chose action 5
2025-04-08 11:01:15,466 - INFO - Player 2 chose action 54
2025-04-08 11:01:15,469 - INFO - Player 3 chose action 28
2025-04-08 11:01:15,472 - INFO - Player 0 chose action 50
2025-04-08 11:01:15,477 - INFO - Player 1 chose action 56
2025-04-08 11:01:15,480 - INFO - Player 2 chose action 28
2025-04-08 11:01:15,484 - INFO - Player 3 chose action 14
2025-04-08 11:01:15,487 - INFO - Player 0 chose action 54
2025-04-08 11:01:15,490 - INFO - Player 1 chose action 5
2025-04-08 11:01:15,493 - INFO - Player 2 chose action 5
2025-04-08 11:01:15,497 - INFO - Player 3 chose action 50
2025-04-08 11:01:15,500 - INFO - Player 0 chose action 33
2025-04-08 11:01:15,504 - INFO - Player 1 chose action 50
2025-04-08 11:01:15,507 - INFO - Player 2 chose action 50
2025-04-08 11:01:15,510 - INFO - Player 3 chose action 54
2025-04-08 11:01:15,514 - INFO - Player 0 chose action 50
2025-04-08 11:01:15,518 - INFO - Player 1 chose action 54
2025-04-08 11:01:15,521 - INFO - Player 2 chose action 53
2025-04-08 11:01:15,525 - INFO - Player 3 chose action 53
2025-04-08 11:01:15,529 - INFO - Player 0 chose action 6
2025-04-08 11:01:15,533 - INFO - Player 1 chose action 53
2025-04-08 11:01:15,535 - INFO - Player 2 chose action 54
2025-04-08 11:01:15,539 - INFO - Player 3 chose action 12
2025-04-08 11:01:15,541 - INFO - Player 0 chose action 34
2025-04-08 11:01:15,545 - INFO - Player 1 chose action 34
2025-04-08 11:01:15,548 - INFO - Player 2 chose action 14
2025-04-08 11:01:15,552 - INFO - Player 3 chose action 54
2025-04-08 11:01:15,555 - INFO - Player 0 chose action 26
2025-04-08 11:01:15,559 - INFO - Player 1 chose action 28
2025-04-08 11:01:15,562 - INFO - Player 2 chose action 38
2025-04-08 11:01:15,565 - INFO - Player 3 chose action 53
2025-04-08 11:01:15,568 - INFO - Player 0 chose action 28
2025-04-08 11:01:15,571 - INFO - Player 1 chose action 14
2025-04-08 11:01:15,574 - INFO - Player 2 chose action 53
2025-04-08 11:01:15,578 - INFO - Player 3 chose action 36
2025-04-08 11:01:15,581 - INFO - Player 0 chose action 27
2025-04-08 11:01:15,584 - INFO - Player 1 chose action 0
2025-04-08 11:01:15,586 - INFO - Player 2 chose action 14
2025-04-08 11:01:15,589 - INFO - Player 3 chose action 14
2025-04-08 11:01:15,592 - INFO - Player 0 chose action 87
2025-04-08 11:01:15,595 - INFO - Player 1 chose action 87
2025-04-08 11:01:15,598 - INFO - Player 2 chose action 14
2025-04-08 11:01:15,601 - INFO - Player 3 chose action 14
2025-04-08 11:01:15,603 - INFO - Player 0 chose action 87
2025-04-08 11:01:15,606 - INFO - Player 1 chose action 87
2025-04-08 11:01:15,609 - INFO - Player 2 chose action 0
2025-04-08 11:01:15,612 - INFO - Player 3 chose action 54
2025-04-08 11:01:15,616 - INFO - Player 0 chose action 37
2025-04-08 11:01:15,619 - INFO - Player 1 chose action 87
2025-04-08 11:01:15,622 - INFO - Player 2 chose action 37
2025-04-08 11:01:15,626 - INFO - Player 3 chose action 22
2025-04-08 11:01:15,629 - INFO - Player 0 chose action 19
2025-04-08 11:01:15,632 - INFO - Player 1 chose action 87
2025-04-08 11:01:15,635 - INFO - Player 2 chose action 22
2025-04-08 11:01:15,638 - INFO - Player 3 chose action 25
2025-04-08 11:01:15,640 - INFO - Player 0 chose action 36
2025-04-08 11:01:15,648 - INFO - Player 1 chose action 87
2025-04-08 11:01:15,654 - INFO - Player 2 chose action 0
2025-04-08 11:01:15,658 - INFO - Player 3 chose action 2
2025-04-08 11:01:15,663 - INFO - Player 0 chose action 2
2025-04-08 11:01:15,667 - INFO - Player 1 chose action 87
2025-04-08 11:01:15,672 - INFO - Player 2 chose action 87
2025-04-08 11:01:15,677 - INFO - Player 3 chose action 47
2025-04-08 11:01:15,681 - INFO - Player 0 chose action 27
2025-04-08 11:01:15,685 - INFO - Player 1 chose action 87
2025-04-08 11:01:15,692 - INFO - Player 2 chose action 37
2025-04-08 11:01:15,696 - INFO - Player 3 chose action 87
2025-04-08 11:01:15,700 - INFO - Player 0 chose action 36
2025-04-08 11:01:15,703 - INFO - Player 1 chose action 87
2025-04-08 11:01:15,707 - INFO - Player 2 chose action 2
2025-04-08 11:01:15,710 - INFO - Player 3 chose action 87
2025-04-08 11:01:15,713 - INFO - Player 0 chose action 14
2025-04-08 11:01:15,716 - INFO - Player 1 chose action 87
2025-04-08 11:01:15,719 - INFO - Player 2 chose action 87
2025-04-08 11:01:15,722 - INFO - Player 3 chose action 87
2025-04-08 11:01:15,725 - INFO - Player 0 chose action 2
2025-04-08 11:01:15,728 - INFO - Player 1 chose action 87
2025-04-08 11:01:15,731 - INFO - Player 2 chose action 87
2025-04-08 11:01:15,733 - INFO - Player 3 chose action 87
2025-04-08 11:01:15,736 - INFO - Player 0 chose action 6
2025-04-08 11:01:15,738 - INFO - Player 1 chose action 87
2025-04-08 11:01:15,741 - INFO - Player 2 chose action 87
2025-04-08 11:01:15,744 - INFO - Player 3 chose action 87
2025-04-08 11:01:15,747 - INFO - Player 0 chose action 6
2025-04-08 11:01:15,749 - INFO - Player 1 chose action 87
2025-04-08 11:01:15,752 - INFO - Player 2 chose action 87
2025-04-08 11:01:15,754 - INFO - Player 3 chose action 87
2025-04-08 11:01:15,757 - INFO - Player 0 chose action 36
2025-04-08 11:01:15,760 - INFO - Player 1 chose action 87
2025-04-08 11:01:15,763 - INFO - Player 2 chose action 87
2025-04-08 11:01:15,765 - INFO - Player 3 chose action 37
2025-04-08 11:01:15,768 - INFO - Player 0 chose action 27
2025-04-08 11:01:15,771 - INFO - Player 1 chose action 87
2025-04-08 11:01:15,774 - INFO - Player 2 chose action 87
2025-04-08 11:01:15,777 - INFO - Player 3 chose action 27
2025-04-08 11:01:15,781 - INFO - Player 0 chose action 37
2025-04-08 11:01:15,784 - INFO - Player 1 chose action 87
2025-04-08 11:01:15,788 - INFO - Player 2 chose action 37
2025-04-08 11:01:15,792 - INFO - Player 3 chose action 37
2025-04-08 11:01:15,795 - INFO - Player 0 chose action 27
2025-04-08 11:01:15,797 - INFO - Player 1 chose action 87
2025-04-08 11:01:15,800 - INFO - Player 2 chose action 37
2025-04-08 11:01:15,803 - INFO - Player 3 chose action 27
2025-04-08 11:01:15,806 - INFO - Player 0 chose action 37
2025-04-08 11:01:15,810 - INFO - Player 1 chose action 87
2025-04-08 11:01:15,813 - INFO - Player 2 chose action 11
2025-04-08 11:01:15,815 - INFO - Player 3 chose action 27
2025-04-08 11:01:15,818 - INFO - Player 0 chose action 27
2025-04-08 11:01:15,821 - INFO - Player 1 chose action 87
2025-04-08 11:01:15,824 - INFO - Player 2 chose action 0
2025-04-08 11:01:15,827 - INFO - Player 3 chose action 0
2025-04-08 11:01:15,830 - INFO - Player 0 chose action 29
2025-04-08 11:01:15,833 - INFO - Player 1 chose action 87
2025-04-08 11:01:15,837 - INFO - Player 2 chose action 0
2025-04-08 11:01:15,840 - INFO - Player 3 chose action 87
2025-04-08 11:01:15,843 - INFO - Player 0 chose action 87
2025-04-08 11:01:15,846 - INFO - Player 1 chose action 87
2025-04-08 11:01:15,848 - INFO - Player 2 chose action 34
2025-04-08 11:01:15,852 - INFO - Player 3 chose action 87
2025-04-08 11:01:15,854 - INFO - Player 0 chose action 87
2025-04-08 11:01:15,856 - INFO - Player 1 chose action 87
2025-04-08 11:01:15,859 - INFO - Player 2 chose action 4
2025-04-08 11:01:15,861 - INFO - Player 3 chose action 87
2025-04-08 11:01:15,864 - INFO - Player 0 chose action 87
2025-04-08 11:01:15,867 - INFO - Player 1 chose action 87
2025-04-08 11:01:15,869 - INFO - Player 2 chose action 4
2025-04-08 11:01:15,872 - INFO - Player 3 chose action 87
2025-04-08 11:01:15,875 - INFO - Player 0 chose action 87
2025-04-08 11:01:15,877 - INFO - Player 1 chose action 87
2025-04-08 11:01:15,880 - INFO - Player 2 chose action 4
2025-04-08 11:01:15,883 - INFO - Player 3 chose action 87
2025-04-08 11:01:15,886 - INFO - Player 0 chose action 87
2025-04-08 11:01:15,888 - INFO - Player 1 chose action 87
2025-04-08 11:01:15,891 - INFO - Player 2 chose action 40
2025-04-08 11:01:15,893 - INFO - Eval Episode 5/5, Rewards: [33.399999999999984, 10.80000000000001, 97.49999999999997, 34.199999999999974], Steps: 192
2025-04-08 11:01:15,894 - INFO - Evaluation completed: Avg Rewards: [30.399999999999995, 48.260000000000005, 40.419999999999995, 32.69999999999999], Avg Steps: 150.00, Win Rate: [5, 5, 5, 5]%
