2025-04-08 10:59:31,623 - INFO - Starting DQN training for SplendorLightZeroEnv
2025-04-08 10:59:33,215 - INFO - Environment initialized with state_dim=162, action_dim=88
2025-04-08 10:59:33,216 - INFO - Training parameters: episodes=20, batch_size=512, gamma=0.99, epsilon_start=1.0
2025-04-08 10:59:33,477 - INFO - Episode 1/20, Reward: [17.699999999999996, 38.19999999999999, 27.0, 48.19999999999999], Steps: 169, Avg Loss: 0.0000
2025-04-08 10:59:33,667 - INFO - Episode 2/20, Reward: [7.200000000000003, 56.699999999999996, 14.400000000000002, 36.8], Steps: 139, Avg Loss: 0.0000
2025-04-08 10:59:33,874 - INFO - Episode 3/20, Reward: [18.199999999999996, 20.299999999999997, 79.3, 19.3], Steps: 152, Avg Loss: 0.0000
2025-04-08 10:59:35,937 - INFO - Target network updated at step 100
2025-04-08 10:59:35,953 - INFO - Episode 4/20, Reward: [34.49999999999999, 16.900000000000006, 20.0, 46.39999999999999], Steps: 157, Avg Loss: 2.0312
2025-04-08 10:59:36,812 - INFO - Target network updated at step 200
2025-04-08 10:59:37,250 - INFO - Episode 5/20, Reward: [37.49999999999999, 8.800000000000006, 20.099999999999994, 40.59999999999999], Steps: 157, Avg Loss: 5.5123
2025-04-08 10:59:37,576 - INFO - Target network updated at step 300
2025-04-08 10:59:38,183 - INFO - Episode 6/20, Reward: [51.89999999999999, 10.700000000000003, 16.9, 25.899999999999995], Steps: 122, Avg Loss: 7.8388
2025-04-08 10:59:38,345 - INFO - Target network updated at step 400
2025-04-08 10:59:39,101 - INFO - Target network updated at step 500
2025-04-08 10:59:39,334 - INFO - Episode 7/20, Reward: [37.699999999999996, 35.599999999999994, 44.6, 29.5], Steps: 152, Avg Loss: 13.9726
2025-04-08 10:59:39,887 - INFO - Target network updated at step 600
2025-04-08 10:59:40,544 - INFO - Episode 8/20, Reward: [42.399999999999984, 41.999999999999986, 25.0, 13.799999999999999], Steps: 163, Avg Loss: 10.2820
2025-04-08 10:59:40,604 - INFO - Target network updated at step 700
2025-04-08 10:59:41,334 - INFO - Target network updated at step 800
2025-04-08 10:59:41,637 - INFO - Episode 9/20, Reward: [98.89999999999999, 48.9, 36.69999999999999, 24.7], Steps: 142, Avg Loss: 12.9662
2025-04-08 10:59:42,286 - INFO - Target network updated at step 900
2025-04-08 10:59:42,700 - INFO - Episode 10/20, Reward: [10.700000000000003, 11.000000000000002, 10.8, 62.4], Steps: 117, Avg Loss: 9.6115
2025-04-08 10:59:43,126 - INFO - Target network updated at step 1000
2025-04-08 10:59:43,778 - INFO - Episode 11/20, Reward: [25.799999999999997, 36.0, 37.099999999999994, 54.199999999999996], Steps: 129, Avg Loss: 9.1429
2025-04-08 10:59:43,996 - INFO - Target network updated at step 1100
2025-04-08 10:59:44,831 - INFO - Target network updated at step 1200
2025-04-08 10:59:44,970 - INFO - Episode 12/20, Reward: [48.7, 33.99999999999999, 32.59999999999999, 32.8], Steps: 138, Avg Loss: 13.0408
2025-04-08 10:59:45,869 - INFO - Target network updated at step 1300
2025-04-08 10:59:46,429 - INFO - Episode 13/20, Reward: [40.599999999999994, 40.59999999999999, 31.599999999999994, 47.599999999999994], Steps: 142, Avg Loss: 13.4626
2025-04-08 10:59:46,838 - INFO - Target network updated at step 1400
2025-04-08 10:59:47,473 - INFO - Episode 14/20, Reward: [21.0, 44.3, 20.200000000000003, 43.99999999999999], Steps: 119, Avg Loss: 14.4829
2025-04-08 10:59:47,684 - INFO - Target network updated at step 1500
2025-04-08 10:59:48,490 - INFO - Target network updated at step 1600
2025-04-08 10:59:48,643 - INFO - Episode 15/20, Reward: [24.4, 15.100000000000005, 42.699999999999996, 48.699999999999996], Steps: 148, Avg Loss: 17.7471
2025-04-08 10:59:49,279 - INFO - Target network updated at step 1700
2025-04-08 10:59:49,824 - INFO - Episode 16/20, Reward: [47.69999999999999, 30.700000000000003, 52.599999999999994, 39.69999999999999], Steps: 150, Avg Loss: 21.6729
2025-04-08 10:59:50,074 - INFO - Target network updated at step 1800
2025-04-08 10:59:50,837 - INFO - Target network updated at step 1900
2025-04-08 10:59:50,979 - INFO - Episode 17/20, Reward: [31.7, 26.599999999999998, 29.599999999999994, 51.699999999999996], Steps: 149, Avg Loss: 23.0877
2025-04-08 10:59:51,623 - INFO - Target network updated at step 2000
2025-04-08 10:59:52,028 - INFO - Episode 18/20, Reward: [32.89999999999999, 32.9, 38.0, 55.79999999999998], Steps: 137, Avg Loss: 19.7626
2025-04-08 10:59:52,430 - INFO - Target network updated at step 2100
2025-04-08 10:59:52,950 - INFO - Episode 19/20, Reward: [26.299999999999997, 3.6000000000000014, 51.99999999999999, 13.000000000000002], Steps: 116, Avg Loss: 17.9306
2025-04-08 10:59:53,211 - INFO - Target network updated at step 2200
2025-04-08 10:59:53,888 - INFO - Episode 20/20, Reward: [45.199999999999996, 19.9, 26.2, 53.5], Steps: 118, Avg Loss: 18.3611
2025-04-08 10:59:53,930 - INFO - Final model saved at ../splendor/models/dqn_model_final.pth
2025-04-08 10:59:53,930 - INFO - Starting evaluation of trained DQN model
2025-04-08 10:59:53,934 - INFO - Player 0 chose action 28
2025-04-08 10:59:53,936 - INFO - Player 1 chose action 28
2025-04-08 10:59:53,938 - INFO - Player 2 chose action 25
2025-04-08 10:59:53,941 - INFO - Player 3 chose action 25
2025-04-08 10:59:53,943 - INFO - Player 0 chose action 25
2025-04-08 10:59:53,946 - INFO - Player 1 chose action 28
2025-04-08 10:59:53,949 - INFO - Player 2 chose action 22
2025-04-08 10:59:53,951 - INFO - Player 3 chose action 22
2025-04-08 10:59:53,954 - INFO - Player 0 chose action 22
2025-04-08 10:59:53,956 - INFO - Player 1 chose action 32
2025-04-08 10:59:53,959 - INFO - Player 2 chose action 28
2025-04-08 10:59:53,963 - INFO - Player 3 chose action 28
2025-04-08 10:59:53,965 - INFO - Player 0 chose action 32
2025-04-08 10:59:53,969 - INFO - Player 1 chose action 22
2025-04-08 10:59:53,971 - INFO - Player 2 chose action 22
2025-04-08 10:59:53,974 - INFO - Player 3 chose action 22
2025-04-08 10:59:53,977 - INFO - Player 0 chose action 22
2025-04-08 10:59:53,980 - INFO - Player 1 chose action 22
2025-04-08 10:59:53,983 - INFO - Player 2 chose action 32
2025-04-08 10:59:53,986 - INFO - Player 3 chose action 31
2025-04-08 10:59:53,989 - INFO - Player 0 chose action 28
2025-04-08 10:59:53,993 - INFO - Player 1 chose action 28
2025-04-08 10:59:53,995 - INFO - Player 2 chose action 0
2025-04-08 10:59:53,998 - INFO - Player 3 chose action 32
2025-04-08 10:59:54,001 - INFO - Player 0 chose action 28
2025-04-08 10:59:54,004 - INFO - Player 1 chose action 0
2025-04-08 10:59:54,006 - INFO - Player 2 chose action 0
2025-04-08 10:59:54,009 - INFO - Player 3 chose action 2
2025-04-08 10:59:54,012 - INFO - Player 0 chose action 31
2025-04-08 10:59:54,015 - INFO - Player 1 chose action 32
2025-04-08 10:59:54,019 - INFO - Player 2 chose action 1
2025-04-08 10:59:54,022 - INFO - Player 3 chose action 12
2025-04-08 10:59:54,025 - INFO - Player 0 chose action 12
2025-04-08 10:59:54,027 - INFO - Player 1 chose action 12
2025-04-08 10:59:54,030 - INFO - Player 2 chose action 45
2025-04-08 10:59:54,033 - INFO - Player 3 chose action 49
2025-04-08 10:59:54,037 - INFO - Player 0 chose action 45
2025-04-08 10:59:54,041 - INFO - Player 1 chose action 49
2025-04-08 10:59:54,044 - INFO - Player 2 chose action 35
2025-04-08 10:59:54,047 - INFO - Player 3 chose action 32
2025-04-08 10:59:54,050 - INFO - Player 0 chose action 32
2025-04-08 10:59:54,054 - INFO - Player 1 chose action 32
2025-04-08 10:59:54,057 - INFO - Player 2 chose action 28
2025-04-08 10:59:54,060 - INFO - Player 3 chose action 22
2025-04-08 10:59:54,063 - INFO - Player 0 chose action 22
2025-04-08 10:59:54,066 - INFO - Player 1 chose action 32
2025-04-08 10:59:54,069 - INFO - Player 2 chose action 0
2025-04-08 10:59:54,072 - INFO - Player 3 chose action 32
2025-04-08 10:59:54,076 - INFO - Player 0 chose action 32
2025-04-08 10:59:54,079 - INFO - Player 1 chose action 22
2025-04-08 10:59:54,082 - INFO - Player 2 chose action 0
2025-04-08 10:59:54,085 - INFO - Player 3 chose action 18
2025-04-08 10:59:54,088 - INFO - Player 0 chose action 32
2025-04-08 10:59:54,092 - INFO - Player 1 chose action 18
2025-04-08 10:59:54,095 - INFO - Player 2 chose action 32
2025-04-08 10:59:54,098 - INFO - Player 3 chose action 32
2025-04-08 10:59:54,102 - INFO - Player 0 chose action 32
2025-04-08 10:59:54,105 - INFO - Player 1 chose action 32
2025-04-08 10:59:54,109 - INFO - Player 2 chose action 31
2025-04-08 10:59:54,112 - INFO - Player 3 chose action 32
2025-04-08 10:59:54,116 - INFO - Player 0 chose action 22
2025-04-08 10:59:54,119 - INFO - Player 1 chose action 22
2025-04-08 10:59:54,122 - INFO - Player 2 chose action 22
2025-04-08 10:59:54,125 - INFO - Player 3 chose action 32
2025-04-08 10:59:54,128 - INFO - Player 0 chose action 31
2025-04-08 10:59:54,132 - INFO - Player 1 chose action 32
2025-04-08 10:59:54,135 - INFO - Player 2 chose action 32
2025-04-08 10:59:54,138 - INFO - Player 3 chose action 32
2025-04-08 10:59:54,142 - INFO - Player 0 chose action 16
2025-04-08 10:59:54,146 - INFO - Player 1 chose action 32
2025-04-08 10:59:54,150 - INFO - Player 2 chose action 22
2025-04-08 10:59:54,153 - INFO - Player 3 chose action 22
2025-04-08 10:59:54,157 - INFO - Player 0 chose action 32
2025-04-08 10:59:54,161 - INFO - Player 1 chose action 22
2025-04-08 10:59:54,165 - INFO - Player 2 chose action 32
2025-04-08 10:59:54,168 - INFO - Player 3 chose action 22
2025-04-08 10:59:54,172 - INFO - Player 0 chose action 34
2025-04-08 10:59:54,175 - INFO - Player 1 chose action 35
2025-04-08 10:59:54,179 - INFO - Player 2 chose action 31
2025-04-08 10:59:54,182 - INFO - Player 3 chose action 32
2025-04-08 10:59:54,185 - INFO - Player 0 chose action 32
2025-04-08 10:59:54,188 - INFO - Player 1 chose action 42
2025-04-08 10:59:54,192 - INFO - Player 2 chose action 15
2025-04-08 10:59:54,195 - INFO - Player 3 chose action 30
2025-04-08 10:59:54,198 - INFO - Player 0 chose action 28
2025-04-08 10:59:54,200 - INFO - Player 1 chose action 35
2025-04-08 10:59:54,203 - INFO - Player 2 chose action 48
2025-04-08 10:59:54,207 - INFO - Player 3 chose action 48
2025-04-08 10:59:54,209 - INFO - Player 0 chose action 49
2025-04-08 10:59:54,212 - INFO - Player 1 chose action 48
2025-04-08 10:59:54,215 - INFO - Player 2 chose action 48
2025-04-08 10:59:54,218 - INFO - Player 3 chose action 49
2025-04-08 10:59:54,221 - INFO - Player 0 chose action 37
2025-04-08 10:59:54,225 - INFO - Player 1 chose action 34
2025-04-08 10:59:54,228 - INFO - Player 2 chose action 34
2025-04-08 10:59:54,231 - INFO - Player 3 chose action 37
2025-04-08 10:59:54,235 - INFO - Player 0 chose action 37
2025-04-08 10:59:54,238 - INFO - Player 1 chose action 2
2025-04-08 10:59:54,241 - INFO - Player 2 chose action 35
2025-04-08 10:59:54,244 - INFO - Player 3 chose action 2
2025-04-08 10:59:54,247 - INFO - Player 0 chose action 49
2025-04-08 10:59:54,250 - INFO - Player 1 chose action 2
2025-04-08 10:59:54,253 - INFO - Player 2 chose action 15
2025-04-08 10:59:54,255 - INFO - Player 3 chose action 15
2025-04-08 10:59:54,258 - INFO - Player 0 chose action 2
2025-04-08 10:59:54,261 - INFO - Player 1 chose action 7
2025-04-08 10:59:54,263 - INFO - Player 2 chose action 54
2025-04-08 10:59:54,266 - INFO - Player 3 chose action 5
2025-04-08 10:59:54,269 - INFO - Player 0 chose action 6
2025-04-08 10:59:54,271 - INFO - Player 1 chose action 37
2025-04-08 10:59:54,274 - INFO - Player 2 chose action 48
2025-04-08 10:59:54,277 - INFO - Player 3 chose action 56
2025-04-08 10:59:54,281 - INFO - Player 0 chose action 54
2025-04-08 10:59:54,284 - INFO - Player 1 chose action 9
2025-04-08 10:59:54,287 - INFO - Player 2 chose action 34
2025-04-08 10:59:54,290 - INFO - Player 3 chose action 48
2025-04-08 10:59:54,293 - INFO - Player 0 chose action 10
2025-04-08 10:59:54,296 - INFO - Player 1 chose action 54
2025-04-08 10:59:54,299 - INFO - Player 2 chose action 28
2025-04-08 10:59:54,302 - INFO - Player 3 chose action 2
2025-04-08 10:59:54,305 - INFO - Player 0 chose action 34
2025-04-08 10:59:54,308 - INFO - Player 1 chose action 2
2025-04-08 10:59:54,311 - INFO - Player 2 chose action 2
2025-04-08 10:59:54,313 - INFO - Player 3 chose action 34
2025-04-08 10:59:54,316 - INFO - Player 0 chose action 35
2025-04-08 10:59:54,319 - INFO - Player 1 chose action 2
2025-04-08 10:59:54,321 - INFO - Player 2 chose action 37
2025-04-08 10:59:54,325 - INFO - Player 3 chose action 2
2025-04-08 10:59:54,328 - INFO - Player 0 chose action 37
2025-04-08 10:59:54,331 - INFO - Player 1 chose action 2
2025-04-08 10:59:54,334 - INFO - Player 2 chose action 35
2025-04-08 10:59:54,337 - INFO - Player 3 chose action 2
2025-04-08 10:59:54,339 - INFO - Player 0 chose action 35
2025-04-08 10:59:54,341 - INFO - Eval Episode 1/5, Rewards: [76.3, 27.89999999999999, 37.0, 17.0], Steps: 134
2025-04-08 10:59:54,344 - INFO - Player 0 chose action 26
2025-04-08 10:59:54,347 - INFO - Player 1 chose action 26
2025-04-08 10:59:54,350 - INFO - Player 2 chose action 26
2025-04-08 10:59:54,353 - INFO - Player 3 chose action 12
2025-04-08 10:59:54,355 - INFO - Player 0 chose action 12
2025-04-08 10:59:54,358 - INFO - Player 1 chose action 12
2025-04-08 10:59:54,360 - INFO - Player 2 chose action 12
2025-04-08 10:59:54,363 - INFO - Player 3 chose action 12
2025-04-08 10:59:54,366 - INFO - Player 0 chose action 30
2025-04-08 10:59:54,369 - INFO - Player 1 chose action 14
2025-04-08 10:59:54,372 - INFO - Player 2 chose action 14
2025-04-08 10:59:54,374 - INFO - Player 3 chose action 15
2025-04-08 10:59:54,376 - INFO - Player 0 chose action 2
2025-04-08 10:59:54,379 - INFO - Player 1 chose action 2
2025-04-08 10:59:54,382 - INFO - Player 2 chose action 11
2025-04-08 10:59:54,385 - INFO - Player 3 chose action 11
2025-04-08 10:59:54,387 - INFO - Player 0 chose action 49
2025-04-08 10:59:54,390 - INFO - Player 1 chose action 0
2025-04-08 10:59:54,393 - INFO - Player 2 chose action 0
2025-04-08 10:59:54,396 - INFO - Player 3 chose action 32
2025-04-08 10:59:54,400 - INFO - Player 0 chose action 14
2025-04-08 10:59:54,402 - INFO - Player 1 chose action 14
2025-04-08 10:59:54,405 - INFO - Player 2 chose action 1
2025-04-08 10:59:54,408 - INFO - Player 3 chose action 11
2025-04-08 10:59:54,411 - INFO - Player 0 chose action 49
2025-04-08 10:59:54,414 - INFO - Player 1 chose action 34
2025-04-08 10:59:54,417 - INFO - Player 2 chose action 30
2025-04-08 10:59:54,420 - INFO - Player 3 chose action 11
2025-04-08 10:59:54,423 - INFO - Player 0 chose action 30
2025-04-08 10:59:54,426 - INFO - Player 1 chose action 17
2025-04-08 10:59:54,429 - INFO - Player 2 chose action 30
2025-04-08 10:59:54,433 - INFO - Player 3 chose action 2
2025-04-08 10:59:54,436 - INFO - Player 0 chose action 17
2025-04-08 10:59:54,440 - INFO - Player 1 chose action 17
2025-04-08 10:59:54,442 - INFO - Player 2 chose action 26
2025-04-08 10:59:54,445 - INFO - Player 3 chose action 31
2025-04-08 10:59:54,449 - INFO - Player 0 chose action 32
2025-04-08 10:59:54,451 - INFO - Player 1 chose action 2
2025-04-08 10:59:54,455 - INFO - Player 2 chose action 17
2025-04-08 10:59:54,458 - INFO - Player 3 chose action 11
2025-04-08 10:59:54,461 - INFO - Player 0 chose action 49
2025-04-08 10:59:54,464 - INFO - Player 1 chose action 49
2025-04-08 10:59:54,468 - INFO - Player 2 chose action 14
2025-04-08 10:59:54,471 - INFO - Player 3 chose action 49
2025-04-08 10:59:54,475 - INFO - Player 0 chose action 31
2025-04-08 10:59:54,479 - INFO - Player 1 chose action 37
2025-04-08 10:59:54,482 - INFO - Player 2 chose action 2
2025-04-08 10:59:54,485 - INFO - Player 3 chose action 30
2025-04-08 10:59:54,489 - INFO - Player 0 chose action 30
2025-04-08 10:59:54,493 - INFO - Player 1 chose action 11
2025-04-08 10:59:54,496 - INFO - Player 2 chose action 30
2025-04-08 10:59:54,499 - INFO - Player 3 chose action 30
2025-04-08 10:59:54,502 - INFO - Player 0 chose action 30
2025-04-08 10:59:54,506 - INFO - Player 1 chose action 30
2025-04-08 10:59:54,509 - INFO - Player 2 chose action 2
2025-04-08 10:59:54,512 - INFO - Player 3 chose action 31
2025-04-08 10:59:54,516 - INFO - Player 0 chose action 31
2025-04-08 10:59:54,519 - INFO - Player 1 chose action 2
2025-04-08 10:59:54,522 - INFO - Player 2 chose action 2
2025-04-08 10:59:54,525 - INFO - Player 3 chose action 2
2025-04-08 10:59:54,528 - INFO - Player 0 chose action 11
2025-04-08 10:59:54,531 - INFO - Player 1 chose action 11
2025-04-08 10:59:54,533 - INFO - Player 2 chose action 1
2025-04-08 10:59:54,536 - INFO - Player 3 chose action 1
2025-04-08 10:59:54,539 - INFO - Player 0 chose action 7
2025-04-08 10:59:54,541 - INFO - Player 1 chose action 49
2025-04-08 10:59:54,545 - INFO - Player 2 chose action 49
2025-04-08 10:59:54,548 - INFO - Player 3 chose action 49
2025-04-08 10:59:54,551 - INFO - Player 0 chose action 31
2025-04-08 10:59:54,554 - INFO - Player 1 chose action 30
2025-04-08 10:59:54,557 - INFO - Player 2 chose action 37
2025-04-08 10:59:54,561 - INFO - Player 3 chose action 2
2025-04-08 10:59:54,563 - INFO - Player 0 chose action 31
2025-04-08 10:59:54,567 - INFO - Player 1 chose action 0
2025-04-08 10:59:54,570 - INFO - Player 2 chose action 32
2025-04-08 10:59:54,573 - INFO - Player 3 chose action 31
2025-04-08 10:59:54,576 - INFO - Player 0 chose action 2
2025-04-08 10:59:54,580 - INFO - Player 1 chose action 32
2025-04-08 10:59:54,583 - INFO - Player 2 chose action 2
2025-04-08 10:59:54,586 - INFO - Player 3 chose action 32
2025-04-08 10:59:54,589 - INFO - Player 0 chose action 2
2025-04-08 10:59:54,592 - INFO - Player 1 chose action 2
2025-04-08 10:59:54,595 - INFO - Player 2 chose action 49
2025-04-08 10:59:54,598 - INFO - Player 3 chose action 1
2025-04-08 10:59:54,601 - INFO - Player 0 chose action 32
2025-04-08 10:59:54,604 - INFO - Player 1 chose action 32
2025-04-08 10:59:54,608 - INFO - Player 2 chose action 30
2025-04-08 10:59:54,611 - INFO - Player 3 chose action 49
2025-04-08 10:59:54,615 - INFO - Player 0 chose action 7
2025-04-08 10:59:54,617 - INFO - Player 1 chose action 49
2025-04-08 10:59:54,620 - INFO - Player 2 chose action 7
2025-04-08 10:59:54,623 - INFO - Player 3 chose action 7
2025-04-08 10:59:54,626 - INFO - Player 0 chose action 37
2025-04-08 10:59:54,629 - INFO - Player 1 chose action 7
2025-04-08 10:59:54,632 - INFO - Player 2 chose action 49
2025-04-08 10:59:54,635 - INFO - Player 3 chose action 30
2025-04-08 10:59:54,638 - INFO - Player 0 chose action 7
2025-04-08 10:59:54,642 - INFO - Player 1 chose action 34
2025-04-08 10:59:54,644 - INFO - Player 2 chose action 37
2025-04-08 10:59:54,647 - INFO - Player 3 chose action 11
2025-04-08 10:59:54,650 - INFO - Player 0 chose action 37
2025-04-08 10:59:54,653 - INFO - Player 1 chose action 7
2025-04-08 10:59:54,656 - INFO - Player 2 chose action 7
2025-04-08 10:59:54,659 - INFO - Player 3 chose action 7
2025-04-08 10:59:54,661 - INFO - Player 0 chose action 37
2025-04-08 10:59:54,665 - INFO - Player 1 chose action 7
2025-04-08 10:59:54,667 - INFO - Player 2 chose action 7
2025-04-08 10:59:54,671 - INFO - Player 3 chose action 37
2025-04-08 10:59:54,674 - INFO - Player 0 chose action 37
2025-04-08 10:59:54,677 - INFO - Player 1 chose action 34
2025-04-08 10:59:54,680 - INFO - Player 2 chose action 7
2025-04-08 10:59:54,683 - INFO - Player 3 chose action 36
2025-04-08 10:59:54,687 - INFO - Player 0 chose action 35
2025-04-08 10:59:54,690 - INFO - Player 1 chose action 2
2025-04-08 10:59:54,693 - INFO - Player 2 chose action 54
2025-04-08 10:59:54,696 - INFO - Player 3 chose action 2
2025-04-08 10:59:54,699 - INFO - Player 0 chose action 35
2025-04-08 10:59:54,702 - INFO - Player 1 chose action 37
2025-04-08 10:59:54,706 - INFO - Player 2 chose action 7
2025-04-08 10:59:54,708 - INFO - Player 3 chose action 7
2025-04-08 10:59:54,711 - INFO - Player 0 chose action 7
2025-04-08 10:59:54,714 - INFO - Player 1 chose action 2
2025-04-08 10:59:54,716 - INFO - Player 2 chose action 48
2025-04-08 10:59:54,719 - INFO - Player 3 chose action 11
2025-04-08 10:59:54,722 - INFO - Player 0 chose action 11
2025-04-08 10:59:54,725 - INFO - Player 1 chose action 11
2025-04-08 10:59:54,727 - INFO - Player 2 chose action 37
2025-04-08 10:59:54,730 - INFO - Player 3 chose action 37
2025-04-08 10:59:54,733 - INFO - Player 0 chose action 37
2025-04-08 10:59:54,736 - INFO - Player 1 chose action 2
2025-04-08 10:59:54,740 - INFO - Player 2 chose action 37
2025-04-08 10:59:54,743 - INFO - Player 3 chose action 11
2025-04-08 10:59:54,746 - INFO - Player 0 chose action 37
2025-04-08 10:59:54,748 - INFO - Eval Episode 2/5, Rewards: [66.4, 14.600000000000005, 28.7, 28.799999999999997], Steps: 134
2025-04-08 10:59:54,752 - INFO - Player 0 chose action 22
2025-04-08 10:59:54,754 - INFO - Player 1 chose action 22
2025-04-08 10:59:54,757 - INFO - Player 2 chose action 22
2025-04-08 10:59:54,760 - INFO - Player 3 chose action 22
2025-04-08 10:59:54,762 - INFO - Player 0 chose action 22
2025-04-08 10:59:54,764 - INFO - Player 1 chose action 22
2025-04-08 10:59:54,767 - INFO - Player 2 chose action 22
2025-04-08 10:59:54,770 - INFO - Player 3 chose action 0
2025-04-08 10:59:54,772 - INFO - Player 0 chose action 0
2025-04-08 10:59:54,775 - INFO - Player 1 chose action 0
2025-04-08 10:59:54,777 - INFO - Player 2 chose action 0
2025-04-08 10:59:54,780 - INFO - Player 3 chose action 42
2025-04-08 10:59:54,783 - INFO - Player 0 chose action 42
2025-04-08 10:59:54,786 - INFO - Player 1 chose action 42
2025-04-08 10:59:54,789 - INFO - Player 2 chose action 42
2025-04-08 10:59:54,791 - INFO - Player 3 chose action 42
2025-04-08 10:59:54,795 - INFO - Player 0 chose action 30
2025-04-08 10:59:54,798 - INFO - Player 1 chose action 54
2025-04-08 10:59:54,801 - INFO - Player 2 chose action 30
2025-04-08 10:59:54,805 - INFO - Player 3 chose action 33
2025-04-08 10:59:54,808 - INFO - Player 0 chose action 22
2025-04-08 10:59:54,811 - INFO - Player 1 chose action 22
2025-04-08 10:59:54,814 - INFO - Player 2 chose action 18
2025-04-08 10:59:54,817 - INFO - Player 3 chose action 18
2025-04-08 10:59:54,820 - INFO - Player 0 chose action 0
2025-04-08 10:59:54,823 - INFO - Player 1 chose action 0
2025-04-08 10:59:54,825 - INFO - Player 2 chose action 0
2025-04-08 10:59:54,829 - INFO - Player 3 chose action 42
2025-04-08 10:59:54,832 - INFO - Player 0 chose action 42
2025-04-08 10:59:54,835 - INFO - Player 1 chose action 42
2025-04-08 10:59:54,839 - INFO - Player 2 chose action 42
2025-04-08 10:59:54,842 - INFO - Player 3 chose action 54
2025-04-08 10:59:54,845 - INFO - Player 0 chose action 54
2025-04-08 10:59:54,848 - INFO - Player 1 chose action 54
2025-04-08 10:59:54,852 - INFO - Player 2 chose action 54
2025-04-08 10:59:54,855 - INFO - Player 3 chose action 22
2025-04-08 10:59:54,858 - INFO - Player 0 chose action 22
2025-04-08 10:59:54,861 - INFO - Player 1 chose action 36
2025-04-08 10:59:54,864 - INFO - Player 2 chose action 42
2025-04-08 10:59:54,867 - INFO - Player 3 chose action 18
2025-04-08 10:59:54,870 - INFO - Player 0 chose action 2
2025-04-08 10:59:54,873 - INFO - Player 1 chose action 2
2025-04-08 10:59:54,876 - INFO - Player 2 chose action 30
2025-04-08 10:59:54,880 - INFO - Player 3 chose action 31
2025-04-08 10:59:54,883 - INFO - Player 0 chose action 30
2025-04-08 10:59:54,887 - INFO - Player 1 chose action 30
2025-04-08 10:59:54,890 - INFO - Player 2 chose action 22
2025-04-08 10:59:54,893 - INFO - Player 3 chose action 30
2025-04-08 10:59:54,896 - INFO - Player 0 chose action 33
2025-04-08 10:59:54,899 - INFO - Player 1 chose action 22
2025-04-08 10:59:54,902 - INFO - Player 2 chose action 30
2025-04-08 10:59:54,906 - INFO - Player 3 chose action 30
2025-04-08 10:59:54,909 - INFO - Player 0 chose action 42
2025-04-08 10:59:54,913 - INFO - Player 1 chose action 30
2025-04-08 10:59:54,916 - INFO - Player 2 chose action 22
2025-04-08 10:59:54,921 - INFO - Player 3 chose action 15
2025-04-08 10:59:54,924 - INFO - Player 0 chose action 54
2025-04-08 10:59:54,928 - INFO - Player 1 chose action 22
2025-04-08 10:59:54,930 - INFO - Player 2 chose action 30
2025-04-08 10:59:54,934 - INFO - Player 3 chose action 54
2025-04-08 10:59:54,937 - INFO - Player 0 chose action 22
2025-04-08 10:59:54,940 - INFO - Player 1 chose action 16
2025-04-08 10:59:54,943 - INFO - Player 2 chose action 54
2025-04-08 10:59:54,945 - INFO - Player 3 chose action 42
2025-04-08 10:59:54,949 - INFO - Player 0 chose action 36
2025-04-08 10:59:54,952 - INFO - Player 1 chose action 33
2025-04-08 10:59:54,955 - INFO - Player 2 chose action 30
2025-04-08 10:59:54,958 - INFO - Player 3 chose action 30
2025-04-08 10:59:54,961 - INFO - Player 0 chose action 42
2025-04-08 10:59:54,964 - INFO - Player 1 chose action 42
2025-04-08 10:59:54,967 - INFO - Player 2 chose action 15
2025-04-08 10:59:54,970 - INFO - Player 3 chose action 15
2025-04-08 10:59:54,973 - INFO - Player 0 chose action 15
2025-04-08 10:59:54,976 - INFO - Player 1 chose action 15
2025-04-08 10:59:54,978 - INFO - Player 2 chose action 15
2025-04-08 10:59:54,981 - INFO - Player 3 chose action 48
2025-04-08 10:59:54,984 - INFO - Player 0 chose action 34
2025-04-08 10:59:54,987 - INFO - Player 1 chose action 48
2025-04-08 10:59:54,990 - INFO - Player 2 chose action 35
2025-04-08 10:59:54,993 - INFO - Player 3 chose action 15
2025-04-08 10:59:54,996 - INFO - Player 0 chose action 15
2025-04-08 10:59:54,998 - INFO - Player 1 chose action 35
2025-04-08 10:59:55,001 - INFO - Player 2 chose action 2
2025-04-08 10:59:55,004 - INFO - Player 3 chose action 54
2025-04-08 10:59:55,006 - INFO - Player 0 chose action 28
2025-04-08 10:59:55,009 - INFO - Player 1 chose action 7
2025-04-08 10:59:55,012 - INFO - Player 2 chose action 34
2025-04-08 10:59:55,015 - INFO - Player 3 chose action 34
2025-04-08 10:59:55,018 - INFO - Player 0 chose action 7
2025-04-08 10:59:55,021 - INFO - Player 1 chose action 7
2025-04-08 10:59:55,024 - INFO - Player 2 chose action 7
2025-04-08 10:59:55,027 - INFO - Player 3 chose action 7
2025-04-08 10:59:55,030 - INFO - Player 0 chose action 48
2025-04-08 10:59:55,033 - INFO - Player 1 chose action 35
2025-04-08 10:59:55,036 - INFO - Player 2 chose action 48
2025-04-08 10:59:55,039 - INFO - Player 3 chose action 48
2025-04-08 10:59:55,042 - INFO - Player 0 chose action 34
2025-04-08 10:59:55,045 - INFO - Player 1 chose action 7
2025-04-08 10:59:55,048 - INFO - Player 2 chose action 48
2025-04-08 10:59:55,051 - INFO - Player 3 chose action 34
2025-04-08 10:59:55,054 - INFO - Player 0 chose action 34
2025-04-08 10:59:55,057 - INFO - Player 1 chose action 48
2025-04-08 10:59:55,061 - INFO - Player 2 chose action 34
2025-04-08 10:59:55,064 - INFO - Player 3 chose action 34
2025-04-08 10:59:55,067 - INFO - Player 0 chose action 35
2025-04-08 10:59:55,070 - INFO - Player 1 chose action 54
2025-04-08 10:59:55,074 - INFO - Player 2 chose action 15
2025-04-08 10:59:55,076 - INFO - Player 3 chose action 36
2025-04-08 10:59:55,080 - INFO - Player 0 chose action 54
2025-04-08 10:59:55,083 - INFO - Player 1 chose action 54
2025-04-08 10:59:55,086 - INFO - Player 2 chose action 28
2025-04-08 10:59:55,089 - INFO - Player 3 chose action 28
2025-04-08 10:59:55,091 - INFO - Player 0 chose action 48
2025-04-08 10:59:55,095 - INFO - Player 1 chose action 48
2025-04-08 10:59:55,098 - INFO - Player 2 chose action 54
2025-04-08 10:59:55,101 - INFO - Player 3 chose action 28
2025-04-08 10:59:55,103 - INFO - Player 0 chose action 28
2025-04-08 10:59:55,106 - INFO - Player 1 chose action 50
2025-04-08 10:59:55,109 - INFO - Player 2 chose action 54
2025-04-08 10:59:55,112 - INFO - Player 3 chose action 54
2025-04-08 10:59:55,115 - INFO - Player 0 chose action 54
2025-04-08 10:59:55,117 - INFO - Player 1 chose action 28
2025-04-08 10:59:55,120 - INFO - Player 2 chose action 28
2025-04-08 10:59:55,123 - INFO - Player 3 chose action 50
2025-04-08 10:59:55,125 - INFO - Player 0 chose action 53
2025-04-08 10:59:55,129 - INFO - Player 1 chose action 1
2025-04-08 10:59:55,131 - INFO - Player 2 chose action 50
2025-04-08 10:59:55,134 - INFO - Player 3 chose action 0
2025-04-08 10:59:55,137 - INFO - Player 0 chose action 54
2025-04-08 10:59:55,140 - INFO - Player 1 chose action 54
2025-04-08 10:59:55,143 - INFO - Player 2 chose action 54
2025-04-08 10:59:55,145 - INFO - Player 3 chose action 2
2025-04-08 10:59:55,148 - INFO - Player 0 chose action 50
2025-04-08 10:59:55,151 - INFO - Player 1 chose action 11
2025-04-08 10:59:55,153 - INFO - Player 2 chose action 2
2025-04-08 10:59:55,156 - INFO - Player 3 chose action 0
2025-04-08 10:59:55,159 - INFO - Player 0 chose action 2
2025-04-08 10:59:55,161 - INFO - Player 1 chose action 2
2025-04-08 10:59:55,163 - INFO - Player 2 chose action 50
2025-04-08 10:59:55,166 - INFO - Player 3 chose action 55
2025-04-08 10:59:55,169 - INFO - Player 0 chose action 29
2025-04-08 10:59:55,172 - INFO - Player 1 chose action 53
2025-04-08 10:59:55,175 - INFO - Player 2 chose action 53
2025-04-08 10:59:55,178 - INFO - Player 3 chose action 53
2025-04-08 10:59:55,180 - INFO - Player 0 chose action 29
2025-04-08 10:59:55,183 - INFO - Player 1 chose action 87
2025-04-08 10:59:55,186 - INFO - Player 2 chose action 38
2025-04-08 10:59:55,190 - INFO - Player 3 chose action 28
2025-04-08 10:59:55,192 - INFO - Player 0 chose action 55
2025-04-08 10:59:55,195 - INFO - Player 1 chose action 87
2025-04-08 10:59:55,197 - INFO - Player 2 chose action 0
2025-04-08 10:59:55,200 - INFO - Player 3 chose action 54
2025-04-08 10:59:55,202 - INFO - Eval Episode 3/5, Rewards: [36.599999999999994, 30.29999999999999, 59.59999999999999, 45.69999999999999], Steps: 153
2025-04-08 10:59:55,205 - INFO - Player 0 chose action 22
2025-04-08 10:59:55,208 - INFO - Player 1 chose action 22
2025-04-08 10:59:55,210 - INFO - Player 2 chose action 22
2025-04-08 10:59:55,213 - INFO - Player 3 chose action 22
2025-04-08 10:59:55,216 - INFO - Player 0 chose action 22
2025-04-08 10:59:55,219 - INFO - Player 1 chose action 22
2025-04-08 10:59:55,222 - INFO - Player 2 chose action 22
2025-04-08 10:59:55,225 - INFO - Player 3 chose action 28
2025-04-08 10:59:55,227 - INFO - Player 0 chose action 28
2025-04-08 10:59:55,229 - INFO - Player 1 chose action 28
2025-04-08 10:59:55,232 - INFO - Player 2 chose action 0
2025-04-08 10:59:55,235 - INFO - Player 3 chose action 25
2025-04-08 10:59:55,238 - INFO - Player 0 chose action 25
2025-04-08 10:59:55,240 - INFO - Player 1 chose action 25
2025-04-08 10:59:55,242 - INFO - Player 2 chose action 42
2025-04-08 10:59:55,246 - INFO - Player 3 chose action 48
2025-04-08 10:59:55,249 - INFO - Player 0 chose action 42
2025-04-08 10:59:55,252 - INFO - Player 1 chose action 42
2025-04-08 10:59:55,255 - INFO - Player 2 chose action 42
2025-04-08 10:59:55,258 - INFO - Player 3 chose action 33
2025-04-08 10:59:55,262 - INFO - Player 0 chose action 32
2025-04-08 10:59:55,266 - INFO - Player 1 chose action 37
2025-04-08 10:59:55,269 - INFO - Player 2 chose action 0
2025-04-08 10:59:55,272 - INFO - Player 3 chose action 28
2025-04-08 10:59:55,276 - INFO - Player 0 chose action 32
2025-04-08 10:59:55,279 - INFO - Player 1 chose action 22
2025-04-08 10:59:55,283 - INFO - Player 2 chose action 34
2025-04-08 10:59:55,286 - INFO - Player 3 chose action 32
2025-04-08 10:59:55,290 - INFO - Player 0 chose action 22
2025-04-08 10:59:55,293 - INFO - Player 1 chose action 22
2025-04-08 10:59:55,296 - INFO - Player 2 chose action 28
2025-04-08 10:59:55,299 - INFO - Player 3 chose action 28
2025-04-08 10:59:55,303 - INFO - Player 0 chose action 28
2025-04-08 10:59:55,306 - INFO - Player 1 chose action 30
2025-04-08 10:59:55,309 - INFO - Player 2 chose action 0
2025-04-08 10:59:55,312 - INFO - Player 3 chose action 0
2025-04-08 10:59:55,315 - INFO - Player 0 chose action 0
2025-04-08 10:59:55,319 - INFO - Player 1 chose action 32
2025-04-08 10:59:55,322 - INFO - Player 2 chose action 22
2025-04-08 10:59:55,325 - INFO - Player 3 chose action 22
2025-04-08 10:59:55,327 - INFO - Player 0 chose action 32
2025-04-08 10:59:55,331 - INFO - Player 1 chose action 22
2025-04-08 10:59:55,334 - INFO - Player 2 chose action 32
2025-04-08 10:59:55,337 - INFO - Player 3 chose action 32
2025-04-08 10:59:55,340 - INFO - Player 0 chose action 22
2025-04-08 10:59:55,343 - INFO - Player 1 chose action 22
2025-04-08 10:59:55,346 - INFO - Player 2 chose action 22
2025-04-08 10:59:55,350 - INFO - Player 3 chose action 28
2025-04-08 10:59:55,353 - INFO - Player 0 chose action 0
2025-04-08 10:59:55,355 - INFO - Player 1 chose action 32
2025-04-08 10:59:55,359 - INFO - Player 2 chose action 2
2025-04-08 10:59:55,361 - INFO - Player 3 chose action 32
2025-04-08 10:59:55,365 - INFO - Player 0 chose action 32
2025-04-08 10:59:55,368 - INFO - Player 1 chose action 22
2025-04-08 10:59:55,371 - INFO - Player 2 chose action 32
2025-04-08 10:59:55,375 - INFO - Player 3 chose action 31
2025-04-08 10:59:55,378 - INFO - Player 0 chose action 20
2025-04-08 10:59:55,381 - INFO - Player 1 chose action 54
2025-04-08 10:59:55,385 - INFO - Player 2 chose action 17
2025-04-08 10:59:55,387 - INFO - Player 3 chose action 42
2025-04-08 10:59:55,390 - INFO - Player 0 chose action 33
2025-04-08 10:59:55,393 - INFO - Player 1 chose action 0
2025-04-08 10:59:55,396 - INFO - Player 2 chose action 35
2025-04-08 10:59:55,399 - INFO - Player 3 chose action 33
2025-04-08 10:59:55,403 - INFO - Player 0 chose action 32
2025-04-08 10:59:55,406 - INFO - Player 1 chose action 22
2025-04-08 10:59:55,409 - INFO - Player 2 chose action 22
2025-04-08 10:59:55,412 - INFO - Player 3 chose action 32
2025-04-08 10:59:55,416 - INFO - Player 0 chose action 16
2025-04-08 10:59:55,418 - INFO - Player 1 chose action 32
2025-04-08 10:59:55,422 - INFO - Player 2 chose action 32
2025-04-08 10:59:55,426 - INFO - Player 3 chose action 37
2025-04-08 10:59:55,429 - INFO - Player 0 chose action 32
2025-04-08 10:59:55,432 - INFO - Player 1 chose action 28
2025-04-08 10:59:55,435 - INFO - Player 2 chose action 0
2025-04-08 10:59:55,438 - INFO - Player 3 chose action 37
2025-04-08 10:59:55,442 - INFO - Player 0 chose action 28
2025-04-08 10:59:55,445 - INFO - Player 1 chose action 22
2025-04-08 10:59:55,449 - INFO - Player 2 chose action 22
2025-04-08 10:59:55,451 - INFO - Player 3 chose action 33
2025-04-08 10:59:55,455 - INFO - Player 0 chose action 49
2025-04-08 10:59:55,458 - INFO - Player 1 chose action 33
2025-04-08 10:59:55,462 - INFO - Player 2 chose action 2
2025-04-08 10:59:55,465 - INFO - Player 3 chose action 20
2025-04-08 10:59:55,468 - INFO - Player 0 chose action 33
2025-04-08 10:59:55,471 - INFO - Player 1 chose action 32
2025-04-08 10:59:55,475 - INFO - Player 2 chose action 42
2025-04-08 10:59:55,478 - INFO - Player 3 chose action 42
2025-04-08 10:59:55,482 - INFO - Player 0 chose action 47
2025-04-08 10:59:55,485 - INFO - Player 1 chose action 36
2025-04-08 10:59:55,489 - INFO - Player 2 chose action 34
2025-04-08 10:59:55,492 - INFO - Player 3 chose action 34
2025-04-08 10:59:55,496 - INFO - Player 0 chose action 37
2025-04-08 10:59:55,498 - INFO - Player 1 chose action 28
2025-04-08 10:59:55,500 - INFO - Player 2 chose action 15
2025-04-08 10:59:55,504 - INFO - Player 3 chose action 17
2025-04-08 10:59:55,506 - INFO - Player 0 chose action 34
2025-04-08 10:59:55,509 - INFO - Player 1 chose action 36
2025-04-08 10:59:55,512 - INFO - Player 2 chose action 27
2025-04-08 10:59:55,515 - INFO - Player 3 chose action 27
2025-04-08 10:59:55,518 - INFO - Player 0 chose action 36
2025-04-08 10:59:55,520 - INFO - Player 1 chose action 17
2025-04-08 10:59:55,523 - INFO - Player 2 chose action 37
2025-04-08 10:59:55,526 - INFO - Player 3 chose action 27
2025-04-08 10:59:55,529 - INFO - Player 0 chose action 15
2025-04-08 10:59:55,531 - INFO - Player 1 chose action 34
2025-04-08 10:59:55,534 - INFO - Player 2 chose action 15
2025-04-08 10:59:55,537 - INFO - Player 3 chose action 55
2025-04-08 10:59:55,540 - INFO - Player 0 chose action 16
2025-04-08 10:59:55,543 - INFO - Player 1 chose action 0
2025-04-08 10:59:55,546 - INFO - Player 2 chose action 1
2025-04-08 10:59:55,548 - INFO - Player 3 chose action 36
2025-04-08 10:59:55,552 - INFO - Player 0 chose action 36
2025-04-08 10:59:55,555 - INFO - Player 1 chose action 28
2025-04-08 10:59:55,557 - INFO - Player 2 chose action 37
2025-04-08 10:59:55,560 - INFO - Player 3 chose action 36
2025-04-08 10:59:55,563 - INFO - Player 0 chose action 36
2025-04-08 10:59:55,567 - INFO - Player 1 chose action 36
2025-04-08 10:59:55,570 - INFO - Player 2 chose action 11
2025-04-08 10:59:55,573 - INFO - Player 3 chose action 50
2025-04-08 10:59:55,575 - INFO - Player 0 chose action 37
2025-04-08 10:59:55,578 - INFO - Player 1 chose action 50
2025-04-08 10:59:55,582 - INFO - Player 2 chose action 11
2025-04-08 10:59:55,584 - INFO - Player 3 chose action 37
2025-04-08 10:59:55,588 - INFO - Player 0 chose action 11
2025-04-08 10:59:55,590 - INFO - Player 1 chose action 37
2025-04-08 10:59:55,593 - INFO - Player 2 chose action 2
2025-04-08 10:59:55,596 - INFO - Player 3 chose action 2
2025-04-08 10:59:55,598 - INFO - Player 0 chose action 37
2025-04-08 10:59:55,601 - INFO - Eval Episode 4/5, Rewards: [47.199999999999996, 30.099999999999994, 24.599999999999998, 49.3], Steps: 130
2025-04-08 10:59:55,604 - INFO - Player 0 chose action 22
2025-04-08 10:59:55,607 - INFO - Player 1 chose action 22
2025-04-08 10:59:55,609 - INFO - Player 2 chose action 22
2025-04-08 10:59:55,611 - INFO - Player 3 chose action 22
2025-04-08 10:59:55,615 - INFO - Player 0 chose action 22
2025-04-08 10:59:55,617 - INFO - Player 1 chose action 22
2025-04-08 10:59:55,620 - INFO - Player 2 chose action 22
2025-04-08 10:59:55,623 - INFO - Player 3 chose action 28
2025-04-08 10:59:55,625 - INFO - Player 0 chose action 28
2025-04-08 10:59:55,628 - INFO - Player 1 chose action 28
2025-04-08 10:59:55,630 - INFO - Player 2 chose action 0
2025-04-08 10:59:55,632 - INFO - Player 3 chose action 0
2025-04-08 10:59:55,635 - INFO - Player 0 chose action 0
2025-04-08 10:59:55,638 - INFO - Player 1 chose action 0
2025-04-08 10:59:55,641 - INFO - Player 2 chose action 30
2025-04-08 10:59:55,644 - INFO - Player 3 chose action 0
2025-04-08 10:59:55,646 - INFO - Player 0 chose action 0
2025-04-08 10:59:55,649 - INFO - Player 1 chose action 0
2025-04-08 10:59:55,651 - INFO - Player 2 chose action 0
2025-04-08 10:59:55,653 - INFO - Player 3 chose action 31
2025-04-08 10:59:55,656 - INFO - Player 0 chose action 32
2025-04-08 10:59:55,659 - INFO - Player 1 chose action 52
2025-04-08 10:59:55,662 - INFO - Player 2 chose action 28
2025-04-08 10:59:55,665 - INFO - Player 3 chose action 28
2025-04-08 10:59:55,668 - INFO - Player 0 chose action 16
2025-04-08 10:59:55,671 - INFO - Player 1 chose action 34
2025-04-08 10:59:55,674 - INFO - Player 2 chose action 22
2025-04-08 10:59:55,677 - INFO - Player 3 chose action 20
2025-04-08 10:59:55,679 - INFO - Player 0 chose action 42
2025-04-08 10:59:55,683 - INFO - Player 1 chose action 0
2025-04-08 10:59:55,685 - INFO - Player 2 chose action 32
2025-04-08 10:59:55,688 - INFO - Player 3 chose action 28
2025-04-08 10:59:55,692 - INFO - Player 0 chose action 32
2025-04-08 10:59:55,694 - INFO - Player 1 chose action 20
2025-04-08 10:59:55,697 - INFO - Player 2 chose action 20
2025-04-08 10:59:55,700 - INFO - Player 3 chose action 32
2025-04-08 10:59:55,702 - INFO - Player 0 chose action 22
2025-04-08 10:59:55,705 - INFO - Player 1 chose action 42
2025-04-08 10:59:55,708 - INFO - Player 2 chose action 0
2025-04-08 10:59:55,711 - INFO - Player 3 chose action 32
2025-04-08 10:59:55,714 - INFO - Player 0 chose action 32
2025-04-08 10:59:55,718 - INFO - Player 1 chose action 42
2025-04-08 10:59:55,721 - INFO - Player 2 chose action 42
2025-04-08 10:59:55,725 - INFO - Player 3 chose action 22
2025-04-08 10:59:55,727 - INFO - Player 0 chose action 32
2025-04-08 10:59:55,731 - INFO - Player 1 chose action 32
2025-04-08 10:59:55,734 - INFO - Player 2 chose action 34
2025-04-08 10:59:55,737 - INFO - Player 3 chose action 22
2025-04-08 10:59:55,740 - INFO - Player 0 chose action 20
2025-04-08 10:59:55,744 - INFO - Player 1 chose action 35
2025-04-08 10:59:55,748 - INFO - Player 2 chose action 28
2025-04-08 10:59:55,752 - INFO - Player 3 chose action 0
2025-04-08 10:59:55,755 - INFO - Player 0 chose action 34
2025-04-08 10:59:55,758 - INFO - Player 1 chose action 22
2025-04-08 10:59:55,761 - INFO - Player 2 chose action 28
2025-04-08 10:59:55,765 - INFO - Player 3 chose action 32
2025-04-08 10:59:55,768 - INFO - Player 0 chose action 22
2025-04-08 10:59:55,771 - INFO - Player 1 chose action 16
2025-04-08 10:59:55,774 - INFO - Player 2 chose action 32
2025-04-08 10:59:55,778 - INFO - Player 3 chose action 30
2025-04-08 10:59:55,782 - INFO - Player 0 chose action 16
2025-04-08 10:59:55,784 - INFO - Player 1 chose action 30
2025-04-08 10:59:55,788 - INFO - Player 2 chose action 30
2025-04-08 10:59:55,791 - INFO - Player 3 chose action 16
2025-04-08 10:59:55,795 - INFO - Player 0 chose action 32
2025-04-08 10:59:55,798 - INFO - Player 1 chose action 35
2025-04-08 10:59:55,802 - INFO - Player 2 chose action 30
2025-04-08 10:59:55,805 - INFO - Player 3 chose action 34
2025-04-08 10:59:55,808 - INFO - Player 0 chose action 32
2025-04-08 10:59:55,812 - INFO - Player 1 chose action 22
2025-04-08 10:59:55,815 - INFO - Player 2 chose action 22
2025-04-08 10:59:55,818 - INFO - Player 3 chose action 22
2025-04-08 10:59:55,820 - INFO - Player 0 chose action 32
2025-04-08 10:59:55,824 - INFO - Player 1 chose action 30
2025-04-08 10:59:55,828 - INFO - Player 2 chose action 30
2025-04-08 10:59:55,831 - INFO - Player 3 chose action 35
2025-04-08 10:59:55,834 - INFO - Player 0 chose action 34
2025-04-08 10:59:55,837 - INFO - Player 1 chose action 16
2025-04-08 10:59:55,840 - INFO - Player 2 chose action 54
2025-04-08 10:59:55,843 - INFO - Player 3 chose action 37
2025-04-08 10:59:55,846 - INFO - Player 0 chose action 30
2025-04-08 10:59:55,850 - INFO - Player 1 chose action 35
2025-04-08 10:59:55,853 - INFO - Player 2 chose action 42
2025-04-08 10:59:55,856 - INFO - Player 3 chose action 42
2025-04-08 10:59:55,859 - INFO - Player 0 chose action 15
2025-04-08 10:59:55,861 - INFO - Player 1 chose action 16
2025-04-08 10:59:55,864 - INFO - Player 2 chose action 16
2025-04-08 10:59:55,867 - INFO - Player 3 chose action 16
2025-04-08 10:59:55,869 - INFO - Player 0 chose action 34
2025-04-08 10:59:55,872 - INFO - Player 1 chose action 1
2025-04-08 10:59:55,875 - INFO - Player 2 chose action 35
2025-04-08 10:59:55,878 - INFO - Player 3 chose action 49
2025-04-08 10:59:55,881 - INFO - Player 0 chose action 49
2025-04-08 10:59:55,884 - INFO - Player 1 chose action 37
2025-04-08 10:59:55,888 - INFO - Player 2 chose action 50
2025-04-08 10:59:55,892 - INFO - Player 3 chose action 36
2025-04-08 10:59:55,895 - INFO - Player 0 chose action 36
2025-04-08 10:59:55,898 - INFO - Player 1 chose action 37
2025-04-08 10:59:55,901 - INFO - Player 2 chose action 50
2025-04-08 10:59:55,906 - INFO - Player 3 chose action 28
2025-04-08 10:59:55,909 - INFO - Player 0 chose action 36
2025-04-08 10:59:55,913 - INFO - Player 1 chose action 15
2025-04-08 10:59:55,916 - INFO - Player 2 chose action 36
2025-04-08 10:59:55,920 - INFO - Player 3 chose action 37
2025-04-08 10:59:55,923 - INFO - Player 0 chose action 15
2025-04-08 10:59:55,926 - INFO - Player 1 chose action 7
2025-04-08 10:59:55,928 - INFO - Player 2 chose action 28
2025-04-08 10:59:55,931 - INFO - Player 3 chose action 7
2025-04-08 10:59:55,934 - INFO - Player 0 chose action 37
2025-04-08 10:59:55,937 - INFO - Player 1 chose action 55
2025-04-08 10:59:55,941 - INFO - Player 2 chose action 36
2025-04-08 10:59:55,944 - INFO - Player 3 chose action 37
2025-04-08 10:59:55,947 - INFO - Player 0 chose action 49
2025-04-08 10:59:55,950 - INFO - Player 1 chose action 36
2025-04-08 10:59:55,953 - INFO - Player 2 chose action 15
2025-04-08 10:59:55,956 - INFO - Player 3 chose action 15
2025-04-08 10:59:55,959 - INFO - Player 0 chose action 34
2025-04-08 10:59:55,963 - INFO - Player 1 chose action 36
2025-04-08 10:59:55,965 - INFO - Eval Episode 5/5, Rewards: [32.5, 53.199999999999996, 21.2, 24.2], Steps: 119
2025-04-08 10:59:55,965 - INFO - Evaluation completed: Avg Rewards: [51.8, 31.21999999999999, 34.21999999999999, 32.99999999999999], Avg Steps: 134.00, Win Rate: [5, 5, 5, 5]%
