2025-04-07 01:06:54,673 - INFO - Starting DQN training for SplendorLightZeroEnv
2025-04-07 01:06:55,995 - INFO - Environment initialized with state_dim=162, action_dim=88
2025-04-07 01:06:55,995 - INFO - Training parameters: episodes=1000, batch_size=64, gamma=0.99, epsilon_start=1.0
2025-04-07 01:06:58,855 - INFO - Episode 1/1000, Reward: 112.8, Steps: 147, Epsilon: 0.660
2025-04-07 01:06:58,963 - INFO - Target network updated at step 100
2025-04-07 01:06:59,545 - INFO - Target network updated at step 200
2025-04-07 01:06:59,596 - INFO - Episode 2/1000, Reward: 96.59999999999998, Steps: 128, Epsilon: 0.349
2025-04-07 01:07:00,104 - INFO - Target network updated at step 300
2025-04-07 01:07:00,431 - INFO - Episode 3/1000, Reward: 159.99999999999994, Steps: 147, Epsilon: 0.168
2025-04-07 01:07:00,682 - INFO - Target network updated at step 400
2025-04-07 01:07:01,161 - INFO - Target network updated at step 500
2025-04-07 01:07:01,268 - INFO - Episode 4/1000, Reward: 94.99999999999994, Steps: 167, Epsilon: 0.073
2025-04-07 01:07:01,652 - INFO - Target network updated at step 600
2025-04-07 01:07:02,050 - INFO - Episode 5/1000, Reward: 90.19999999999999, Steps: 155, Epsilon: 0.034
2025-04-07 01:07:02,194 - INFO - Target network updated at step 700
2025-04-07 01:07:02,725 - INFO - Target network updated at step 800
2025-04-07 01:07:02,784 - INFO - Episode 6/1000, Reward: 74.60000000000002, Steps: 135, Epsilon: 0.017
2025-04-07 01:07:03,311 - INFO - Target network updated at step 900
2025-04-07 01:07:03,650 - INFO - Episode 7/1000, Reward: 119.6, Steps: 155, Epsilon: 0.010
2025-04-07 01:07:03,868 - INFO - Target network updated at step 1000
2025-04-07 01:07:04,413 - INFO - Target network updated at step 1100
2025-04-07 01:07:04,427 - INFO - Episode 8/1000, Reward: 74.00000000000006, Steps: 139, Epsilon: 0.010
2025-04-07 01:07:04,973 - INFO - Target network updated at step 1200
2025-04-07 01:07:05,247 - INFO - Episode 9/1000, Reward: 112.19999999999993, Steps: 141, Epsilon: 0.010
2025-04-07 01:07:05,619 - INFO - Target network updated at step 1300
2025-04-07 01:07:06,141 - INFO - Target network updated at step 1400
2025-04-07 01:07:06,169 - INFO - Episode 10/1000, Reward: 152.99999999999983, Steps: 163, Epsilon: 0.010
2025-04-07 01:07:06,684 - INFO - Target network updated at step 1500
2025-04-07 01:07:06,900 - INFO - Episode 11/1000, Reward: 76.40000000000003, Steps: 136, Epsilon: 0.010
2025-04-07 01:07:07,316 - INFO - Target network updated at step 1600
2025-04-07 01:07:07,769 - INFO - Episode 12/1000, Reward: 98.99999999999996, Steps: 145, Epsilon: 0.010
2025-04-07 01:07:07,879 - INFO - Target network updated at step 1700
2025-04-07 01:07:08,388 - INFO - Target network updated at step 1800
2025-04-07 01:07:08,657 - INFO - Episode 13/1000, Reward: 66.20000000000009, Steps: 178, Epsilon: 0.010
2025-04-07 01:07:08,853 - INFO - Target network updated at step 1900
2025-04-07 01:07:09,220 - INFO - Episode 14/1000, Reward: 93.20000000000003, Steps: 120, Epsilon: 0.010
2025-04-07 01:07:09,327 - INFO - Target network updated at step 2000
2025-04-07 01:07:09,816 - INFO - Target network updated at step 2100
2025-04-07 01:07:09,914 - INFO - Episode 15/1000, Reward: 144.19999999999993, Steps: 142, Epsilon: 0.010
